#
# There is insufficient memory for the Java Runtime Environment to continue.
# Native memory allocation (mmap) failed to map 65536 bytes for Failed to commit area from 0x000001c44c470000 to 0x000001c44c480000 of length 65536.
# Possible reasons:
#   The system is out of physical RAM or swap space
#   The process is running with CompressedOops enabled, and the Java Heap may be blocking the growth of the native heap
# Possible solutions:
#   Reduce memory load on the system
#   Increase physical memory or swap space
#   Check if swap backing store is full
#   Decrease Java heap size (-Xmx/-Xms)
#   Decrease number of Java threads
#   Decrease Java thread stack sizes (-Xss)
#   Set larger code cache with -XX:ReservedCodeCacheSize=
# This output file may be truncated or incomplete.
#
#  Out of Memory Error (./open/src/hotspot/os/windows/os_windows.cpp:3275), pid=9852, tid=13396
#
# JRE version:  (11.0.8+10) (build )
# Java VM: Java HotSpot(TM) 64-Bit Server VM (11.0.8+10-LTS, mixed mode, sharing, tiered, compressed oops, g1 gc, windows-amd64)
# No core dump will be written. Minidumps are not enabled by default on client versions of Windows
#

---------------  S U M M A R Y ------------

Command Line: -Dfile.encoding=windows-1252 -Duser.country=ES -Duser.language=es -Duser.variant org.example.Main

Host: Intel(R) Core(TM) i5-8250U CPU @ 1.60GHz, 8 cores, 11G,  Windows 10 , 64 bit Build 19041 (10.0.19041.1889)
Time: Thu Aug  3 23:23:07 2023 Hora est. Pacífico, Sudamérica elapsed time: 0 seconds (0d 0h 0m 0s)

---------------  T H R E A D  ---------------

Current thread (0x000001c4308bd000):  JavaThread "Unknown thread" [_thread_in_vm, id=13396, stack(0x0000008875f00000,0x0000008876000000)]

Stack: [0x0000008875f00000,0x0000008876000000]
Native frames: (J=compiled Java code, j=interpreted, Vv=VM code, C=native code)
V  [jvm.dll+0x601aea]
V  [jvm.dll+0x737fef]
V  [jvm.dll+0x739675]
V  [jvm.dll+0x739cf3]
V  [jvm.dll+0x242848]
V  [jvm.dll+0x5fef8a]
V  [jvm.dll+0x5f3eb5]
V  [jvm.dll+0x2f651c]
V  [jvm.dll+0x2f63a2]
V  [jvm.dll+0x2fb170]
V  [jvm.dll+0x33cec5]
V  [jvm.dll+0x33c8d0]
V  [jvm.dll+0x2d4768]
V  [jvm.dll+0x2d58c6]
V  [jvm.dll+0x713e67]
V  [jvm.dll+0x71570f]
V  [jvm.dll+0x349c19]
V  [jvm.dll+0x6f97f0]
V  [jvm.dll+0x3b2a5f]
V  [jvm.dll+0x3b4e81]
C  [jli.dll+0x5213]
C  [ucrtbase.dll+0x21bb2]
C  [KERNEL32.DLL+0x17034]
C  [ntdll.dll+0x526a1]


---------------  P R O C E S S  ---------------

Threads class SMR info:
_java_thread_list=0x000001c42e793e00, length=0, elements={
}

Java Threads: ( => current thread )

Other Threads:
  0x000001c4308cc000 GCTaskThread "GC Thread#0" [stack: 0x0000008876000000,0x0000008876100000] [id=5276]
  0x000001c430913800 ConcurrentGCThread "G1 Main Marker" [stack: 0x0000008876100000,0x0000008876200000] [id=12896]
  0x000001c430915000 ConcurrentGCThread "G1 Conc#0" [stack: 0x0000008876200000,0x0000008876300000] [id=8500]

[error occurred during error reporting (printing all threads), id 0xc0000005, EXCEPTION_ACCESS_VIOLATION (0xc0000005) at pc=0x00007ffeb0112f67]

VM state:not at safepoint (not fully initialized)

VM Mutex/Monitor currently owned by a thread:  ([mutex/lock_event])
[0x000001c4308b8fd0] Heap_lock - owner thread: 0x000001c4308bd000

Heap address: 0x0000000741e00000, size: 3042 MB, Compressed Oops mode: Non-zero based: 0x0000000741e00000
Narrow klass base: 0x0000000000000000, Narrow klass shift: 0

GC Heap History (0 events):
No events

Deoptimization events (0 events):
No events

Classes redefined (0 events):
No events

Internal exceptions (0 events):
No events

Events (0 events):
No events


Dynamic libraries:
0x00007ff711010000 - 0x00007ff71101f000 	C:\Program Files\Java\jdk-11.0.8\bin\java.exe
0x00007fff19cd0000 - 0x00007fff19ec8000 	C:\Windows\SYSTEM32\ntdll.dll
0x00007fff19950000 - 0x00007fff19a0d000 	C:\Windows\System32\KERNEL32.DLL
0x00007fff177d0000 - 0x00007fff17a9e000 	C:\Windows\System32\KERNELBASE.dll
0x00007fff17aa0000 - 0x00007fff17ba0000 	C:\Windows\System32\ucrtbase.dll
0x00007ffef3d50000 - 0x00007ffef3d68000 	C:\Program Files\Java\jdk-11.0.8\bin\jli.dll
0x00007ffef3d70000 - 0x00007ffef3d85000 	C:\Program Files\Java\jdk-11.0.8\bin\VCRUNTIME140.dll
0x00007fff19b30000 - 0x00007fff19bde000 	C:\Windows\System32\ADVAPI32.dll
0x00007fff17de0000 - 0x00007fff17e7e000 	C:\Windows\System32\msvcrt.dll
0x00007fff19130000 - 0x00007fff191cc000 	C:\Windows\System32\sechost.dll
0x00007fff19000000 - 0x00007fff19125000 	C:\Windows\System32\RPCRT4.dll
0x00007fff18200000 - 0x00007fff183a0000 	C:\Windows\System32\USER32.dll
0x00007fff052c0000 - 0x00007fff0555a000 	C:\Windows\WinSxS\amd64_microsoft.windows.common-controls_6595b64144ccf1df_6.0.19041.1110_none_60b5254171f9507e\COMCTL32.dll
0x00007fff17ba0000 - 0x00007fff17bc2000 	C:\Windows\System32\win32u.dll
0x00007fff191d0000 - 0x00007fff191fa000 	C:\Windows\System32\GDI32.dll
0x00007fff176c0000 - 0x00007fff177cb000 	C:\Windows\System32\gdi32full.dll
0x00007fff17620000 - 0x00007fff176bd000 	C:\Windows\System32\msvcp_win.dll
0x00007fff10940000 - 0x00007fff1094a000 	C:\Windows\SYSTEM32\VERSION.dll
0x00007fff18b60000 - 0x00007fff18b90000 	C:\Windows\System32\IMM32.DLL
0x00007ffeea970000 - 0x00007ffeeaa0b000 	C:\Program Files\Java\jdk-11.0.8\bin\msvcp140.dll
0x00007ffeafe30000 - 0x00007ffeb0916000 	C:\Program Files\Java\jdk-11.0.8\bin\server\jvm.dll
0x00007fff17fe0000 - 0x00007fff17fe8000 	C:\Windows\System32\PSAPI.DLL
0x00007fff0f4a0000 - 0x00007fff0f4a9000 	C:\Windows\SYSTEM32\WSOCK32.dll
0x00007fff0d990000 - 0x00007fff0d9b7000 	C:\Windows\SYSTEM32\WINMM.dll
0x00007fff17f70000 - 0x00007fff17fdb000 	C:\Windows\System32\WS2_32.dll
0x00007fff152e0000 - 0x00007fff152f2000 	C:\Windows\SYSTEM32\kernel.appcore.dll
0x00007fff0f4f0000 - 0x00007fff0f500000 	C:\Program Files\Java\jdk-11.0.8\bin\verify.dll
0x00007fff14920000 - 0x00007fff14b04000 	C:\Windows\SYSTEM32\DBGHELP.DLL
0x00007fff01660000 - 0x00007fff0168c000 	C:\Windows\SYSTEM32\dbgcore.DLL
0x00007fff17590000 - 0x00007fff17612000 	C:\Windows\System32\bcryptPrimitives.dll
0x00007ffeebe80000 - 0x00007ffeebea8000 	C:\Program Files\Java\jdk-11.0.8\bin\java.dll
0x00007ffeff9e0000 - 0x00007ffeff9ea000 	C:\Program Files\Java\jdk-11.0.8\bin\jimage.dll
0x00007ffef3bf0000 - 0x00007ffef3c06000 	C:\Program Files\Java\jdk-11.0.8\bin\zip.dll

dbghelp: loaded successfully - version: 4.0.5 - missing functions: none
symbol engine: initialized successfully - sym options: 0x614 - pdb path: .;C:\Program Files\Java\jdk-11.0.8\bin;C:\Windows\SYSTEM32;C:\Windows\WinSxS\amd64_microsoft.windows.common-controls_6595b64144ccf1df_6.0.19041.1110_none_60b5254171f9507e;C:\Program Files\Java\jdk-11.0.8\bin\server

VM Arguments:
jvm_args: -Dfile.encoding=windows-1252 -Duser.country=ES -Duser.language=es -Duser.variant 
java_command: org.example.Main
java_class_path (initial): E:\Documents\Cursos Programacion\JAVA\Semillero Softlond\Taller1\build\classes\java\main;E:\Documents\Cursos Programacion\JAVA\Semillero Softlond\Taller1\build\resources\main
Launcher Type: SUN_STANDARD

[Global flags]
     intx CICompilerCount                          = 4                                         {product} {ergonomic}
     uint ConcGCThreads                            = 2                                         {product} {ergonomic}
     uint G1ConcRefinementThreads                  = 8                                         {product} {ergonomic}
   size_t G1HeapRegionSize                         = 1048576                                   {product} {ergonomic}
    uintx GCDrainStackTargetSize                   = 64                                        {product} {ergonomic}
   size_t InitialHeapSize                          = 201326592                                 {product} {ergonomic}
   size_t MarkStackSize                            = 4194304                                   {product} {ergonomic}
   size_t MaxHeapSize                              = 3189768192                                {product} {ergonomic}
   size_t MinHeapDeltaBytes                        = 1048576                                   {product} {ergonomic}
    uintx NonNMethodCodeHeapSize                   = 5836300                                {pd product} {ergonomic}
    uintx NonProfiledCodeHeapSize                  = 122910970                              {pd product} {ergonomic}
    uintx ProfiledCodeHeapSize                     = 122910970                              {pd product} {ergonomic}
    uintx ReservedCodeCacheSize                    = 251658240                              {pd product} {ergonomic}
     bool SegmentedCodeCache                       = true                                      {product} {ergonomic}
     bool UseCompressedClassPointers               = true                                 {lp64_product} {ergonomic}
     bool UseCompressedOops                        = true                                 {lp64_product} {ergonomic}
     bool UseG1GC                                  = true                                      {product} {ergonomic}
     bool UseLargePagesIndividualAllocation        = false                                  {pd product} {ergonomic}

Logging:
Log output configuration:
 #0: stdout all=warning uptime,level,tags
 #1: stderr all=off uptime,level,tags

Environment Variables:
JAVA_HOME=C:\Program Files\Java\jdk1.8.0_111
PATH=C:\Program Files\Java\jdk-11.0.8\bin;C:\Windows\system32;C:\Windows;C:\Windows\System32\Wbem;C:\Windows\System32\WindowsPowerShell\v1.0\;C:\Windows\System32\OpenSSH\;;C:\Program Files\nodejs;C:\Program Files\Git\cmd;C:\Program Files (x86)\dotnet\;E:\Documents\Semestre 11\Pruebas de la gestion y configuracion-David Mejia\Pruebas\;C:\Program Files\Maven\apache-maven-3.9.2\bin;C:\Program Files\Gradle\gradle-7.6.1\bin;D:\Archivos de Porgrama (x86)\Python\Python311\Scripts\;D:\Archivos de Porgrama (x86)\Python\Python311\;C:\Users\Sebastian\AppData\Local\Programs\Python\Python311\Scripts\;C:\Users\Sebastian\AppData\Local\Programs\Python\Python311\;D:\Archivos de Porgrama (x86)\Ruby27-x64\bin;D:\Archivos de Porgrama (x86)\Python\Python38\Scripts\;D:\Archivos de Porgrama (x86)\Python\Python38\;C:\Users\Sebastian\AppData\Local\Microsoft\WindowsApps;C:\Users\Sebastian\AppData\Local\Programs\Microsoft VS Code\bin;C:\Users\Sebastian\AppData\Roaming\nvm;C:\Program Files\nodejs;C:\Program Files\JetBrains\IntelliJ IDEA Community Edition 2022.3.2\bin;
USERNAME=Sebastian
OS=Windows_NT
PROCESSOR_IDENTIFIER=Intel64 Family 6 Model 142 Stepping 10, GenuineIntel



---------------  S Y S T E M  ---------------

OS: Windows 10 , 64 bit Build 19041 (10.0.19041.1889)

CPU:total 8 (initial active 8) (4 cores per cpu, 2 threads per core) family 6 model 142 stepping 10, cmov, cx8, fxsr, mmx, sse, sse2, sse3, ssse3, sse4.1, sse4.2, popcnt, avx, avx2, aes, clmul, erms, 3dnowpref, lzcnt, ht, tsc, tscinvbit, bmi1, bmi2, adx, fma

Memory: 4k page, system-wide physical 12166M (2392M free)
TotalPageFile size 14214M (AvailPageFile size 5M)
current process WorkingSet (physical memory assigned to process): 12M, peak: 13M
current process commit charge ("private bytes"): 258M, peak: 258M

vm_info: Java HotSpot(TM) 64-Bit Server VM (11.0.8+10-LTS) for windows-amd64 JRE (11.0.8+10-LTS), built on Jun 16 2020 05:53:08 by "mach5one" with unknown MS VC++:1916

END.
