#
# There is insufficient memory for the Java Runtime Environment to continue.
# Native memory allocation (malloc) failed to allocate 1073136 bytes for Chunk::new
# Possible reasons:
#   The system is out of physical RAM or swap space
#   The process is running with CompressedOops enabled, and the Java Heap may be blocking the growth of the native heap
# Possible solutions:
#   Reduce memory load on the system
#   Increase physical memory or swap space
#   Check if swap backing store is full
#   Decrease Java heap size (-Xmx/-Xms)
#   Decrease number of Java threads
#   Decrease Java thread stack sizes (-Xss)
#   Set larger code cache with -XX:ReservedCodeCacheSize=
#   JVM is running with Unscaled Compressed Oops mode in which the Java heap is
#     placed in the first 4GB address space. The Java Heap base address is the
#     maximum limit for the native heap growth. Please use -XX:HeapBaseMinAddress
#     to set the Java Heap base and to place the Java Heap above 4GB virtual address.
# This output file may be truncated or incomplete.
#
#  Out of Memory Error (./open/src/hotspot/share/memory/arena.cpp:197), pid=8948, tid=16012
#
# JRE version: Java(TM) SE Runtime Environment 18.9 (11.0.8+10) (build 11.0.8+10-LTS)
# Java VM: Java HotSpot(TM) 64-Bit Server VM 18.9 (11.0.8+10-LTS, mixed mode, tiered, compressed oops, g1 gc, windows-amd64)
# No core dump will be written. Minidumps are not enabled by default on client versions of Windows
#

---------------  S U M M A R Y ------------

Command Line: --add-opens=java.base/java.util=ALL-UNNAMED --add-opens=java.base/java.lang=ALL-UNNAMED --add-opens=java.base/java.lang.invoke=ALL-UNNAMED --add-opens=java.base/java.util=ALL-UNNAMED --add-opens=java.prefs/java.util.prefs=ALL-UNNAMED --add-opens=java.prefs/java.util.prefs=ALL-UNNAMED --add-opens=java.base/java.nio.charset=ALL-UNNAMED --add-opens=java.base/java.net=ALL-UNNAMED --add-opens=java.base/java.util.concurrent.atomic=ALL-UNNAMED -XX:MaxMetaspaceSize=256m -XX:+HeapDumpOnOutOfMemoryError -Xms256m -Xmx512m -Dfile.encoding=windows-1252 -Duser.country=ES -Duser.language=es -Duser.variant org.gradle.launcher.daemon.bootstrap.GradleDaemon 7.5.1

Host: Intel(R) Core(TM) i5-8250U CPU @ 1.60GHz, 8 cores, 11G,  Windows 10 , 64 bit Build 19041 (10.0.19041.1889)
Time: Thu Aug  3 23:23:07 2023 Hora est. Pacífico, Sudamérica elapsed time: 13 seconds (0d 0h 0m 13s)

---------------  T H R E A D  ---------------

Current thread (0x0000025e5dccb000):  JavaThread "C2 CompilerThread0" daemon [_thread_in_native, id=16012, stack(0x000000ffa5c00000,0x000000ffa5d00000)]


Current CompileTask:
C2:  13871 4969   !   4       java.net.URLClassLoader$1::run (63 bytes)

Stack: [0x000000ffa5c00000,0x000000ffa5d00000]
Native frames: (J=compiled Java code, j=interpreted, Vv=VM code, C=native code)
V  [jvm.dll+0x601aea]
V  [jvm.dll+0x737fef]
V  [jvm.dll+0x739675]
V  [jvm.dll+0x739cf3]
V  [jvm.dll+0x242848]
V  [jvm.dll+0xb999c]
V  [jvm.dll+0xb9f2c]
V  [jvm.dll+0x2b2f34]
V  [jvm.dll+0x523966]
V  [jvm.dll+0x2044ad]
V  [jvm.dll+0x1fe3fa]
V  [jvm.dll+0x1fb37f]
V  [jvm.dll+0x17e0fc]
V  [jvm.dll+0x20aaa4]
V  [jvm.dll+0x208b7b]
V  [jvm.dll+0x6ff90c]
V  [jvm.dll+0x6f845c]
V  [jvm.dll+0x600d66]
C  [ucrtbase.dll+0x21bb2]
C  [KERNEL32.DLL+0x17034]
C  [ntdll.dll+0x526a1]


---------------  P R O C E S S  ---------------

Threads class SMR info:
_java_thread_list=0x0000025e6141e770, length=56, elements={
0x0000025e41f8a800, 0x0000025e5d443000, 0x0000025e5d44d800, 0x0000025e5dcc8000,
0x0000025e5dcc9000, 0x0000025e5dccb000, 0x0000025e5dccc000, 0x0000025e5dccd000,
0x0000025e5de51000, 0x0000025e5de6a000, 0x0000025e5f710800, 0x0000025e5fd10800,
0x0000025e5f323000, 0x0000025e60341800, 0x0000025e5f5b9800, 0x0000025e6049f800,
0x0000025e605e9800, 0x0000025e6029f800, 0x0000025e5fd21000, 0x0000025e605e4800,
0x0000025e605e1800, 0x0000025e605e5800, 0x0000025e605e6000, 0x0000025e605e3800,
0x0000025e605e7000, 0x0000025e605e8000, 0x0000025e605e2000, 0x0000025e605e3000,
0x0000025e646d7000, 0x0000025e646d6800, 0x0000025e646d8000, 0x0000025e646d3000,
0x0000025e646d4000, 0x0000025e646de800, 0x0000025e646da800, 0x0000025e646dc000,
0x0000025e646db800, 0x0000025e646dd000, 0x0000025e646dd800, 0x0000025e646d9000,
0x0000025e646df800, 0x0000025e646d9800, 0x0000025e646e0000, 0x0000025e646e1000,
0x0000025e60e5f000, 0x0000025e60e60800, 0x0000025e60e5f800, 0x0000025e60e61800,
0x0000025e60e5e000, 0x0000025e60e62000, 0x0000025e60e63000, 0x0000025e60e5d000,
0x0000025e60e67000, 0x0000025e60e64800, 0x0000025e60e65800, 0x0000025e60e68000
}

Java Threads: ( => current thread )
  0x0000025e41f8a800 JavaThread "main" [_thread_blocked, id=3020, stack(0x000000ffa5100000,0x000000ffa5200000)]
  0x0000025e5d443000 JavaThread "Reference Handler" daemon [_thread_blocked, id=15840, stack(0x000000ffa5800000,0x000000ffa5900000)]
  0x0000025e5d44d800 JavaThread "Finalizer" daemon [_thread_blocked, id=17644, stack(0x000000ffa5900000,0x000000ffa5a00000)]
  0x0000025e5dcc8000 JavaThread "Signal Dispatcher" daemon [_thread_blocked, id=14948, stack(0x000000ffa5a00000,0x000000ffa5b00000)]
  0x0000025e5dcc9000 JavaThread "Attach Listener" daemon [_thread_blocked, id=15724, stack(0x000000ffa5b00000,0x000000ffa5c00000)]
=>0x0000025e5dccb000 JavaThread "C2 CompilerThread0" daemon [_thread_in_native, id=16012, stack(0x000000ffa5c00000,0x000000ffa5d00000)]
  0x0000025e5dccc000 JavaThread "C1 CompilerThread0" daemon [_thread_blocked, id=464, stack(0x000000ffa5d00000,0x000000ffa5e00000)]
  0x0000025e5dccd000 JavaThread "Sweeper thread" daemon [_thread_blocked, id=6840, stack(0x000000ffa5e00000,0x000000ffa5f00000)]
  0x0000025e5de51000 JavaThread "Common-Cleaner" daemon [_thread_blocked, id=8388, stack(0x000000ffa5f00000,0x000000ffa6000000)]
  0x0000025e5de6a000 JavaThread "Service Thread" daemon [_thread_blocked, id=8892, stack(0x000000ffa6000000,0x000000ffa6100000)]
  0x0000025e5f710800 JavaThread "Daemon health stats" [_thread_blocked, id=8032, stack(0x000000ffa6900000,0x000000ffa6a00000)]
  0x0000025e5fd10800 JavaThread "Incoming local TCP Connector on port 52356" [_thread_in_native, id=8008, stack(0x000000ffa6200000,0x000000ffa6300000)]
  0x0000025e5f323000 JavaThread "Daemon periodic checks" [_thread_blocked, id=17160, stack(0x000000ffa6a00000,0x000000ffa6b00000)]
  0x0000025e60341800 JavaThread "Daemon" [_thread_blocked, id=16476, stack(0x000000ffa6b00000,0x000000ffa6c00000)]
  0x0000025e5f5b9800 JavaThread "Handler for socket connection from /127.0.0.1:52356 to /127.0.0.1:52357" [_thread_in_native, id=9952, stack(0x000000ffa6c00000,0x000000ffa6d00000)]
  0x0000025e6049f800 JavaThread "Cancel handler" [_thread_blocked, id=16972, stack(0x000000ffa6d00000,0x000000ffa6e00000)]
  0x0000025e605e9800 JavaThread "Daemon worker" [_thread_blocked, id=8312, stack(0x000000ffa6e00000,0x000000ffa6f00000)]
  0x0000025e6029f800 JavaThread "Asynchronous log dispatcher for DefaultDaemonConnection: socket connection from /127.0.0.1:52356 to /127.0.0.1:52357" [_thread_blocked, id=3832, stack(0x000000ffa6f00000,0x000000ffa7000000)]
  0x0000025e5fd21000 JavaThread "Stdin handler" [_thread_blocked, id=12832, stack(0x000000ffa7000000,0x000000ffa7100000)]
  0x0000025e605e4800 JavaThread "Daemon client event forwarder" [_thread_blocked, id=4424, stack(0x000000ffa7100000,0x000000ffa7200000)]
  0x0000025e605e1800 JavaThread "Cache worker for journal cache (C:\Users\Sebastian\.gradle\caches\journal-1)" [_thread_blocked, id=8380, stack(0x000000ffa7200000,0x000000ffa7300000)]
  0x0000025e605e5800 JavaThread "File lock request listener" [_thread_in_native, id=12616, stack(0x000000ffa7300000,0x000000ffa7400000)]
  0x0000025e605e6000 JavaThread "Cache worker for file hash cache (C:\Users\Sebastian\.gradle\caches\7.5.1\fileHashes)" [_thread_blocked, id=9808, stack(0x000000ffa7700000,0x000000ffa7800000)]
  0x0000025e605e3800 JavaThread "File watcher server" daemon [_thread_in_native, id=11620, stack(0x000000ffa7900000,0x000000ffa7a00000)]
  0x0000025e605e7000 JavaThread "File watcher consumer" daemon [_thread_blocked, id=11724, stack(0x000000ffa7a00000,0x000000ffa7b00000)]
  0x0000025e605e8000 JavaThread "Cache worker for checksums cache (E:\Documents\Cursos Programacion\JAVA\Semillero Softlond\Taller1\.gradle\7.5.1\checksums)" [_thread_blocked, id=16580, stack(0x000000ffa7b00000,0x000000ffa7c00000)]
  0x0000025e605e2000 JavaThread "Cache worker for cache directory md-rule (C:\Users\Sebastian\.gradle\caches\7.5.1\md-rule)" [_thread_blocked, id=17188, stack(0x000000ffa7c00000,0x000000ffa7d00000)]
  0x0000025e605e3000 JavaThread "Cache worker for file content cache (C:\Users\Sebastian\.gradle\caches\7.5.1\fileContent)" [_thread_blocked, id=7428, stack(0x000000ffa7d00000,0x000000ffa7e00000)]
  0x0000025e646d7000 JavaThread "Cache worker for file hash cache (E:\Documents\Cursos Programacion\JAVA\Semillero Softlond\Taller1\.gradle\7.5.1\fileHashes)" [_thread_blocked, id=15748, stack(0x000000ffa7e00000,0x000000ffa7f00000)]
  0x0000025e646d6800 JavaThread "Cache worker for cache directory md-supplier (C:\Users\Sebastian\.gradle\caches\7.5.1\md-supplier)" [_thread_blocked, id=14296, stack(0x000000ffa7f00000,0x000000ffa8000000)]
  0x0000025e646d8000 JavaThread "Cache worker for execution history cache (C:\Users\Sebastian\.gradle\caches\7.5.1\executionHistory)" [_thread_blocked, id=3972, stack(0x000000ffa8000000,0x000000ffa8100000)]
  0x0000025e646d3000 JavaThread "jar transforms" [_thread_blocked, id=16448, stack(0x000000ffa6300000,0x000000ffa6400000)]
  0x0000025e646d4000 JavaThread "jar transforms Thread 2" [_thread_blocked, id=18044, stack(0x000000ffa7800000,0x000000ffa7900000)]
  0x0000025e646de800 JavaThread "jar transforms Thread 3" [_thread_blocked, id=14468, stack(0x000000ffa8300000,0x000000ffa8400000)]
  0x0000025e646da800 JavaThread "jar transforms Thread 4" [_thread_blocked, id=11712, stack(0x000000ffa8400000,0x000000ffa8500000)]
  0x0000025e646dc000 JavaThread "jar transforms Thread 5" [_thread_blocked, id=12580, stack(0x000000ffa8500000,0x000000ffa8600000)]
  0x0000025e646db800 JavaThread "jar transforms Thread 6" [_thread_blocked, id=14660, stack(0x000000ffa8600000,0x000000ffa8700000)]
  0x0000025e646dd000 JavaThread "jar transforms Thread 7" [_thread_blocked, id=14268, stack(0x000000ffa8700000,0x000000ffa8800000)]
  0x0000025e646dd800 JavaThread "jar transforms Thread 8" [_thread_blocked, id=11852, stack(0x000000ffa8800000,0x000000ffa8900000)]
  0x0000025e646d9000 JavaThread "Cache worker for dependencies-accessors (E:\Documents\Cursos Programacion\JAVA\Semillero Softlond\Taller1\.gradle\7.5.1\dependencies-accessors)" [_thread_blocked, id=14416, stack(0x000000ffa8900000,0x000000ffa8a00000)]
  0x0000025e646df800 JavaThread "Cache worker for Build Output Cleanup Cache (E:\Documents\Cursos Programacion\JAVA\Semillero Softlond\Taller1\.gradle\buildOutputCleanup)" [_thread_blocked, id=11152, stack(0x000000ffa8a00000,0x000000ffa8b00000)]
  0x0000025e646d9800 JavaThread "Memory manager" [_thread_blocked, id=2032, stack(0x000000ffa8b00000,0x000000ffa8c00000)]
  0x0000025e646e0000 JavaThread "included builds" [_thread_blocked, id=4112, stack(0x000000ffa8c00000,0x000000ffa8d00000)]
  0x0000025e646e1000 JavaThread "Execution worker" [_thread_blocked, id=13428, stack(0x000000ffa8d00000,0x000000ffa8e00000)]
  0x0000025e60e5f000 JavaThread "Execution worker Thread 2" [_thread_blocked, id=2364, stack(0x000000ffa8e00000,0x000000ffa8f00000)]
  0x0000025e60e60800 JavaThread "Execution worker Thread 3" [_thread_blocked, id=4432, stack(0x000000ffa8f00000,0x000000ffa9000000)]
  0x0000025e60e5f800 JavaThread "Execution worker Thread 4" [_thread_blocked, id=11464, stack(0x000000ffa9000000,0x000000ffa9100000)]
  0x0000025e60e61800 JavaThread "Execution worker Thread 5" [_thread_blocked, id=1596, stack(0x000000ffa9100000,0x000000ffa9200000)]
  0x0000025e60e5e000 JavaThread "Execution worker Thread 6" [_thread_blocked, id=13220, stack(0x000000ffa9200000,0x000000ffa9300000)]
  0x0000025e60e62000 JavaThread "Execution worker Thread 7" [_thread_blocked, id=13540, stack(0x000000ffa9300000,0x000000ffa9400000)]
  0x0000025e60e63000 JavaThread "Cache worker for execution history cache (E:\Documents\Cursos Programacion\JAVA\Semillero Softlond\Taller1\.gradle\7.5.1\executionHistory)" [_thread_blocked, id=17968, stack(0x000000ffa9400000,0x000000ffa9500000)]
  0x0000025e60e5d000 JavaThread "Exec process" [_thread_in_native, id=3380, stack(0x000000ffa9500000,0x000000ffa9600000)]
  0x0000025e60e67000 JavaThread "DisconnectableInputStream source reader" daemon [_thread_blocked, id=7708, stack(0x000000ffa9600000,0x000000ffa9700000)]
  0x0000025e60e64800 JavaThread "Exec process Thread 2" [_thread_blocked, id=15048, stack(0x000000ffa9700000,0x000000ffa9800000)]
  0x0000025e60e65800 JavaThread "Exec process Thread 3" [_thread_blocked, id=1832, stack(0x000000ffa9800000,0x000000ffa9900000)]
  0x0000025e60e68000 JavaThread "Exec process Thread 4" [_thread_blocked, id=15596, stack(0x000000ffa9900000,0x000000ffa9a00000)]

Other Threads:
  0x0000025e5d441000 VMThread "VM Thread" [stack: 0x000000ffa5700000,0x000000ffa5800000] [id=13088]
  0x0000025e5de6f000 WatcherThread [stack: 0x000000ffa6100000,0x000000ffa6200000] [id=14364]
  0x0000025e41fa1800 GCTaskThread "GC Thread#0" [stack: 0x000000ffa5200000,0x000000ffa5300000] [id=3500]
  0x0000025e5ea1c000 GCTaskThread "GC Thread#1" [stack: 0x000000ffa6400000,0x000000ffa6500000] [id=4500]
  0x0000025e5ead5800 GCTaskThread "GC Thread#2" [stack: 0x000000ffa6500000,0x000000ffa6600000] [id=9528]
  0x0000025e5ea94800 GCTaskThread "GC Thread#3" [stack: 0x000000ffa6600000,0x000000ffa6700000] [id=17196]
  0x0000025e5e649800 GCTaskThread "GC Thread#4" [stack: 0x000000ffa6700000,0x000000ffa6800000] [id=16976]
  0x0000025e5e872800 GCTaskThread "GC Thread#5" [stack: 0x000000ffa6800000,0x000000ffa6900000] [id=3668]
  0x0000025e60fb9800 GCTaskThread "GC Thread#6" [stack: 0x000000ffa7400000,0x000000ffa7500000] [id=3596]
  0x0000025e60e85800 GCTaskThread "GC Thread#7" [stack: 0x000000ffa7500000,0x000000ffa7600000] [id=9848]
  0x0000025e41fb4800 ConcurrentGCThread "G1 Main Marker" [stack: 0x000000ffa5300000,0x000000ffa5400000] [id=15512]
  0x0000025e41fb6000 ConcurrentGCThread "G1 Conc#0" [stack: 0x000000ffa5400000,0x000000ffa5500000] [id=4332]
  0x0000025e5f928000 ConcurrentGCThread "G1 Conc#1" [stack: 0x000000ffa7600000,0x000000ffa7700000] [id=484]
  0x0000025e4206d800 ConcurrentGCThread "G1 Refine#0" [stack: 0x000000ffa5500000,0x000000ffa5600000] [id=8768]
  0x0000025e5d2d6800 ConcurrentGCThread "G1 Young RemSet Sampling" [stack: 0x000000ffa5600000,0x000000ffa5700000] [id=11228]

Threads with active compile tasks:
C2 CompilerThread0  13933 4969   !   4       java.net.URLClassLoader$1::run (63 bytes)

VM state:not at safepoint (normal execution)

VM Mutex/Monitor currently owned by a thread: None

Heap address: 0x00000000e0000000, size: 512 MB, Compressed Oops mode: 32-bit
Narrow klass base: 0x0000000000000000, Narrow klass shift: 3
Compressed class space size: 260046848 Address: 0x0000000100000000

Heap:
 garbage-first heap   total 262144K, used 39258K [0x00000000e0000000, 0x0000000100000000)
  region size 1024K, 18 young (18432K), 16 survivors (16384K)
 Metaspace       used 54219K, capacity 56116K, committed 56396K, reserved 303104K
  class space    used 7265K, capacity 7913K, committed 8012K, reserved 253952K
Heap Regions: E=young(eden), S=young(survivor), O=old, HS=humongous(starts), HC=humongous(continues), CS=collection set, F=free, A=archive, TAMS=top-at-mark-start (previous, next)
|   0|0x00000000e0000000, 0x00000000e0100000, 0x00000000e0100000|100%| O|  |TAMS 0x00000000e0100000, 0x00000000e0000000| Untracked 
|   1|0x00000000e0100000, 0x00000000e0200000, 0x00000000e0200000|100%| O|  |TAMS 0x00000000e0200000, 0x00000000e0100000| Untracked 
|   2|0x00000000e0200000, 0x00000000e0300000, 0x00000000e0300000|100%| O|  |TAMS 0x00000000e0300000, 0x00000000e0200000| Untracked 
|   3|0x00000000e0300000, 0x00000000e0400000, 0x00000000e0400000|100%|HS|  |TAMS 0x00000000e0400000, 0x00000000e0300000| Complete 
|   4|0x00000000e0400000, 0x00000000e0500000, 0x00000000e0500000|100%|HC|  |TAMS 0x00000000e0500000, 0x00000000e0400000| Complete 
|   5|0x00000000e0500000, 0x00000000e0600000, 0x00000000e0600000|100%|HC|  |TAMS 0x00000000e0600000, 0x00000000e0500000| Complete 
|   6|0x00000000e0600000, 0x00000000e0700000, 0x00000000e0700000|100%| O|  |TAMS 0x00000000e0700000, 0x00000000e0600000| Untracked 
|   7|0x00000000e0700000, 0x00000000e0800000, 0x00000000e0800000|100%| O|  |TAMS 0x00000000e0800000, 0x00000000e0700000| Untracked 
|   8|0x00000000e0800000, 0x00000000e0900000, 0x00000000e0900000|100%| O|  |TAMS 0x00000000e0900000, 0x00000000e0800000| Untracked 
|   9|0x00000000e0900000, 0x00000000e0a00000, 0x00000000e0a00000|100%| O|  |TAMS 0x00000000e0a00000, 0x00000000e0900000| Untracked 
|  10|0x00000000e0a00000, 0x00000000e0b00000, 0x00000000e0b00000|100%| O|  |TAMS 0x00000000e0b00000, 0x00000000e0a00000| Untracked 
|  11|0x00000000e0b00000, 0x00000000e0c00000, 0x00000000e0c00000|100%| O|  |TAMS 0x00000000e0c00000, 0x00000000e0b00000| Untracked 
|  12|0x00000000e0c00000, 0x00000000e0d00000, 0x00000000e0d00000|100%| O|  |TAMS 0x00000000e0d00000, 0x00000000e0c00000| Untracked 
|  13|0x00000000e0d00000, 0x00000000e0e00000, 0x00000000e0e00000|100%| O|  |TAMS 0x00000000e0e00000, 0x00000000e0d00000| Untracked 
|  14|0x00000000e0e00000, 0x00000000e0f00000, 0x00000000e0f00000|100%| O|  |TAMS 0x00000000e0f00000, 0x00000000e0e00000| Untracked 
|  15|0x00000000e0f00000, 0x00000000e1000000, 0x00000000e1000000|100%| O|  |TAMS 0x00000000e1000000, 0x00000000e0f00000| Untracked 
|  16|0x00000000e1000000, 0x00000000e1100000, 0x00000000e1100000|100%| O|  |TAMS 0x00000000e10a5e00, 0x00000000e1000000| Untracked 
|  17|0x00000000e1100000, 0x00000000e1200000, 0x00000000e1200000|100%| O|  |TAMS 0x00000000e1100000, 0x00000000e1100000| Untracked 
|  18|0x00000000e1200000, 0x00000000e1300000, 0x00000000e1300000|100%| O|  |TAMS 0x00000000e1200000, 0x00000000e1200000| Untracked 
|  19|0x00000000e1300000, 0x00000000e1400000, 0x00000000e1400000|100%| O|  |TAMS 0x00000000e1300000, 0x00000000e1300000| Untracked 
|  20|0x00000000e1400000, 0x00000000e1500000, 0x00000000e1500000|100%| O|  |TAMS 0x00000000e1400000, 0x00000000e1400000| Untracked 
|  21|0x00000000e1500000, 0x00000000e1591c00, 0x00000000e1600000| 56%| O|  |TAMS 0x00000000e1500000, 0x00000000e1500000| Untracked 
|  22|0x00000000e1600000, 0x00000000e1600000, 0x00000000e1700000|  0%| F|  |TAMS 0x00000000e1600000, 0x00000000e1600000| Untracked 
|  23|0x00000000e1700000, 0x00000000e1700000, 0x00000000e1800000|  0%| F|  |TAMS 0x00000000e1700000, 0x00000000e1700000| Untracked 
|  24|0x00000000e1800000, 0x00000000e1800000, 0x00000000e1900000|  0%| F|  |TAMS 0x00000000e1800000, 0x00000000e1800000| Untracked 
|  25|0x00000000e1900000, 0x00000000e1900000, 0x00000000e1a00000|  0%| F|  |TAMS 0x00000000e1900000, 0x00000000e1900000| Untracked 
|  26|0x00000000e1a00000, 0x00000000e1a00000, 0x00000000e1b00000|  0%| F|  |TAMS 0x00000000e1a00000, 0x00000000e1a00000| Untracked 
|  27|0x00000000e1b00000, 0x00000000e1b00000, 0x00000000e1c00000|  0%| F|  |TAMS 0x00000000e1b00000, 0x00000000e1b00000| Untracked 
|  28|0x00000000e1c00000, 0x00000000e1c00000, 0x00000000e1d00000|  0%| F|  |TAMS 0x00000000e1c00000, 0x00000000e1c00000| Untracked 
|  29|0x00000000e1d00000, 0x00000000e1d00000, 0x00000000e1e00000|  0%| F|  |TAMS 0x00000000e1d00000, 0x00000000e1d00000| Untracked 
|  30|0x00000000e1e00000, 0x00000000e1e00000, 0x00000000e1f00000|  0%| F|  |TAMS 0x00000000e1e00000, 0x00000000e1e00000| Untracked 
|  31|0x00000000e1f00000, 0x00000000e1f00000, 0x00000000e2000000|  0%| F|  |TAMS 0x00000000e1f00000, 0x00000000e1f00000| Untracked 
|  32|0x00000000e2000000, 0x00000000e2000000, 0x00000000e2100000|  0%| F|  |TAMS 0x00000000e2000000, 0x00000000e2000000| Untracked 
|  33|0x00000000e2100000, 0x00000000e2100000, 0x00000000e2200000|  0%| F|  |TAMS 0x00000000e2100000, 0x00000000e2100000| Untracked 
|  34|0x00000000e2200000, 0x00000000e2200000, 0x00000000e2300000|  0%| F|  |TAMS 0x00000000e2200000, 0x00000000e2200000| Untracked 
|  35|0x00000000e2300000, 0x00000000e2300000, 0x00000000e2400000|  0%| F|  |TAMS 0x00000000e2300000, 0x00000000e2300000| Untracked 
|  36|0x00000000e2400000, 0x00000000e2400000, 0x00000000e2500000|  0%| F|  |TAMS 0x00000000e2400000, 0x00000000e2400000| Untracked 
|  37|0x00000000e2500000, 0x00000000e2500000, 0x00000000e2600000|  0%| F|  |TAMS 0x00000000e2500000, 0x00000000e2500000| Untracked 
|  38|0x00000000e2600000, 0x00000000e2600000, 0x00000000e2700000|  0%| F|  |TAMS 0x00000000e2600000, 0x00000000e2600000| Untracked 
|  39|0x00000000e2700000, 0x00000000e2700000, 0x00000000e2800000|  0%| F|  |TAMS 0x00000000e2700000, 0x00000000e2700000| Untracked 
|  40|0x00000000e2800000, 0x00000000e2800000, 0x00000000e2900000|  0%| F|  |TAMS 0x00000000e2800000, 0x00000000e2800000| Untracked 
|  41|0x00000000e2900000, 0x00000000e2900000, 0x00000000e2a00000|  0%| F|  |TAMS 0x00000000e2900000, 0x00000000e2900000| Untracked 
|  42|0x00000000e2a00000, 0x00000000e2a00000, 0x00000000e2b00000|  0%| F|  |TAMS 0x00000000e2a00000, 0x00000000e2a00000| Untracked 
|  43|0x00000000e2b00000, 0x00000000e2b00000, 0x00000000e2c00000|  0%| F|  |TAMS 0x00000000e2b00000, 0x00000000e2b00000| Untracked 
|  44|0x00000000e2c00000, 0x00000000e2c00000, 0x00000000e2d00000|  0%| F|  |TAMS 0x00000000e2c00000, 0x00000000e2c00000| Untracked 
|  45|0x00000000e2d00000, 0x00000000e2d00000, 0x00000000e2e00000|  0%| F|  |TAMS 0x00000000e2d00000, 0x00000000e2d00000| Untracked 
|  46|0x00000000e2e00000, 0x00000000e2e00000, 0x00000000e2f00000|  0%| F|  |TAMS 0x00000000e2e00000, 0x00000000e2e00000| Untracked 
|  47|0x00000000e2f00000, 0x00000000e2f00000, 0x00000000e3000000|  0%| F|  |TAMS 0x00000000e2f00000, 0x00000000e2f00000| Untracked 
|  48|0x00000000e3000000, 0x00000000e3000000, 0x00000000e3100000|  0%| F|  |TAMS 0x00000000e3000000, 0x00000000e3000000| Untracked 
|  49|0x00000000e3100000, 0x00000000e3100000, 0x00000000e3200000|  0%| F|  |TAMS 0x00000000e3100000, 0x00000000e3100000| Untracked 
|  50|0x00000000e3200000, 0x00000000e3200000, 0x00000000e3300000|  0%| F|  |TAMS 0x00000000e3200000, 0x00000000e3200000| Untracked 
|  51|0x00000000e3300000, 0x00000000e3300000, 0x00000000e3400000|  0%| F|  |TAMS 0x00000000e3300000, 0x00000000e3300000| Untracked 
|  52|0x00000000e3400000, 0x00000000e3400000, 0x00000000e3500000|  0%| F|  |TAMS 0x00000000e3400000, 0x00000000e3400000| Untracked 
|  53|0x00000000e3500000, 0x00000000e3500000, 0x00000000e3600000|  0%| F|  |TAMS 0x00000000e3500000, 0x00000000e3500000| Untracked 
|  54|0x00000000e3600000, 0x00000000e3600000, 0x00000000e3700000|  0%| F|  |TAMS 0x00000000e3600000, 0x00000000e3600000| Untracked 
|  55|0x00000000e3700000, 0x00000000e3700000, 0x00000000e3800000|  0%| F|  |TAMS 0x00000000e3700000, 0x00000000e3700000| Untracked 
|  56|0x00000000e3800000, 0x00000000e3800000, 0x00000000e3900000|  0%| F|  |TAMS 0x00000000e3800000, 0x00000000e3800000| Untracked 
|  57|0x00000000e3900000, 0x00000000e3900000, 0x00000000e3a00000|  0%| F|  |TAMS 0x00000000e3900000, 0x00000000e3900000| Untracked 
|  58|0x00000000e3a00000, 0x00000000e3a00000, 0x00000000e3b00000|  0%| F|  |TAMS 0x00000000e3a00000, 0x00000000e3a00000| Untracked 
|  59|0x00000000e3b00000, 0x00000000e3b00000, 0x00000000e3c00000|  0%| F|  |TAMS 0x00000000e3b00000, 0x00000000e3b00000| Untracked 
|  60|0x00000000e3c00000, 0x00000000e3c00000, 0x00000000e3d00000|  0%| F|  |TAMS 0x00000000e3c00000, 0x00000000e3c00000| Untracked 
|  61|0x00000000e3d00000, 0x00000000e3d00000, 0x00000000e3e00000|  0%| F|  |TAMS 0x00000000e3d00000, 0x00000000e3d00000| Untracked 
|  62|0x00000000e3e00000, 0x00000000e3e00000, 0x00000000e3f00000|  0%| F|  |TAMS 0x00000000e3e00000, 0x00000000e3e00000| Untracked 
|  63|0x00000000e3f00000, 0x00000000e3f00000, 0x00000000e4000000|  0%| F|  |TAMS 0x00000000e3f00000, 0x00000000e3f00000| Untracked 
|  64|0x00000000e4000000, 0x00000000e4000000, 0x00000000e4100000|  0%| F|  |TAMS 0x00000000e4000000, 0x00000000e4000000| Untracked 
|  65|0x00000000e4100000, 0x00000000e4100000, 0x00000000e4200000|  0%| F|  |TAMS 0x00000000e4100000, 0x00000000e4100000| Untracked 
|  66|0x00000000e4200000, 0x00000000e4200000, 0x00000000e4300000|  0%| F|  |TAMS 0x00000000e4200000, 0x00000000e4200000| Untracked 
|  67|0x00000000e4300000, 0x00000000e4300000, 0x00000000e4400000|  0%| F|  |TAMS 0x00000000e4300000, 0x00000000e4300000| Untracked 
|  68|0x00000000e4400000, 0x00000000e4400000, 0x00000000e4500000|  0%| F|  |TAMS 0x00000000e4400000, 0x00000000e4400000| Untracked 
|  69|0x00000000e4500000, 0x00000000e4500000, 0x00000000e4600000|  0%| F|  |TAMS 0x00000000e4500000, 0x00000000e4500000| Untracked 
|  70|0x00000000e4600000, 0x00000000e4600000, 0x00000000e4700000|  0%| F|  |TAMS 0x00000000e4600000, 0x00000000e4600000| Untracked 
|  71|0x00000000e4700000, 0x00000000e4700000, 0x00000000e4800000|  0%| F|  |TAMS 0x00000000e4700000, 0x00000000e4700000| Untracked 
|  72|0x00000000e4800000, 0x00000000e4800000, 0x00000000e4900000|  0%| F|  |TAMS 0x00000000e4800000, 0x00000000e4800000| Untracked 
|  73|0x00000000e4900000, 0x00000000e4900000, 0x00000000e4a00000|  0%| F|  |TAMS 0x00000000e4900000, 0x00000000e4900000| Untracked 
|  74|0x00000000e4a00000, 0x00000000e4a00000, 0x00000000e4b00000|  0%| F|  |TAMS 0x00000000e4a00000, 0x00000000e4a00000| Untracked 
|  75|0x00000000e4b00000, 0x00000000e4b00000, 0x00000000e4c00000|  0%| F|  |TAMS 0x00000000e4b00000, 0x00000000e4b00000| Untracked 
|  76|0x00000000e4c00000, 0x00000000e4c00000, 0x00000000e4d00000|  0%| F|  |TAMS 0x00000000e4c00000, 0x00000000e4c00000| Untracked 
|  77|0x00000000e4d00000, 0x00000000e4d00000, 0x00000000e4e00000|  0%| F|  |TAMS 0x00000000e4d00000, 0x00000000e4d00000| Untracked 
|  78|0x00000000e4e00000, 0x00000000e4e00000, 0x00000000e4f00000|  0%| F|  |TAMS 0x00000000e4e00000, 0x00000000e4e00000| Untracked 
|  79|0x00000000e4f00000, 0x00000000e4f00000, 0x00000000e5000000|  0%| F|  |TAMS 0x00000000e4f00000, 0x00000000e4f00000| Untracked 
|  80|0x00000000e5000000, 0x00000000e5000000, 0x00000000e5100000|  0%| F|  |TAMS 0x00000000e5000000, 0x00000000e5000000| Untracked 
|  81|0x00000000e5100000, 0x00000000e5100000, 0x00000000e5200000|  0%| F|  |TAMS 0x00000000e5100000, 0x00000000e5100000| Untracked 
|  82|0x00000000e5200000, 0x00000000e5200000, 0x00000000e5300000|  0%| F|  |TAMS 0x00000000e5200000, 0x00000000e5200000| Untracked 
|  83|0x00000000e5300000, 0x00000000e5300000, 0x00000000e5400000|  0%| F|  |TAMS 0x00000000e5300000, 0x00000000e5300000| Untracked 
|  84|0x00000000e5400000, 0x00000000e5400000, 0x00000000e5500000|  0%| F|  |TAMS 0x00000000e5400000, 0x00000000e5400000| Untracked 
|  85|0x00000000e5500000, 0x00000000e5500000, 0x00000000e5600000|  0%| F|  |TAMS 0x00000000e5500000, 0x00000000e5500000| Untracked 
|  86|0x00000000e5600000, 0x00000000e5600000, 0x00000000e5700000|  0%| F|  |TAMS 0x00000000e5600000, 0x00000000e5600000| Untracked 
|  87|0x00000000e5700000, 0x00000000e5700000, 0x00000000e5800000|  0%| F|  |TAMS 0x00000000e5700000, 0x00000000e5700000| Untracked 
|  88|0x00000000e5800000, 0x00000000e5800000, 0x00000000e5900000|  0%| F|  |TAMS 0x00000000e5800000, 0x00000000e5800000| Untracked 
|  89|0x00000000e5900000, 0x00000000e5900000, 0x00000000e5a00000|  0%| F|  |TAMS 0x00000000e5900000, 0x00000000e5900000| Untracked 
|  90|0x00000000e5a00000, 0x00000000e5a00000, 0x00000000e5b00000|  0%| F|  |TAMS 0x00000000e5a00000, 0x00000000e5a00000| Untracked 
|  91|0x00000000e5b00000, 0x00000000e5b00000, 0x00000000e5c00000|  0%| F|  |TAMS 0x00000000e5b00000, 0x00000000e5b00000| Untracked 
|  92|0x00000000e5c00000, 0x00000000e5c00000, 0x00000000e5d00000|  0%| F|  |TAMS 0x00000000e5c00000, 0x00000000e5c00000| Untracked 
|  93|0x00000000e5d00000, 0x00000000e5d00000, 0x00000000e5e00000|  0%| F|  |TAMS 0x00000000e5d00000, 0x00000000e5d00000| Untracked 
|  94|0x00000000e5e00000, 0x00000000e5e00000, 0x00000000e5f00000|  0%| F|  |TAMS 0x00000000e5e00000, 0x00000000e5e00000| Untracked 
|  95|0x00000000e5f00000, 0x00000000e5f00000, 0x00000000e6000000|  0%| F|  |TAMS 0x00000000e5f00000, 0x00000000e5f00000| Untracked 
|  96|0x00000000e6000000, 0x00000000e6000000, 0x00000000e6100000|  0%| F|  |TAMS 0x00000000e6000000, 0x00000000e6000000| Untracked 
|  97|0x00000000e6100000, 0x00000000e6100000, 0x00000000e6200000|  0%| F|  |TAMS 0x00000000e6100000, 0x00000000e6100000| Untracked 
|  98|0x00000000e6200000, 0x00000000e6200000, 0x00000000e6300000|  0%| F|  |TAMS 0x00000000e6200000, 0x00000000e6200000| Untracked 
|  99|0x00000000e6300000, 0x00000000e6300000, 0x00000000e6400000|  0%| F|  |TAMS 0x00000000e6300000, 0x00000000e6300000| Untracked 
| 100|0x00000000e6400000, 0x00000000e6400000, 0x00000000e6500000|  0%| F|  |TAMS 0x00000000e6400000, 0x00000000e6400000| Untracked 
| 101|0x00000000e6500000, 0x00000000e6500000, 0x00000000e6600000|  0%| F|  |TAMS 0x00000000e6500000, 0x00000000e6500000| Untracked 
| 102|0x00000000e6600000, 0x00000000e6600000, 0x00000000e6700000|  0%| F|  |TAMS 0x00000000e6600000, 0x00000000e6600000| Untracked 
| 103|0x00000000e6700000, 0x00000000e6700000, 0x00000000e6800000|  0%| F|  |TAMS 0x00000000e6700000, 0x00000000e6700000| Untracked 
| 104|0x00000000e6800000, 0x00000000e6800000, 0x00000000e6900000|  0%| F|  |TAMS 0x00000000e6800000, 0x00000000e6800000| Untracked 
| 105|0x00000000e6900000, 0x00000000e6900000, 0x00000000e6a00000|  0%| F|  |TAMS 0x00000000e6900000, 0x00000000e6900000| Untracked 
| 106|0x00000000e6a00000, 0x00000000e6a00000, 0x00000000e6b00000|  0%| F|  |TAMS 0x00000000e6a00000, 0x00000000e6a00000| Untracked 
| 107|0x00000000e6b00000, 0x00000000e6bc4e48, 0x00000000e6c00000| 76%| S|CS|TAMS 0x00000000e6b00000, 0x00000000e6b00000| Complete 
| 108|0x00000000e6c00000, 0x00000000e6d00000, 0x00000000e6d00000|100%| S|CS|TAMS 0x00000000e6c00000, 0x00000000e6c00000| Complete 
| 109|0x00000000e6d00000, 0x00000000e6e00000, 0x00000000e6e00000|100%| S|CS|TAMS 0x00000000e6d00000, 0x00000000e6d00000| Complete 
| 110|0x00000000e6e00000, 0x00000000e6f00000, 0x00000000e6f00000|100%| S|CS|TAMS 0x00000000e6e00000, 0x00000000e6e00000| Complete 
| 111|0x00000000e6f00000, 0x00000000e7000000, 0x00000000e7000000|100%| S|CS|TAMS 0x00000000e6f00000, 0x00000000e6f00000| Complete 
| 112|0x00000000e7000000, 0x00000000e7100000, 0x00000000e7100000|100%| S|CS|TAMS 0x00000000e7000000, 0x00000000e7000000| Complete 
| 113|0x00000000e7100000, 0x00000000e7200000, 0x00000000e7200000|100%| S|CS|TAMS 0x00000000e7100000, 0x00000000e7100000| Complete 
| 114|0x00000000e7200000, 0x00000000e7300000, 0x00000000e7300000|100%| S|CS|TAMS 0x00000000e7200000, 0x00000000e7200000| Complete 
| 115|0x00000000e7300000, 0x00000000e7400000, 0x00000000e7400000|100%| S|CS|TAMS 0x00000000e7300000, 0x00000000e7300000| Complete 
| 116|0x00000000e7400000, 0x00000000e7500000, 0x00000000e7500000|100%| S|CS|TAMS 0x00000000e7400000, 0x00000000e7400000| Complete 
| 117|0x00000000e7500000, 0x00000000e7600000, 0x00000000e7600000|100%| S|CS|TAMS 0x00000000e7500000, 0x00000000e7500000| Complete 
| 118|0x00000000e7600000, 0x00000000e7700000, 0x00000000e7700000|100%| S|CS|TAMS 0x00000000e7600000, 0x00000000e7600000| Complete 
| 119|0x00000000e7700000, 0x00000000e7800000, 0x00000000e7800000|100%| S|CS|TAMS 0x00000000e7700000, 0x00000000e7700000| Complete 
| 120|0x00000000e7800000, 0x00000000e7900000, 0x00000000e7900000|100%| S|CS|TAMS 0x00000000e7800000, 0x00000000e7800000| Complete 
| 121|0x00000000e7900000, 0x00000000e7a00000, 0x00000000e7a00000|100%| S|CS|TAMS 0x00000000e7900000, 0x00000000e7900000| Complete 
| 122|0x00000000e7a00000, 0x00000000e7b00000, 0x00000000e7b00000|100%| S|CS|TAMS 0x00000000e7a00000, 0x00000000e7a00000| Complete 
| 123|0x00000000e7b00000, 0x00000000e7b00000, 0x00000000e7c00000|  0%| F|  |TAMS 0x00000000e7b00000, 0x00000000e7b00000| Untracked 
| 124|0x00000000e7c00000, 0x00000000e7c00000, 0x00000000e7d00000|  0%| F|  |TAMS 0x00000000e7c00000, 0x00000000e7c00000| Untracked 
| 125|0x00000000e7d00000, 0x00000000e7d00000, 0x00000000e7e00000|  0%| F|  |TAMS 0x00000000e7d00000, 0x00000000e7d00000| Untracked 
| 126|0x00000000e7e00000, 0x00000000e7e00000, 0x00000000e7f00000|  0%| F|  |TAMS 0x00000000e7e00000, 0x00000000e7e00000| Untracked 
| 127|0x00000000e7f00000, 0x00000000e7f00000, 0x00000000e8000000|  0%| F|  |TAMS 0x00000000e7f00000, 0x00000000e7f00000| Untracked 
| 128|0x00000000e8000000, 0x00000000e8000000, 0x00000000e8100000|  0%| F|  |TAMS 0x00000000e8000000, 0x00000000e8000000| Untracked 
| 129|0x00000000e8100000, 0x00000000e8100000, 0x00000000e8200000|  0%| F|  |TAMS 0x00000000e8100000, 0x00000000e8100000| Untracked 
| 130|0x00000000e8200000, 0x00000000e8200000, 0x00000000e8300000|  0%| F|  |TAMS 0x00000000e8200000, 0x00000000e8200000| Untracked 
| 131|0x00000000e8300000, 0x00000000e8300000, 0x00000000e8400000|  0%| F|  |TAMS 0x00000000e8300000, 0x00000000e8300000| Untracked 
| 132|0x00000000e8400000, 0x00000000e8400000, 0x00000000e8500000|  0%| F|  |TAMS 0x00000000e8400000, 0x00000000e8400000| Untracked 
| 133|0x00000000e8500000, 0x00000000e8500000, 0x00000000e8600000|  0%| F|  |TAMS 0x00000000e8500000, 0x00000000e8500000| Untracked 
| 134|0x00000000e8600000, 0x00000000e8600000, 0x00000000e8700000|  0%| F|  |TAMS 0x00000000e8600000, 0x00000000e8600000| Untracked 
| 135|0x00000000e8700000, 0x00000000e8700000, 0x00000000e8800000|  0%| F|  |TAMS 0x00000000e8700000, 0x00000000e8700000| Untracked 
| 136|0x00000000e8800000, 0x00000000e8800000, 0x00000000e8900000|  0%| F|  |TAMS 0x00000000e8800000, 0x00000000e8800000| Untracked 
| 137|0x00000000e8900000, 0x00000000e8900000, 0x00000000e8a00000|  0%| F|  |TAMS 0x00000000e8900000, 0x00000000e8900000| Untracked 
| 138|0x00000000e8a00000, 0x00000000e8a00000, 0x00000000e8b00000|  0%| F|  |TAMS 0x00000000e8a00000, 0x00000000e8a00000| Untracked 
| 139|0x00000000e8b00000, 0x00000000e8b00000, 0x00000000e8c00000|  0%| F|  |TAMS 0x00000000e8b00000, 0x00000000e8b00000| Untracked 
| 140|0x00000000e8c00000, 0x00000000e8c00000, 0x00000000e8d00000|  0%| F|  |TAMS 0x00000000e8c00000, 0x00000000e8c00000| Untracked 
| 141|0x00000000e8d00000, 0x00000000e8d00000, 0x00000000e8e00000|  0%| F|  |TAMS 0x00000000e8d00000, 0x00000000e8d00000| Untracked 
| 142|0x00000000e8e00000, 0x00000000e8e00000, 0x00000000e8f00000|  0%| F|  |TAMS 0x00000000e8e00000, 0x00000000e8e00000| Untracked 
| 143|0x00000000e8f00000, 0x00000000e8f00000, 0x00000000e9000000|  0%| F|  |TAMS 0x00000000e8f00000, 0x00000000e8f00000| Untracked 
| 144|0x00000000e9000000, 0x00000000e9000000, 0x00000000e9100000|  0%| F|  |TAMS 0x00000000e9000000, 0x00000000e9000000| Untracked 
| 145|0x00000000e9100000, 0x00000000e9100000, 0x00000000e9200000|  0%| F|  |TAMS 0x00000000e9100000, 0x00000000e9100000| Untracked 
| 146|0x00000000e9200000, 0x00000000e9200000, 0x00000000e9300000|  0%| F|  |TAMS 0x00000000e9200000, 0x00000000e9200000| Untracked 
| 147|0x00000000e9300000, 0x00000000e9300000, 0x00000000e9400000|  0%| F|  |TAMS 0x00000000e9300000, 0x00000000e9300000| Untracked 
| 148|0x00000000e9400000, 0x00000000e9400000, 0x00000000e9500000|  0%| F|  |TAMS 0x00000000e9400000, 0x00000000e9400000| Untracked 
| 149|0x00000000e9500000, 0x00000000e9500000, 0x00000000e9600000|  0%| F|  |TAMS 0x00000000e9500000, 0x00000000e9500000| Untracked 
| 150|0x00000000e9600000, 0x00000000e9600000, 0x00000000e9700000|  0%| F|  |TAMS 0x00000000e9600000, 0x00000000e9600000| Untracked 
| 151|0x00000000e9700000, 0x00000000e9700000, 0x00000000e9800000|  0%| F|  |TAMS 0x00000000e9700000, 0x00000000e9700000| Untracked 
| 152|0x00000000e9800000, 0x00000000e9800000, 0x00000000e9900000|  0%| F|  |TAMS 0x00000000e9800000, 0x00000000e9800000| Untracked 
| 153|0x00000000e9900000, 0x00000000e9900000, 0x00000000e9a00000|  0%| F|  |TAMS 0x00000000e9900000, 0x00000000e9900000| Untracked 
| 154|0x00000000e9a00000, 0x00000000e9a00000, 0x00000000e9b00000|  0%| F|  |TAMS 0x00000000e9a00000, 0x00000000e9a00000| Untracked 
| 155|0x00000000e9b00000, 0x00000000e9b00000, 0x00000000e9c00000|  0%| F|  |TAMS 0x00000000e9b00000, 0x00000000e9b00000| Untracked 
| 156|0x00000000e9c00000, 0x00000000e9c00000, 0x00000000e9d00000|  0%| F|  |TAMS 0x00000000e9c00000, 0x00000000e9c00000| Untracked 
| 157|0x00000000e9d00000, 0x00000000e9d00000, 0x00000000e9e00000|  0%| F|  |TAMS 0x00000000e9d00000, 0x00000000e9d00000| Untracked 
| 158|0x00000000e9e00000, 0x00000000e9e00000, 0x00000000e9f00000|  0%| F|  |TAMS 0x00000000e9e00000, 0x00000000e9e00000| Untracked 
| 159|0x00000000e9f00000, 0x00000000e9f00000, 0x00000000ea000000|  0%| F|  |TAMS 0x00000000e9f00000, 0x00000000e9f00000| Untracked 
| 160|0x00000000ea000000, 0x00000000ea000000, 0x00000000ea100000|  0%| F|  |TAMS 0x00000000ea000000, 0x00000000ea000000| Untracked 
| 161|0x00000000ea100000, 0x00000000ea100000, 0x00000000ea200000|  0%| F|  |TAMS 0x00000000ea100000, 0x00000000ea100000| Untracked 
| 162|0x00000000ea200000, 0x00000000ea200000, 0x00000000ea300000|  0%| F|  |TAMS 0x00000000ea200000, 0x00000000ea200000| Untracked 
| 163|0x00000000ea300000, 0x00000000ea300000, 0x00000000ea400000|  0%| F|  |TAMS 0x00000000ea300000, 0x00000000ea300000| Untracked 
| 164|0x00000000ea400000, 0x00000000ea400000, 0x00000000ea500000|  0%| F|  |TAMS 0x00000000ea400000, 0x00000000ea400000| Untracked 
| 165|0x00000000ea500000, 0x00000000ea500000, 0x00000000ea600000|  0%| F|  |TAMS 0x00000000ea500000, 0x00000000ea500000| Untracked 
| 166|0x00000000ea600000, 0x00000000ea600000, 0x00000000ea700000|  0%| F|  |TAMS 0x00000000ea600000, 0x00000000ea600000| Untracked 
| 167|0x00000000ea700000, 0x00000000ea700000, 0x00000000ea800000|  0%| F|  |TAMS 0x00000000ea700000, 0x00000000ea700000| Untracked 
| 168|0x00000000ea800000, 0x00000000ea800000, 0x00000000ea900000|  0%| F|  |TAMS 0x00000000ea800000, 0x00000000ea800000| Untracked 
| 169|0x00000000ea900000, 0x00000000ea900000, 0x00000000eaa00000|  0%| F|  |TAMS 0x00000000ea900000, 0x00000000ea900000| Untracked 
| 170|0x00000000eaa00000, 0x00000000eaa00000, 0x00000000eab00000|  0%| F|  |TAMS 0x00000000eaa00000, 0x00000000eaa00000| Untracked 
| 171|0x00000000eab00000, 0x00000000eab00000, 0x00000000eac00000|  0%| F|  |TAMS 0x00000000eab00000, 0x00000000eab00000| Untracked 
| 172|0x00000000eac00000, 0x00000000eac00000, 0x00000000ead00000|  0%| F|  |TAMS 0x00000000eac00000, 0x00000000eac00000| Untracked 
| 173|0x00000000ead00000, 0x00000000ead00000, 0x00000000eae00000|  0%| F|  |TAMS 0x00000000ead00000, 0x00000000ead00000| Untracked 
| 174|0x00000000eae00000, 0x00000000eae00000, 0x00000000eaf00000|  0%| F|  |TAMS 0x00000000eae00000, 0x00000000eae00000| Untracked 
| 175|0x00000000eaf00000, 0x00000000eaf00000, 0x00000000eb000000|  0%| F|  |TAMS 0x00000000eaf00000, 0x00000000eaf00000| Untracked 
| 176|0x00000000eb000000, 0x00000000eb000000, 0x00000000eb100000|  0%| F|  |TAMS 0x00000000eb000000, 0x00000000eb000000| Untracked 
| 177|0x00000000eb100000, 0x00000000eb100000, 0x00000000eb200000|  0%| F|  |TAMS 0x00000000eb100000, 0x00000000eb100000| Untracked 
| 178|0x00000000eb200000, 0x00000000eb200000, 0x00000000eb300000|  0%| F|  |TAMS 0x00000000eb200000, 0x00000000eb200000| Untracked 
| 179|0x00000000eb300000, 0x00000000eb300000, 0x00000000eb400000|  0%| F|  |TAMS 0x00000000eb300000, 0x00000000eb300000| Untracked 
| 180|0x00000000eb400000, 0x00000000eb400000, 0x00000000eb500000|  0%| F|  |TAMS 0x00000000eb400000, 0x00000000eb400000| Untracked 
| 181|0x00000000eb500000, 0x00000000eb500000, 0x00000000eb600000|  0%| F|  |TAMS 0x00000000eb500000, 0x00000000eb500000| Untracked 
| 182|0x00000000eb600000, 0x00000000eb600000, 0x00000000eb700000|  0%| F|  |TAMS 0x00000000eb600000, 0x00000000eb600000| Untracked 
| 183|0x00000000eb700000, 0x00000000eb700000, 0x00000000eb800000|  0%| F|  |TAMS 0x00000000eb700000, 0x00000000eb700000| Untracked 
| 184|0x00000000eb800000, 0x00000000eb800000, 0x00000000eb900000|  0%| F|  |TAMS 0x00000000eb800000, 0x00000000eb800000| Untracked 
| 185|0x00000000eb900000, 0x00000000eb900000, 0x00000000eba00000|  0%| F|  |TAMS 0x00000000eb900000, 0x00000000eb900000| Untracked 
| 186|0x00000000eba00000, 0x00000000eba00000, 0x00000000ebb00000|  0%| F|  |TAMS 0x00000000eba00000, 0x00000000eba00000| Untracked 
| 187|0x00000000ebb00000, 0x00000000ebb00000, 0x00000000ebc00000|  0%| F|  |TAMS 0x00000000ebb00000, 0x00000000ebb00000| Untracked 
| 188|0x00000000ebc00000, 0x00000000ebc00000, 0x00000000ebd00000|  0%| F|  |TAMS 0x00000000ebc00000, 0x00000000ebc00000| Untracked 
| 189|0x00000000ebd00000, 0x00000000ebd00000, 0x00000000ebe00000|  0%| F|  |TAMS 0x00000000ebd00000, 0x00000000ebd00000| Untracked 
| 190|0x00000000ebe00000, 0x00000000ebe00000, 0x00000000ebf00000|  0%| F|  |TAMS 0x00000000ebe00000, 0x00000000ebe00000| Untracked 
| 191|0x00000000ebf00000, 0x00000000ebf00000, 0x00000000ec000000|  0%| F|  |TAMS 0x00000000ebf00000, 0x00000000ebf00000| Untracked 
| 192|0x00000000ec000000, 0x00000000ec000000, 0x00000000ec100000|  0%| F|  |TAMS 0x00000000ec000000, 0x00000000ec000000| Untracked 
| 193|0x00000000ec100000, 0x00000000ec100000, 0x00000000ec200000|  0%| F|  |TAMS 0x00000000ec100000, 0x00000000ec100000| Untracked 
| 194|0x00000000ec200000, 0x00000000ec200000, 0x00000000ec300000|  0%| F|  |TAMS 0x00000000ec200000, 0x00000000ec200000| Untracked 
| 195|0x00000000ec300000, 0x00000000ec300000, 0x00000000ec400000|  0%| F|  |TAMS 0x00000000ec300000, 0x00000000ec300000| Untracked 
| 196|0x00000000ec400000, 0x00000000ec400000, 0x00000000ec500000|  0%| F|  |TAMS 0x00000000ec400000, 0x00000000ec400000| Untracked 
| 197|0x00000000ec500000, 0x00000000ec500000, 0x00000000ec600000|  0%| F|  |TAMS 0x00000000ec500000, 0x00000000ec500000| Untracked 
| 198|0x00000000ec600000, 0x00000000ec600000, 0x00000000ec700000|  0%| F|  |TAMS 0x00000000ec600000, 0x00000000ec600000| Untracked 
| 199|0x00000000ec700000, 0x00000000ec700000, 0x00000000ec800000|  0%| F|  |TAMS 0x00000000ec700000, 0x00000000ec700000| Untracked 
| 200|0x00000000ec800000, 0x00000000ec800000, 0x00000000ec900000|  0%| F|  |TAMS 0x00000000ec800000, 0x00000000ec800000| Untracked 
| 201|0x00000000ec900000, 0x00000000ec900000, 0x00000000eca00000|  0%| F|  |TAMS 0x00000000ec900000, 0x00000000ec900000| Untracked 
| 202|0x00000000eca00000, 0x00000000eca00000, 0x00000000ecb00000|  0%| F|  |TAMS 0x00000000eca00000, 0x00000000eca00000| Untracked 
| 203|0x00000000ecb00000, 0x00000000ecb00000, 0x00000000ecc00000|  0%| F|  |TAMS 0x00000000ecb00000, 0x00000000ecb00000| Untracked 
| 204|0x00000000ecc00000, 0x00000000ecc00000, 0x00000000ecd00000|  0%| F|  |TAMS 0x00000000ecc00000, 0x00000000ecc00000| Untracked 
| 205|0x00000000ecd00000, 0x00000000ecd00000, 0x00000000ece00000|  0%| F|  |TAMS 0x00000000ecd00000, 0x00000000ecd00000| Untracked 
| 206|0x00000000ece00000, 0x00000000ece00000, 0x00000000ecf00000|  0%| F|  |TAMS 0x00000000ece00000, 0x00000000ece00000| Untracked 
| 207|0x00000000ecf00000, 0x00000000ecf00000, 0x00000000ed000000|  0%| F|  |TAMS 0x00000000ecf00000, 0x00000000ecf00000| Untracked 
| 208|0x00000000ed000000, 0x00000000ed000000, 0x00000000ed100000|  0%| F|  |TAMS 0x00000000ed000000, 0x00000000ed000000| Untracked 
| 209|0x00000000ed100000, 0x00000000ed100000, 0x00000000ed200000|  0%| F|  |TAMS 0x00000000ed100000, 0x00000000ed100000| Untracked 
| 210|0x00000000ed200000, 0x00000000ed200000, 0x00000000ed300000|  0%| F|  |TAMS 0x00000000ed200000, 0x00000000ed200000| Untracked 
| 211|0x00000000ed300000, 0x00000000ed300000, 0x00000000ed400000|  0%| F|  |TAMS 0x00000000ed300000, 0x00000000ed300000| Untracked 
| 212|0x00000000ed400000, 0x00000000ed400000, 0x00000000ed500000|  0%| F|  |TAMS 0x00000000ed400000, 0x00000000ed400000| Untracked 
| 213|0x00000000ed500000, 0x00000000ed500000, 0x00000000ed600000|  0%| F|  |TAMS 0x00000000ed500000, 0x00000000ed500000| Untracked 
| 214|0x00000000ed600000, 0x00000000ed600000, 0x00000000ed700000|  0%| F|  |TAMS 0x00000000ed600000, 0x00000000ed600000| Untracked 
| 215|0x00000000ed700000, 0x00000000ed700000, 0x00000000ed800000|  0%| F|  |TAMS 0x00000000ed700000, 0x00000000ed700000| Untracked 
| 216|0x00000000ed800000, 0x00000000ed800000, 0x00000000ed900000|  0%| F|  |TAMS 0x00000000ed800000, 0x00000000ed800000| Untracked 
| 217|0x00000000ed900000, 0x00000000ed900000, 0x00000000eda00000|  0%| F|  |TAMS 0x00000000ed900000, 0x00000000ed900000| Untracked 
| 218|0x00000000eda00000, 0x00000000eda00000, 0x00000000edb00000|  0%| F|  |TAMS 0x00000000eda00000, 0x00000000eda00000| Untracked 
| 219|0x00000000edb00000, 0x00000000edb00000, 0x00000000edc00000|  0%| F|  |TAMS 0x00000000edb00000, 0x00000000edb00000| Untracked 
| 220|0x00000000edc00000, 0x00000000edc00000, 0x00000000edd00000|  0%| F|  |TAMS 0x00000000edc00000, 0x00000000edc00000| Untracked 
| 221|0x00000000edd00000, 0x00000000edd00000, 0x00000000ede00000|  0%| F|  |TAMS 0x00000000edd00000, 0x00000000edd00000| Untracked 
| 222|0x00000000ede00000, 0x00000000ede00000, 0x00000000edf00000|  0%| F|  |TAMS 0x00000000ede00000, 0x00000000ede00000| Untracked 
| 223|0x00000000edf00000, 0x00000000edf00000, 0x00000000ee000000|  0%| F|  |TAMS 0x00000000edf00000, 0x00000000edf00000| Untracked 
| 224|0x00000000ee000000, 0x00000000ee000000, 0x00000000ee100000|  0%| F|  |TAMS 0x00000000ee000000, 0x00000000ee000000| Untracked 
| 225|0x00000000ee100000, 0x00000000ee100000, 0x00000000ee200000|  0%| F|  |TAMS 0x00000000ee100000, 0x00000000ee100000| Untracked 
| 226|0x00000000ee200000, 0x00000000ee200000, 0x00000000ee300000|  0%| F|  |TAMS 0x00000000ee200000, 0x00000000ee200000| Untracked 
| 227|0x00000000ee300000, 0x00000000ee300000, 0x00000000ee400000|  0%| F|  |TAMS 0x00000000ee300000, 0x00000000ee300000| Untracked 
| 228|0x00000000ee400000, 0x00000000ee400000, 0x00000000ee500000|  0%| F|  |TAMS 0x00000000ee400000, 0x00000000ee400000| Untracked 
| 229|0x00000000ee500000, 0x00000000ee500000, 0x00000000ee600000|  0%| F|  |TAMS 0x00000000ee500000, 0x00000000ee500000| Untracked 
| 230|0x00000000ee600000, 0x00000000ee600000, 0x00000000ee700000|  0%| F|  |TAMS 0x00000000ee600000, 0x00000000ee600000| Untracked 
| 231|0x00000000ee700000, 0x00000000ee700000, 0x00000000ee800000|  0%| F|  |TAMS 0x00000000ee700000, 0x00000000ee700000| Untracked 
| 232|0x00000000ee800000, 0x00000000ee800000, 0x00000000ee900000|  0%| F|  |TAMS 0x00000000ee800000, 0x00000000ee800000| Untracked 
| 233|0x00000000ee900000, 0x00000000ee900000, 0x00000000eea00000|  0%| F|  |TAMS 0x00000000ee900000, 0x00000000ee900000| Untracked 
| 234|0x00000000eea00000, 0x00000000eea00000, 0x00000000eeb00000|  0%| F|  |TAMS 0x00000000eea00000, 0x00000000eea00000| Untracked 
| 235|0x00000000eeb00000, 0x00000000eeb00000, 0x00000000eec00000|  0%| F|  |TAMS 0x00000000eeb00000, 0x00000000eeb00000| Untracked 
| 236|0x00000000eec00000, 0x00000000eec00000, 0x00000000eed00000|  0%| F|  |TAMS 0x00000000eec00000, 0x00000000eec00000| Untracked 
| 237|0x00000000eed00000, 0x00000000eed00000, 0x00000000eee00000|  0%| F|  |TAMS 0x00000000eed00000, 0x00000000eed00000| Untracked 
| 238|0x00000000eee00000, 0x00000000eee00000, 0x00000000eef00000|  0%| F|  |TAMS 0x00000000eee00000, 0x00000000eee00000| Untracked 
| 239|0x00000000eef00000, 0x00000000eef00000, 0x00000000ef000000|  0%| F|  |TAMS 0x00000000eef00000, 0x00000000eef00000| Untracked 
| 240|0x00000000ef000000, 0x00000000ef000000, 0x00000000ef100000|  0%| F|  |TAMS 0x00000000ef000000, 0x00000000ef000000| Untracked 
| 241|0x00000000ef100000, 0x00000000ef100000, 0x00000000ef200000|  0%| F|  |TAMS 0x00000000ef100000, 0x00000000ef100000| Untracked 
| 242|0x00000000ef200000, 0x00000000ef200000, 0x00000000ef300000|  0%| F|  |TAMS 0x00000000ef200000, 0x00000000ef200000| Untracked 
| 243|0x00000000ef300000, 0x00000000ef300000, 0x00000000ef400000|  0%| F|  |TAMS 0x00000000ef300000, 0x00000000ef300000| Untracked 
| 244|0x00000000ef400000, 0x00000000ef400000, 0x00000000ef500000|  0%| F|  |TAMS 0x00000000ef400000, 0x00000000ef400000| Untracked 
| 245|0x00000000ef500000, 0x00000000ef500000, 0x00000000ef600000|  0%| F|  |TAMS 0x00000000ef500000, 0x00000000ef500000| Untracked 
| 246|0x00000000ef600000, 0x00000000ef600000, 0x00000000ef700000|  0%| F|  |TAMS 0x00000000ef600000, 0x00000000ef600000| Untracked 
| 247|0x00000000ef700000, 0x00000000ef700000, 0x00000000ef800000|  0%| F|  |TAMS 0x00000000ef700000, 0x00000000ef700000| Untracked 
| 248|0x00000000ef800000, 0x00000000ef800000, 0x00000000ef900000|  0%| F|  |TAMS 0x00000000ef800000, 0x00000000ef800000| Untracked 
| 249|0x00000000ef900000, 0x00000000ef900000, 0x00000000efa00000|  0%| F|  |TAMS 0x00000000ef900000, 0x00000000ef900000| Untracked 
| 250|0x00000000efa00000, 0x00000000efa00000, 0x00000000efb00000|  0%| F|  |TAMS 0x00000000efa00000, 0x00000000efa00000| Untracked 
| 251|0x00000000efb00000, 0x00000000efb00000, 0x00000000efc00000|  0%| F|  |TAMS 0x00000000efb00000, 0x00000000efb00000| Untracked 
| 252|0x00000000efc00000, 0x00000000efc00000, 0x00000000efd00000|  0%| F|  |TAMS 0x00000000efc00000, 0x00000000efc00000| Untracked 
| 253|0x00000000efd00000, 0x00000000efd00000, 0x00000000efe00000|  0%| F|  |TAMS 0x00000000efd00000, 0x00000000efd00000| Untracked 
| 254|0x00000000efe00000, 0x00000000efee46b8, 0x00000000eff00000| 89%| E|  |TAMS 0x00000000efe00000, 0x00000000efe00000| Complete 
| 255|0x00000000eff00000, 0x00000000f0000000, 0x00000000f0000000|100%| E|CS|TAMS 0x00000000eff00000, 0x00000000eff00000| Complete 

Card table byte_map: [0x0000025e597d0000,0x0000025e598d0000] _byte_map_base: 0x0000025e590d0000

Marking Bits (Prev, Next): (CMBitMap*) 0x0000025e41fb1fb0, (CMBitMap*) 0x0000025e41fb1f78
 Prev Bits: [0x0000025e5a1d0000, 0x0000025e5a9d0000)
 Next Bits: [0x0000025e599d0000, 0x0000025e5a1d0000)

Polling page: 0x0000025e3ff00000

Metaspace:

Usage:
  Non-class:     47.08 MB capacity,    45.88 MB ( 97%) used,     1.02 MB (  2%) free+waste,   180.81 KB ( <1%) overhead. 
      Class:      7.73 MB capacity,     7.10 MB ( 92%) used,   555.07 KB (  7%) free+waste,    89.81 KB (  1%) overhead. 
       Both:     54.81 MB capacity,    52.99 MB ( 97%) used,     1.56 MB (  3%) free+waste,   270.63 KB ( <1%) overhead. 

Virtual space:
  Non-class space:       48.00 MB reserved,      47.25 MB ( 98%) committed 
      Class space:      248.00 MB reserved,       7.82 MB (  3%) committed 
             Both:      296.00 MB reserved,      55.07 MB ( 19%) committed 

Chunk freelists:
   Non-Class:  5.63 KB
       Class:  0 bytes
        Both:  5.63 KB

CodeHeap 'non-profiled nmethods': size=120000Kb used=2861Kb max_used=2861Kb free=117138Kb
 bounds [0x0000025e51e70000, 0x0000025e52140000, 0x0000025e593a0000]
CodeHeap 'profiled nmethods': size=120000Kb used=10448Kb max_used=10448Kb free=109551Kb
 bounds [0x0000025e4a940000, 0x0000025e4b380000, 0x0000025e51e70000]
CodeHeap 'non-nmethods': size=5760Kb used=2238Kb max_used=2287Kb free=3521Kb
 bounds [0x0000025e4a3a0000, 0x0000025e4a610000, 0x0000025e4a940000]
 total_blobs=5539 nmethods=4728 adapters=721
 compilation: enabled
              stopped_count=0, restarted_count=0
 full_count=0

Compilation events (10 events):
Event: 13.861 Thread 0x0000025e5dccc000 5014       1       org.gradle.internal.io.StreamByteBuffer::access$000 (5 bytes)
Event: 13.861 Thread 0x0000025e5dccc000 nmethod 5014 0x0000025e5213b210 code [0x0000025e5213b3a0, 0x0000025e5213b498]
Event: 13.861 Thread 0x0000025e5dccc000 5020       3       org.gradle.internal.io.LineBufferingOutputStream::write (59 bytes)
Event: 13.863 Thread 0x0000025e5dccc000 nmethod 5020 0x0000025e4b375110 code [0x0000025e4b3753c0, 0x0000025e4b376200]
Event: 13.863 Thread 0x0000025e5dccc000 5023       3       org.gradle.internal.io.LineBufferingOutputStream::endsWithLineSeparator (27 bytes)
Event: 13.863 Thread 0x0000025e5dccc000 nmethod 5023 0x0000025e4b376790 code [0x0000025e4b376940, 0x0000025e4b376b38]
Event: 13.863 Thread 0x0000025e5dccc000 5021       3       org.gradle.internal.io.StreamByteBuffer$StreamByteBufferOutputStream::write (22 bytes)
Event: 13.864 Thread 0x0000025e5dccc000 nmethod 5021 0x0000025e4b376c10 code [0x0000025e4b376de0, 0x0000025e4b3770b0]
Event: 13.864 Thread 0x0000025e5dccc000 5022       3       org.gradle.internal.io.StreamByteBuffer$StreamByteBufferChunk::write (32 bytes)
Event: 13.864 Thread 0x0000025e5dccc000 nmethod 5022 0x0000025e4b377290 code [0x0000025e4b377440, 0x0000025e4b377638]

GC Heap History (10 events):
Event: 5.357 GC heap before
{Heap before GC invocations=1 (full 0):
 garbage-first heap   total 262144K, used 116670K [0x00000000e0000000, 0x0000000100000000)
  region size 1024K, 108 young (110592K), 3 survivors (3072K)
 Metaspace       used 20680K, capacity 21088K, committed 21248K, reserved 272384K
  class space    used 2543K, capacity 2716K, committed 2816K, reserved 253952K
}
Event: 5.372 GC heap after
{Heap after GC invocations=2 (full 0):
 garbage-first heap   total 262144K, used 17206K [0x00000000e0000000, 0x0000000100000000)
  region size 1024K, 11 young (11264K), 11 survivors (11264K)
 Metaspace       used 20680K, capacity 21088K, committed 21248K, reserved 272384K
  class space    used 2543K, capacity 2716K, committed 2816K, reserved 253952K
}
Event: 6.101 GC heap before
{Heap before GC invocations=3 (full 0):
 garbage-first heap   total 262144K, used 57142K [0x00000000e0000000, 0x0000000100000000)
  region size 1024K, 50 young (51200K), 11 survivors (11264K)
 Metaspace       used 24647K, capacity 25261K, committed 25472K, reserved 276480K
  class space    used 3194K, capacity 3413K, committed 3456K, reserved 253952K
}
Event: 6.113 GC heap after
{Heap after GC invocations=4 (full 0):
 garbage-first heap   total 262144K, used 18999K [0x00000000e0000000, 0x0000000100000000)
  region size 1024K, 2 young (2048K), 2 survivors (2048K)
 Metaspace       used 24647K, capacity 25261K, committed 25472K, reserved 276480K
  class space    used 3194K, capacity 3413K, committed 3456K, reserved 253952K
}
Event: 8.157 GC heap before
{Heap before GC invocations=4 (full 0):
 garbage-first heap   total 262144K, used 100919K [0x00000000e0000000, 0x0000000100000000)
  region size 1024K, 83 young (84992K), 2 survivors (2048K)
 Metaspace       used 34914K, capacity 35786K, committed 35840K, reserved 286720K
  class space    used 4612K, capacity 4952K, committed 4992K, reserved 253952K
}
Event: 8.168 GC heap after
{Heap after GC invocations=5 (full 0):
 garbage-first heap   total 262144K, used 22435K [0x00000000e0000000, 0x0000000100000000)
  region size 1024K, 6 young (6144K), 6 survivors (6144K)
 Metaspace       used 34914K, capacity 35786K, committed 35840K, reserved 286720K
  class space    used 4612K, capacity 4952K, committed 4992K, reserved 253952K
}
Event: 10.705 GC heap before
{Heap before GC invocations=6 (full 0):
 garbage-first heap   total 262144K, used 127907K [0x00000000e0000000, 0x0000000100000000)
  region size 1024K, 106 young (108544K), 6 survivors (6144K)
 Metaspace       used 45162K, capacity 46319K, committed 46540K, reserved 294912K
  class space    used 5816K, capacity 6235K, committed 6348K, reserved 253952K
}
Event: 10.726 GC heap after
{Heap after GC invocations=7 (full 0):
 garbage-first heap   total 262144K, used 30802K [0x00000000e0000000, 0x0000000100000000)
  region size 1024K, 14 young (14336K), 14 survivors (14336K)
 Metaspace       used 45162K, capacity 46319K, committed 46540K, reserved 294912K
  class space    used 5816K, capacity 6235K, committed 6348K, reserved 253952K
}
Event: 13.664 GC heap before
{Heap before GC invocations=8 (full 0):
 garbage-first heap   total 262144K, used 152658K [0x00000000e0000000, 0x0000000100000000)
  region size 1024K, 133 young (136192K), 14 survivors (14336K)
 Metaspace       used 54111K, capacity 55961K, committed 56140K, reserved 303104K
  class space    used 7254K, capacity 7902K, committed 8012K, reserved 253952K
}
Event: 13.708 GC heap after
{Heap after GC invocations=9 (full 0):
 garbage-first heap   total 262144K, used 38234K [0x00000000e0000000, 0x0000000100000000)
  region size 1024K, 16 young (16384K), 16 survivors (16384K)
 Metaspace       used 54111K, capacity 55961K, committed 56140K, reserved 303104K
  class space    used 7254K, capacity 7902K, committed 8012K, reserved 253952K
}

Deoptimization events (10 events):
Event: 13.444 Thread 0x0000025e646e0000 Uncommon trap: reason=unstable_if action=reinterpret pc=0x0000025e51ed0280 method=java.net.URI$Parser.scan(IILjava/lang/String;)I @ 26 c2
Event: 13.559 Thread 0x0000025e646e0000 Uncommon trap: reason=class_check action=maybe_recompile pc=0x0000025e51f66324 method=java.util.Collections$SetFromMap.remove(Ljava/lang/Object;)Z @ 5 c2
Event: 13.559 Thread 0x0000025e646e0000 Uncommon trap: reason=class_check action=maybe_recompile pc=0x0000025e5211fc2c method=java.util.TreeMap.put(Ljava/lang/Object;Ljava/lang/Object;)Ljava/lang/Object; @ 127 c2
Event: 13.560 Thread 0x0000025e646e0000 Uncommon trap: reason=class_check action=maybe_recompile pc=0x0000025e51f66324 method=java.util.Collections$SetFromMap.remove(Ljava/lang/Object;)Z @ 5 c2
Event: 13.560 Thread 0x0000025e646e0000 Uncommon trap: reason=class_check action=maybe_recompile pc=0x0000025e520a0acc method=java.util.stream.StreamOpFlag.fromCharacteristics(Ljava/util/Spliterator;)I @ 14 c2
Event: 13.561 Thread 0x0000025e646e1000 Uncommon trap: reason=class_check action=maybe_recompile pc=0x0000025e51f66324 method=java.util.Collections$SetFromMap.remove(Ljava/lang/Object;)Z @ 5 c2
Event: 13.580 Thread 0x0000025e646e0000 Uncommon trap: reason=class_check action=maybe_recompile pc=0x0000025e5211fc2c method=java.util.TreeMap.put(Ljava/lang/Object;Ljava/lang/Object;)Ljava/lang/Object; @ 127 c2
Event: 13.581 Thread 0x0000025e646e0000 Uncommon trap: reason=class_check action=maybe_recompile pc=0x0000025e520a0acc method=java.util.stream.StreamOpFlag.fromCharacteristics(Ljava/util/Spliterator;)I @ 14 c2
Event: 13.583 Thread 0x0000025e646e0000 Uncommon trap: reason=class_check action=maybe_recompile pc=0x0000025e5211fc2c method=java.util.TreeMap.put(Ljava/lang/Object;Ljava/lang/Object;)Ljava/lang/Object; @ 127 c2
Event: 13.584 Thread 0x0000025e646e0000 Uncommon trap: reason=class_check action=maybe_recompile pc=0x0000025e520a0acc method=java.util.stream.StreamOpFlag.fromCharacteristics(Ljava/util/Spliterator;)I @ 14 c2

Classes redefined (0 events):
No events

Internal exceptions (10 events):
Event: 13.565 Thread 0x0000025e605e4800 Exception <a 'java/lang/NoSuchMethodError'{0x00000000e7dea298}: static Lorg/gradle/internal/build/event/types/DefaultTaskSuccessResult;.<clinit>()V> (0x00000000e7dea298) thrown at [./open/src/hotspot/share/prims/jni.cpp, line 1362]
Event: 13.565 Thread 0x0000025e605e4800 Exception <a 'java/lang/NoSuchMethodError'{0x00000000e7deb5b8}: static Lorg/gradle/internal/build/event/types/AbstractTaskResult;.<clinit>()V> (0x00000000e7deb5b8) thrown at [./open/src/hotspot/share/prims/jni.cpp, line 1362]
Event: 13.566 Thread 0x0000025e605e4800 Exception <a 'java/lang/NoSuchMethodError'{0x00000000e7decb88}: static Lorg/gradle/internal/build/event/types/AbstractResult;.<clinit>()V> (0x00000000e7decb88) thrown at [./open/src/hotspot/share/prims/jni.cpp, line 1362]
Event: 13.581 Thread 0x0000025e605e4800 Exception <a 'java/lang/NoSuchMethodError'{0x00000000e7c9f7c0}: static Lorg/gradle/internal/build/event/types/DefaultTaskSkippedResult;.<clinit>()V> (0x00000000e7c9f7c0) thrown at [./open/src/hotspot/share/prims/jni.cpp, line 1362]
Event: 13.592 Thread 0x0000025e646e0000 Exception <a 'java/lang/NoSuchMethodError'{0x00000000e7c4f7c8}: java.lang.invoke.DirectMethodHandle$Holder.invokeInterface(Ljava/lang/Object;Ljava/lang/Object;Ljava/lang/Object;Ljava/lang/Object;)V> (0x00000000e7c4f7c8) thrown at [./open/src/hotspot/share
Event: 13.604 Thread 0x0000025e646e0000 Exception <a 'java/lang/NoSuchMethodError'{0x00000000e7ce49b8}: java.lang.invoke.DirectMethodHandle$Holder.invokeVirtual(Ljava/lang/Object;Ljava/lang/Object;)V> (0x00000000e7ce49b8) thrown at [./open/src/hotspot/share/interpreter/linkResolver.cpp, line 77
Event: 13.729 Thread 0x0000025e60e5d000 Exception <a 'java/lang/NoSuchMethodError'{0x00000000eff15670}: java.lang.invoke.DirectMethodHandle$Holder.invokeStatic(Ljava/lang/Object;J)V> (0x00000000eff15670) thrown at [./open/src/hotspot/share/interpreter/linkResolver.cpp, line 772]
Event: 13.730 Thread 0x0000025e60e5d000 Exception <a 'java/lang/NoSuchMethodError'{0x00000000eff1a5d8}: java.lang.invoke.DirectMethodHandle$Holder.invokeStatic(Ljava/lang/Object;J)Ljava/lang/Object;> (0x00000000eff1a5d8) thrown at [./open/src/hotspot/share/interpreter/linkResolver.cpp, line 772
Event: 13.731 Thread 0x0000025e60e5d000 Exception <a 'java/lang/NoSuchMethodError'{0x00000000eff1d900}: java.lang.invoke.DirectMethodHandle$Holder.invokeSpecial(Ljava/lang/Object;Ljava/lang/Object;J)Ljava/lang/Object;> (0x00000000eff1d900) thrown at [./open/src/hotspot/share/interpreter/linkRes
Event: 13.734 Thread 0x0000025e60e5d000 Exception <a 'java/lang/NoSuchMethodError'{0x00000000eff284f8}: java.lang.invoke.DirectMethodHandle$Holder.invokeStaticInit(Ljava/lang/Object;Ljava/lang/Object;JLjava/lang/Object;)Ljava/lang/Object;> (0x00000000eff284f8) thrown at [./open/src/hotspot/shar

Events (10 events):
Event: 13.859 loading class org/gradle/internal/snapshot/ChildMap
Event: 13.859 loading class org/gradle/internal/snapshot/ChildMap done
Event: 13.859 loading class org/gradle/internal/snapshot/AbstractInvalidateChildHandler
Event: 13.859 loading class org/gradle/internal/snapshot/AbstractInvalidateChildHandler done
Event: 13.859 loading class org/gradle/internal/snapshot/ChildMap
Event: 13.859 loading class org/gradle/internal/snapshot/ChildMap done
Event: 13.859 loading class org/gradle/internal/snapshot/ChildMap
Event: 13.859 loading class org/gradle/internal/snapshot/ChildMap done
Event: 13.859 loading class org/gradle/internal/snapshot/AbstractInvalidateChildHandler
Event: 13.859 loading class org/gradle/internal/snapshot/AbstractInvalidateChildHandler done


Dynamic libraries:
0x00007ff711010000 - 0x00007ff71101f000 	C:\Program Files\Java\jdk-11.0.8\bin\java.exe
0x00007fff19cd0000 - 0x00007fff19ec8000 	C:\Windows\SYSTEM32\ntdll.dll
0x00007fff19950000 - 0x00007fff19a0d000 	C:\Windows\System32\KERNEL32.DLL
0x00007fff177d0000 - 0x00007fff17a9e000 	C:\Windows\System32\KERNELBASE.dll
0x00007fff17aa0000 - 0x00007fff17ba0000 	C:\Windows\System32\ucrtbase.dll
0x00007ffef3d50000 - 0x00007ffef3d68000 	C:\Program Files\Java\jdk-11.0.8\bin\jli.dll
0x00007ffef3d70000 - 0x00007ffef3d85000 	C:\Program Files\Java\jdk-11.0.8\bin\VCRUNTIME140.dll
0x00007fff19b30000 - 0x00007fff19bde000 	C:\Windows\System32\ADVAPI32.dll
0x00007fff17de0000 - 0x00007fff17e7e000 	C:\Windows\System32\msvcrt.dll
0x00007fff19130000 - 0x00007fff191cc000 	C:\Windows\System32\sechost.dll
0x00007fff19000000 - 0x00007fff19125000 	C:\Windows\System32\RPCRT4.dll
0x00007fff18200000 - 0x00007fff183a0000 	C:\Windows\System32\USER32.dll
0x00007fff052c0000 - 0x00007fff0555a000 	C:\Windows\WinSxS\amd64_microsoft.windows.common-controls_6595b64144ccf1df_6.0.19041.1110_none_60b5254171f9507e\COMCTL32.dll
0x00007fff17ba0000 - 0x00007fff17bc2000 	C:\Windows\System32\win32u.dll
0x00007fff191d0000 - 0x00007fff191fa000 	C:\Windows\System32\GDI32.dll
0x00007fff176c0000 - 0x00007fff177cb000 	C:\Windows\System32\gdi32full.dll
0x00007fff17620000 - 0x00007fff176bd000 	C:\Windows\System32\msvcp_win.dll
0x00007fff10940000 - 0x00007fff1094a000 	C:\Windows\SYSTEM32\VERSION.dll
0x00007fff18b60000 - 0x00007fff18b90000 	C:\Windows\System32\IMM32.DLL
0x00007ffeea970000 - 0x00007ffeeaa0b000 	C:\Program Files\Java\jdk-11.0.8\bin\msvcp140.dll
0x00007ffeafe30000 - 0x00007ffeb0916000 	C:\Program Files\Java\jdk-11.0.8\bin\server\jvm.dll
0x00007fff17fe0000 - 0x00007fff17fe8000 	C:\Windows\System32\PSAPI.DLL
0x00007fff0d990000 - 0x00007fff0d9b7000 	C:\Windows\SYSTEM32\WINMM.dll
0x00007fff0f4a0000 - 0x00007fff0f4a9000 	C:\Windows\SYSTEM32\WSOCK32.dll
0x00007fff17f70000 - 0x00007fff17fdb000 	C:\Windows\System32\WS2_32.dll
0x00007fff152e0000 - 0x00007fff152f2000 	C:\Windows\SYSTEM32\kernel.appcore.dll
0x00007fff0f4f0000 - 0x00007fff0f500000 	C:\Program Files\Java\jdk-11.0.8\bin\verify.dll
0x00007fff14920000 - 0x00007fff14b04000 	C:\Windows\SYSTEM32\DBGHELP.DLL
0x00007fff01660000 - 0x00007fff0168c000 	C:\Windows\SYSTEM32\dbgcore.DLL
0x00007fff17590000 - 0x00007fff17612000 	C:\Windows\System32\bcryptPrimitives.dll
0x00007ffeebe80000 - 0x00007ffeebea8000 	C:\Program Files\Java\jdk-11.0.8\bin\java.dll
0x00007ffeff9e0000 - 0x00007ffeff9ea000 	C:\Program Files\Java\jdk-11.0.8\bin\jimage.dll
0x00007ffef3bf0000 - 0x00007ffef3c06000 	C:\Program Files\Java\jdk-11.0.8\bin\zip.dll
0x00007fff19200000 - 0x00007fff19943000 	C:\Windows\System32\SHELL32.dll
0x00007fff154e0000 - 0x00007fff15c75000 	C:\Windows\SYSTEM32\windows.storage.dll
0x00007fff18580000 - 0x00007fff188d4000 	C:\Windows\System32\combase.dll
0x00007fff16e50000 - 0x00007fff16e80000 	C:\Windows\SYSTEM32\Wldp.dll
0x00007fff19be0000 - 0x00007fff19c8d000 	C:\Windows\System32\SHCORE.dll
0x00007fff18510000 - 0x00007fff18565000 	C:\Windows\System32\shlwapi.dll
0x00007fff17330000 - 0x00007fff1734f000 	C:\Windows\SYSTEM32\profapi.dll
0x00007ffef34b0000 - 0x00007ffef34c9000 	C:\Program Files\Java\jdk-11.0.8\bin\net.dll
0x00007fff0cb60000 - 0x00007fff0cc6a000 	C:\Windows\SYSTEM32\WINHTTP.dll
0x00007fff16bb0000 - 0x00007fff16c1a000 	C:\Windows\system32\mswsock.dll
0x00007ffeebe20000 - 0x00007ffeebe32000 	C:\Program Files\Java\jdk-11.0.8\bin\nio.dll
0x00007ffef3eb0000 - 0x00007ffef3ed7000 	C:\Users\Sebastian\.gradle\native\e1d6ef7f7dcc3fd88c89a11ec53ec762bb8ba0a96d01ffa2cd45eb1d1d8dd5c5\windows-amd64\native-platform.dll
0x00007ffed4450000 - 0x00007ffed4594000 	C:\Users\Sebastian\.gradle\native\0d407fdbe67a94daf76414ababcb853783967236a71b16ec16e742cd7a986fd3\windows-amd64\native-platform-file-events.dll
0x00007fff0f1a0000 - 0x00007fff0f1a9000 	C:\Program Files\Java\jdk-11.0.8\bin\management.dll
0x00007fff0f190000 - 0x00007fff0f19b000 	C:\Program Files\Java\jdk-11.0.8\bin\management_ext.dll
0x00007fff16da0000 - 0x00007fff16db8000 	C:\Windows\SYSTEM32\CRYPTSP.dll
0x00007fff164c0000 - 0x00007fff164f4000 	C:\Windows\system32\rsaenh.dll
0x00007fff17560000 - 0x00007fff17587000 	C:\Windows\System32\bcrypt.dll
0x00007fff172b0000 - 0x00007fff172de000 	C:\Windows\SYSTEM32\USERENV.dll
0x00007fff16dc0000 - 0x00007fff16dcc000 	C:\Windows\SYSTEM32\CRYPTBASE.dll
0x00007fff16850000 - 0x00007fff1688b000 	C:\Windows\SYSTEM32\IPHLPAPI.DLL
0x00007fff18570000 - 0x00007fff18578000 	C:\Windows\System32\NSI.dll
0x00007fff10150000 - 0x00007fff10167000 	C:\Windows\SYSTEM32\dhcpcsvc6.DLL
0x00007fff0ff30000 - 0x00007fff0ff4d000 	C:\Windows\SYSTEM32\dhcpcsvc.DLL
0x00007fff16890000 - 0x00007fff1695a000 	C:\Windows\SYSTEM32\DNSAPI.dll

dbghelp: loaded successfully - version: 4.0.5 - missing functions: none
symbol engine: initialized successfully - sym options: 0x614 - pdb path: .;C:\Program Files\Java\jdk-11.0.8\bin;C:\Windows\SYSTEM32;C:\Windows\WinSxS\amd64_microsoft.windows.common-controls_6595b64144ccf1df_6.0.19041.1110_none_60b5254171f9507e;C:\Program Files\Java\jdk-11.0.8\bin\server;C:\Users\Sebastian\.gradle\native\e1d6ef7f7dcc3fd88c89a11ec53ec762bb8ba0a96d01ffa2cd45eb1d1d8dd5c5\windows-amd64;C:\Users\Sebastian\.gradle\native\0d407fdbe67a94daf76414ababcb853783967236a71b16ec16e742cd7a986fd3\windows-amd64

VM Arguments:
jvm_args: --add-opens=java.base/java.util=ALL-UNNAMED --add-opens=java.base/java.lang=ALL-UNNAMED --add-opens=java.base/java.lang.invoke=ALL-UNNAMED --add-opens=java.base/java.util=ALL-UNNAMED --add-opens=java.prefs/java.util.prefs=ALL-UNNAMED --add-opens=java.prefs/java.util.prefs=ALL-UNNAMED --add-opens=java.base/java.nio.charset=ALL-UNNAMED --add-opens=java.base/java.net=ALL-UNNAMED --add-opens=java.base/java.util.concurrent.atomic=ALL-UNNAMED -XX:MaxMetaspaceSize=256m -XX:+HeapDumpOnOutOfMemoryError -Xms256m -Xmx512m -Dfile.encoding=windows-1252 -Duser.country=ES -Duser.language=es -Duser.variant 
java_command: org.gradle.launcher.daemon.bootstrap.GradleDaemon 7.5.1
java_class_path (initial): C:\Users\Sebastian\.gradle\wrapper\dists\gradle-7.5.1-bin\7jzzequgds1hbszbhq3npc5ng\gradle-7.5.1\lib\gradle-launcher-7.5.1.jar
Launcher Type: SUN_STANDARD

[Global flags]
     intx CICompilerCount                          = 4                                         {product} {ergonomic}
   size_t CompressedClassSpaceSize                 = 260046848                                 {product} {ergonomic}
     uint ConcGCThreads                            = 2                                         {product} {ergonomic}
     uint G1ConcRefinementThreads                  = 8                                         {product} {ergonomic}
   size_t G1HeapRegionSize                         = 1048576                                   {product} {ergonomic}
    uintx GCDrainStackTargetSize                   = 64                                        {product} {ergonomic}
     bool HeapDumpOnOutOfMemoryError               = true                                   {manageable} {command line}
   size_t InitialHeapSize                          = 268435456                                 {product} {command line}
   size_t MarkStackSize                            = 4194304                                   {product} {ergonomic}
   size_t MaxHeapSize                              = 536870912                                 {product} {command line}
   size_t MaxMetaspaceSize                         = 268435456                                 {product} {command line}
   size_t MaxNewSize                               = 321912832                                 {product} {ergonomic}
   size_t MinHeapDeltaBytes                        = 1048576                                   {product} {ergonomic}
    uintx NonNMethodCodeHeapSize                   = 5836300                                {pd product} {ergonomic}
    uintx NonProfiledCodeHeapSize                  = 122910970                              {pd product} {ergonomic}
    uintx ProfiledCodeHeapSize                     = 122910970                              {pd product} {ergonomic}
    uintx ReservedCodeCacheSize                    = 251658240                              {pd product} {ergonomic}
     bool SegmentedCodeCache                       = true                                      {product} {ergonomic}
     bool UseCompressedClassPointers               = true                                 {lp64_product} {ergonomic}
     bool UseCompressedOops                        = true                                 {lp64_product} {ergonomic}
     bool UseG1GC                                  = true                                      {product} {ergonomic}
     bool UseLargePagesIndividualAllocation        = false                                  {pd product} {ergonomic}

Logging:
Log output configuration:
 #0: stdout all=warning uptime,level,tags
 #1: stderr all=off uptime,level,tags

Environment Variables:
JAVA_HOME=C:\Program Files\Java\jdk1.8.0_111
PATH=C:\Program Files\Java\jdk-11.0.8\bin;C:\Windows\system32;C:\Windows;C:\Windows\System32\Wbem;C:\Windows\System32\WindowsPowerShell\v1.0\;C:\Windows\System32\OpenSSH\;;C:\Program Files\nodejs;C:\Program Files\Git\cmd;C:\Program Files (x86)\dotnet\;E:\Documents\Semestre 11\Pruebas de la gestion y configuracion-David Mejia\Pruebas\;C:\Program Files\Maven\apache-maven-3.9.2\bin;C:\Program Files\Gradle\gradle-7.6.1\bin;D:\Archivos de Porgrama (x86)\Python\Python311\Scripts\;D:\Archivos de Porgrama (x86)\Python\Python311\;C:\Users\Sebastian\AppData\Local\Programs\Python\Python311\Scripts\;C:\Users\Sebastian\AppData\Local\Programs\Python\Python311\;D:\Archivos de Porgrama (x86)\Ruby27-x64\bin;D:\Archivos de Porgrama (x86)\Python\Python38\Scripts\;D:\Archivos de Porgrama (x86)\Python\Python38\;C:\Users\Sebastian\AppData\Local\Microsoft\WindowsApps;C:\Users\Sebastian\AppData\Local\Programs\Microsoft VS Code\bin;C:\Users\Sebastian\AppData\Roaming\nvm;C:\Program Files\nodejs;C:\Program Files\JetBrains\IntelliJ IDEA Community Edition 2022.3.2\bin;
USERNAME=Sebastian
OS=Windows_NT
PROCESSOR_IDENTIFIER=Intel64 Family 6 Model 142 Stepping 10, GenuineIntel



---------------  S Y S T E M  ---------------

OS: Windows 10 , 64 bit Build 19041 (10.0.19041.1889)

CPU:total 8 (initial active 8) (4 cores per cpu, 2 threads per core) family 6 model 142 stepping 10, cmov, cx8, fxsr, mmx, sse, sse2, sse3, ssse3, sse4.1, sse4.2, popcnt, avx, avx2, aes, clmul, erms, 3dnowpref, lzcnt, ht, tsc, tscinvbit, bmi1, bmi2, adx, fma

Memory: 4k page, system-wide physical 12166M (2403M free)
TotalPageFile size 14214M (AvailPageFile size 268M)
current process WorkingSet (physical memory assigned to process): 357M, peak: 357M
current process commit charge ("private bytes"): 485M, peak: 489M

vm_info: Java HotSpot(TM) 64-Bit Server VM (11.0.8+10-LTS) for windows-amd64 JRE (11.0.8+10-LTS), built on Jun 16 2020 05:53:08 by "mach5one" with unknown MS VC++:1916

END.
