#
# There is insufficient memory for the Java Runtime Environment to continue.
# Native memory allocation (malloc) failed to allocate 2162576 bytes for Chunk::new
# Possible reasons:
#   The system is out of physical RAM or swap space
#   The process is running with CompressedOops enabled, and the Java Heap may be blocking the growth of the native heap
# Possible solutions:
#   Reduce memory load on the system
#   Increase physical memory or swap space
#   Check if swap backing store is full
#   Decrease Java heap size (-Xmx/-Xms)
#   Decrease number of Java threads
#   Decrease Java thread stack sizes (-Xss)
#   Set larger code cache with -XX:ReservedCodeCacheSize=
#   JVM is running with Unscaled Compressed Oops mode in which the Java heap is
#     placed in the first 4GB address space. The Java Heap base address is the
#     maximum limit for the native heap growth. Please use -XX:HeapBaseMinAddress
#     to set the Java Heap base and to place the Java Heap above 4GB virtual address.
# This output file may be truncated or incomplete.
#
#  Out of Memory Error (./open/src/hotspot/share/memory/arena.cpp:197), pid=15872, tid=16644
#
# JRE version: Java(TM) SE Runtime Environment 18.9 (11.0.8+10) (build 11.0.8+10-LTS)
# Java VM: Java HotSpot(TM) 64-Bit Server VM 18.9 (11.0.8+10-LTS, mixed mode, tiered, compressed oops, g1 gc, windows-amd64)
# No core dump will be written. Minidumps are not enabled by default on client versions of Windows
#

---------------  S U M M A R Y ------------

Command Line: --add-opens=java.base/java.util=ALL-UNNAMED --add-opens=java.base/java.lang=ALL-UNNAMED --add-opens=java.base/java.lang.invoke=ALL-UNNAMED --add-opens=java.base/java.util=ALL-UNNAMED --add-opens=java.prefs/java.util.prefs=ALL-UNNAMED --add-opens=java.prefs/java.util.prefs=ALL-UNNAMED --add-opens=java.base/java.nio.charset=ALL-UNNAMED --add-opens=java.base/java.net=ALL-UNNAMED --add-opens=java.base/java.util.concurrent.atomic=ALL-UNNAMED -XX:MaxMetaspaceSize=256m -XX:+HeapDumpOnOutOfMemoryError -Xms256m -Xmx512m -Dfile.encoding=windows-1252 -Duser.country=ES -Duser.language=es -Duser.variant org.gradle.launcher.daemon.bootstrap.GradleDaemon 7.5.1

Host: Intel(R) Core(TM) i5-8250U CPU @ 1.60GHz, 8 cores, 11G,  Windows 10 , 64 bit Build 19041 (10.0.19041.1889)
Time: Thu Aug  3 23:22:40 2023 Hora est. Pacífico, Sudamérica elapsed time: 15 seconds (0d 0h 0m 15s)

---------------  T H R E A D  ---------------

Current thread (0x00000203655e4800):  JavaThread "C2 CompilerThread1" daemon [_thread_in_native, id=16644, stack(0x000000fbad200000,0x000000fbad300000)]


Current CompileTask:
C2:  15951 5439   !   4       java.net.URLClassLoader$1::run (63 bytes)

Stack: [0x000000fbad200000,0x000000fbad300000]
Native frames: (J=compiled Java code, j=interpreted, Vv=VM code, C=native code)
V  [jvm.dll+0x601aea]
V  [jvm.dll+0x737fef]
V  [jvm.dll+0x739675]
V  [jvm.dll+0x739cf3]
V  [jvm.dll+0x242848]
V  [jvm.dll+0xb999c]
V  [jvm.dll+0xb9f2c]
V  [jvm.dll+0x3441a7]
V  [jvm.dll+0x193291]
V  [jvm.dll+0x1fc3f2]
V  [jvm.dll+0x1fb49f]
V  [jvm.dll+0x17e0fc]
V  [jvm.dll+0x20aaa4]
V  [jvm.dll+0x208b7b]
V  [jvm.dll+0x6ff90c]
V  [jvm.dll+0x6f845c]
V  [jvm.dll+0x600d66]
C  [ucrtbase.dll+0x21bb2]
C  [KERNEL32.DLL+0x17034]
C  [ntdll.dll+0x526a1]


---------------  P R O C E S S  ---------------

Threads class SMR info:
_java_thread_list=0x00000203678187d0, length=59, elements={
0x0000020349416800, 0x000002036488e800, 0x00000203648bd800, 0x00000203648d0800,
0x00000203648d1800, 0x0000020365244000, 0x000002036524d000, 0x0000020365251000,
0x00000203653b6800, 0x00000203653c7800, 0x0000020366acb000, 0x0000020367c44800,
0x000002036720c800, 0x000002036731e800, 0x0000020367544800, 0x00000203654ff000,
0x0000020367cea800, 0x0000020367343800, 0x00000203682ab800, 0x000002036796b000,
0x000002036796a000, 0x000002036796c800, 0x000002036796d800, 0x0000020367968800,
0x000002036796c000, 0x000002036796f000, 0x000002036796e000, 0x0000020367969800,
0x000002036827f800, 0x0000020368281000, 0x0000020368282000, 0x0000020368283800,
0x0000020368280800, 0x00000203655e4800, 0x0000020368fe8800, 0x0000020368fe7000,
0x0000020368feb000, 0x0000020368fe6000, 0x0000020368fe9800, 0x0000020368fe5000,
0x0000020368fef000, 0x0000020368fec000, 0x0000020368fee000, 0x0000020368fed800,
0x0000020368ff0800, 0x0000020368ff2800, 0x0000020368ff1800, 0x0000020368fec800,
0x0000020368ff3000, 0x0000020368ff4000, 0x00000203683f1000, 0x00000203683f4000,
0x00000203683f0000, 0x00000203683f5000, 0x00000203683f1800, 0x00000203683f2800,
0x00000203683f3800, 0x00000203683ef800, 0x00000203683fa000
}

Java Threads: ( => current thread )
  0x0000020349416800 JavaThread "main" [_thread_blocked, id=16056, stack(0x000000fbaa200000,0x000000fbaa300000)]
  0x000002036488e800 JavaThread "Reference Handler" daemon [_thread_blocked, id=8460, stack(0x000000fbaa900000,0x000000fbaaa00000)]
  0x00000203648bd800 JavaThread "Finalizer" daemon [_thread_blocked, id=17536, stack(0x000000fbaaa00000,0x000000fbaab00000)]
  0x00000203648d0800 JavaThread "Signal Dispatcher" daemon [_thread_blocked, id=3436, stack(0x000000fbaab00000,0x000000fbaac00000)]
  0x00000203648d1800 JavaThread "Attach Listener" daemon [_thread_blocked, id=11916, stack(0x000000fbaac00000,0x000000fbaad00000)]
  0x0000020365244000 JavaThread "C2 CompilerThread0" daemon [_thread_blocked, id=15732, stack(0x000000fbaad00000,0x000000fbaae00000)]
  0x000002036524d000 JavaThread "C1 CompilerThread0" daemon [_thread_blocked, id=12192, stack(0x000000fbaae00000,0x000000fbaaf00000)]
  0x0000020365251000 JavaThread "Sweeper thread" daemon [_thread_blocked, id=3720, stack(0x000000fbaaf00000,0x000000fbab000000)]
  0x00000203653b6800 JavaThread "Common-Cleaner" daemon [_thread_blocked, id=13212, stack(0x000000fbab000000,0x000000fbab100000)]
  0x00000203653c7800 JavaThread "Service Thread" daemon [_thread_blocked, id=7676, stack(0x000000fbab100000,0x000000fbab200000)]
  0x0000020366acb000 JavaThread "Daemon health stats" [_thread_blocked, id=17336, stack(0x000000fbaba00000,0x000000fbabb00000)]
  0x0000020367c44800 JavaThread "Incoming local TCP Connector on port 52346" [_thread_in_native, id=16052, stack(0x000000fbab300000,0x000000fbab400000)]
  0x000002036720c800 JavaThread "Daemon periodic checks" [_thread_blocked, id=3172, stack(0x000000fbab400000,0x000000fbab500000)]
  0x000002036731e800 JavaThread "Daemon" [_thread_blocked, id=14844, stack(0x000000fbabb00000,0x000000fbabc00000)]
  0x0000020367544800 JavaThread "Handler for socket connection from /127.0.0.1:52346 to /127.0.0.1:52347" [_thread_in_native, id=10332, stack(0x000000fbabc00000,0x000000fbabd00000)]
  0x00000203654ff000 JavaThread "Cancel handler" [_thread_blocked, id=13896, stack(0x000000fbabd00000,0x000000fbabe00000)]
  0x0000020367cea800 JavaThread "Daemon worker" [_thread_blocked, id=6608, stack(0x000000fbabe00000,0x000000fbabf00000)]
  0x0000020367343800 JavaThread "Asynchronous log dispatcher for DefaultDaemonConnection: socket connection from /127.0.0.1:52346 to /127.0.0.1:52347" [_thread_blocked, id=5076, stack(0x000000fbabf00000,0x000000fbac000000)]
  0x00000203682ab800 JavaThread "Stdin handler" [_thread_blocked, id=13912, stack(0x000000fbac000000,0x000000fbac100000)]
  0x000002036796b000 JavaThread "Daemon client event forwarder" [_thread_blocked, id=5456, stack(0x000000fbac100000,0x000000fbac200000)]
  0x000002036796a000 JavaThread "Cache worker for journal cache (C:\Users\Sebastian\.gradle\caches\journal-1)" [_thread_blocked, id=7408, stack(0x000000fbac300000,0x000000fbac400000)]
  0x000002036796c800 JavaThread "File lock request listener" [_thread_in_native, id=1340, stack(0x000000fbac400000,0x000000fbac500000)]
  0x000002036796d800 JavaThread "Cache worker for file hash cache (C:\Users\Sebastian\.gradle\caches\7.5.1\fileHashes)" [_thread_blocked, id=4420, stack(0x000000fbac800000,0x000000fbac900000)]
  0x0000020367968800 JavaThread "File watcher server" daemon [_thread_in_native, id=8680, stack(0x000000fbaca00000,0x000000fbacb00000)]
  0x000002036796c000 JavaThread "File watcher consumer" daemon [_thread_blocked, id=4080, stack(0x000000fbacb00000,0x000000fbacc00000)]
  0x000002036796f000 JavaThread "Cache worker for checksums cache (E:\Documents\Cursos Programacion\JAVA\Semillero Softlond\Taller1\.gradle\7.5.1\checksums)" [_thread_blocked, id=10264, stack(0x000000fbac900000,0x000000fbaca00000)]
  0x000002036796e000 JavaThread "Cache worker for cache directory md-rule (C:\Users\Sebastian\.gradle\caches\7.5.1\md-rule)" [_thread_blocked, id=13392, stack(0x000000fbacc00000,0x000000fbacd00000)]
  0x0000020367969800 JavaThread "Cache worker for file content cache (C:\Users\Sebastian\.gradle\caches\7.5.1\fileContent)" [_thread_blocked, id=9644, stack(0x000000fbacd00000,0x000000fbace00000)]
  0x000002036827f800 JavaThread "Cache worker for file hash cache (E:\Documents\Cursos Programacion\JAVA\Semillero Softlond\Taller1\.gradle\7.5.1\fileHashes)" [_thread_blocked, id=14932, stack(0x000000fbace00000,0x000000fbacf00000)]
  0x0000020368281000 JavaThread "Cache worker for cache directory md-supplier (C:\Users\Sebastian\.gradle\caches\7.5.1\md-supplier)" [_thread_blocked, id=10804, stack(0x000000fbacf00000,0x000000fbad000000)]
  0x0000020368282000 JavaThread "Cache worker for execution history cache (C:\Users\Sebastian\.gradle\caches\7.5.1\executionHistory)" [_thread_blocked, id=6196, stack(0x000000fbad000000,0x000000fbad100000)]
  0x0000020368283800 JavaThread "jar transforms" [_thread_blocked, id=7872, stack(0x000000fbac200000,0x000000fbac300000)]
  0x0000020368280800 JavaThread "jar transforms Thread 2" [_thread_blocked, id=14472, stack(0x000000fbad100000,0x000000fbad200000)]
=>0x00000203655e4800 JavaThread "C2 CompilerThread1" daemon [_thread_in_native, id=16644, stack(0x000000fbad200000,0x000000fbad300000)]
  0x0000020368fe8800 JavaThread "jar transforms Thread 3" [_thread_blocked, id=1852, stack(0x000000fbad400000,0x000000fbad500000)]
  0x0000020368fe7000 JavaThread "jar transforms Thread 4" [_thread_blocked, id=12208, stack(0x000000fbad500000,0x000000fbad600000)]
  0x0000020368feb000 JavaThread "jar transforms Thread 5" [_thread_blocked, id=11912, stack(0x000000fbad600000,0x000000fbad700000)]
  0x0000020368fe6000 JavaThread "jar transforms Thread 6" [_thread_blocked, id=2412, stack(0x000000fbad700000,0x000000fbad800000)]
  0x0000020368fe9800 JavaThread "jar transforms Thread 7" [_thread_blocked, id=3464, stack(0x000000fbad800000,0x000000fbad900000)]
  0x0000020368fe5000 JavaThread "jar transforms Thread 8" [_thread_blocked, id=5588, stack(0x000000fbad900000,0x000000fbada00000)]
  0x0000020368fef000 JavaThread "Cache worker for dependencies-accessors (E:\Documents\Cursos Programacion\JAVA\Semillero Softlond\Taller1\.gradle\7.5.1\dependencies-accessors)" [_thread_blocked, id=17564, stack(0x000000fbada00000,0x000000fbadb00000)]
  0x0000020368fec000 JavaThread "Cache worker for Build Output Cleanup Cache (E:\Documents\Cursos Programacion\JAVA\Semillero Softlond\Taller1\.gradle\buildOutputCleanup)" [_thread_blocked, id=14664, stack(0x000000fbadb00000,0x000000fbadc00000)]
  0x0000020368fee000 JavaThread "Memory manager" [_thread_blocked, id=1156, stack(0x000000fbadc00000,0x000000fbadd00000)]
  0x0000020368fed800 JavaThread "included builds" [_thread_blocked, id=12264, stack(0x000000fbadd00000,0x000000fbade00000)]
  0x0000020368ff0800 JavaThread "Execution worker" [_thread_blocked, id=8244, stack(0x000000fbade00000,0x000000fbadf00000)]
  0x0000020368ff2800 JavaThread "Execution worker Thread 2" [_thread_blocked, id=15116, stack(0x000000fbadf00000,0x000000fbae000000)]
  0x0000020368ff1800 JavaThread "Execution worker Thread 3" [_thread_blocked, id=3060, stack(0x000000fbae000000,0x000000fbae100000)]
  0x0000020368fec800 JavaThread "Execution worker Thread 4" [_thread_blocked, id=17100, stack(0x000000fbae100000,0x000000fbae200000)]
  0x0000020368ff3000 JavaThread "Execution worker Thread 5" [_thread_blocked, id=11012, stack(0x000000fbae200000,0x000000fbae300000)]
  0x0000020368ff4000 JavaThread "Execution worker Thread 6" [_thread_blocked, id=5564, stack(0x000000fbae300000,0x000000fbae400000)]
  0x00000203683f1000 JavaThread "Execution worker Thread 7" [_thread_blocked, id=12996, stack(0x000000fbae400000,0x000000fbae500000)]
  0x00000203683f4000 JavaThread "Cache worker for execution history cache (E:\Documents\Cursos Programacion\JAVA\Semillero Softlond\Taller1\.gradle\7.5.1\executionHistory)" [_thread_blocked, id=16340, stack(0x000000fbae500000,0x000000fbae600000)]
  0x00000203683f0000 JavaThread "Cache worker for Java compile cache (C:\Users\Sebastian\.gradle\caches\7.5.1\javaCompile)" [_thread_blocked, id=14912, stack(0x000000fbae600000,0x000000fbae700000)]
  0x00000203683f5000 JavaThread "C2 CompilerThread2" daemon [_thread_in_native, id=13880, stack(0x000000fbad300000,0x000000fbad400000)]
  0x00000203683f1800 JavaThread "Exec process" [_thread_in_native, id=2800, stack(0x000000fbae700000,0x000000fbae800000)]
  0x00000203683f2800 JavaThread "DisconnectableInputStream source reader" daemon [_thread_blocked, id=4460, stack(0x000000fbae800000,0x000000fbae900000)]
  0x00000203683f3800 JavaThread "Exec process Thread 2" [_thread_blocked, id=17388, stack(0x000000fbae900000,0x000000fbaea00000)]
  0x00000203683ef800 JavaThread "Exec process Thread 3" [_thread_in_native, id=2748, stack(0x000000fbaea00000,0x000000fbaeb00000)]
  0x00000203683fa000 JavaThread "Exec process Thread 4" [_thread_in_native, id=10300, stack(0x000000fbaeb00000,0x000000fbaec00000)]

Other Threads:
  0x000002036488c800 VMThread "VM Thread" [stack: 0x000000fbaa800000,0x000000fbaa900000] [id=4784]
  0x00000203653dc000 WatcherThread [stack: 0x000000fbab200000,0x000000fbab300000] [id=5340]
  0x000002034942e000 GCTaskThread "GC Thread#0" [stack: 0x000000fbaa300000,0x000000fbaa400000] [id=9600]
  0x0000020365ad5800 GCTaskThread "GC Thread#1" [stack: 0x000000fbab500000,0x000000fbab600000] [id=10468]
  0x00000203662a1800 GCTaskThread "GC Thread#2" [stack: 0x000000fbab600000,0x000000fbab700000] [id=17364]
  0x0000020366099000 GCTaskThread "GC Thread#3" [stack: 0x000000fbab700000,0x000000fbab800000] [id=14312]
  0x000002036672b800 GCTaskThread "GC Thread#4" [stack: 0x000000fbab800000,0x000000fbab900000] [id=14920]
  0x0000020366143800 GCTaskThread "GC Thread#5" [stack: 0x000000fbab900000,0x000000fbaba00000] [id=14056]
  0x0000020367b2e000 GCTaskThread "GC Thread#6" [stack: 0x000000fbac500000,0x000000fbac600000] [id=3980]
  0x0000020367288000 GCTaskThread "GC Thread#7" [stack: 0x000000fbac600000,0x000000fbac700000] [id=18088]
  0x0000020349444800 ConcurrentGCThread "G1 Main Marker" [stack: 0x000000fbaa400000,0x000000fbaa500000] [id=9428]
  0x0000020349445800 ConcurrentGCThread "G1 Conc#0" [stack: 0x000000fbaa500000,0x000000fbaa600000] [id=3960]
  0x000002036639f000 ConcurrentGCThread "G1 Conc#1" [stack: 0x000000fbac700000,0x000000fbac800000] [id=8068]
  0x0000020364726800 ConcurrentGCThread "G1 Refine#0" [stack: 0x000000fbaa600000,0x000000fbaa700000] [id=6504]
  0x0000020364727000 ConcurrentGCThread "G1 Young RemSet Sampling" [stack: 0x000000fbaa700000,0x000000fbaa800000] [id=16744]

Threads with active compile tasks:
C2 CompilerThread1  16049 5439   !   4       java.net.URLClassLoader$1::run (63 bytes)
C2 CompilerThread2  16049 5438       4       java.net.URLClassLoader$1::run (5 bytes)

VM state:not at safepoint (normal execution)

VM Mutex/Monitor currently owned by a thread: None

Heap address: 0x00000000e0000000, size: 512 MB, Compressed Oops mode: 32-bit
Narrow klass base: 0x0000000000000000, Narrow klass shift: 3
Compressed class space size: 260046848 Address: 0x0000000100000000

Heap:
 garbage-first heap   total 262144K, used 51331K [0x00000000e0000000, 0x0000000100000000)
  region size 1024K, 30 young (30720K), 20 survivors (20480K)
 Metaspace       used 62596K, capacity 64692K, committed 65024K, reserved 311296K
  class space    used 8387K, capacity 9128K, committed 9216K, reserved 253952K
Heap Regions: E=young(eden), S=young(survivor), O=old, HS=humongous(starts), HC=humongous(continues), CS=collection set, F=free, A=archive, TAMS=top-at-mark-start (previous, next)
|   0|0x00000000e0000000, 0x00000000e0100000, 0x00000000e0100000|100%| O|  |TAMS 0x00000000e0100000, 0x00000000e0000000| Untracked 
|   1|0x00000000e0100000, 0x00000000e0200000, 0x00000000e0200000|100%| O|  |TAMS 0x00000000e0200000, 0x00000000e0100000| Untracked 
|   2|0x00000000e0200000, 0x00000000e0300000, 0x00000000e0300000|100%| O|  |TAMS 0x00000000e0300000, 0x00000000e0200000| Untracked 
|   3|0x00000000e0300000, 0x00000000e0400000, 0x00000000e0400000|100%|HS|  |TAMS 0x00000000e0400000, 0x00000000e0300000| Complete 
|   4|0x00000000e0400000, 0x00000000e0500000, 0x00000000e0500000|100%|HC|  |TAMS 0x00000000e0500000, 0x00000000e0400000| Complete 
|   5|0x00000000e0500000, 0x00000000e0600000, 0x00000000e0600000|100%|HC|  |TAMS 0x00000000e0600000, 0x00000000e0500000| Complete 
|   6|0x00000000e0600000, 0x00000000e0700000, 0x00000000e0700000|100%| O|  |TAMS 0x00000000e0700000, 0x00000000e0600000| Untracked 
|   7|0x00000000e0700000, 0x00000000e0800000, 0x00000000e0800000|100%| O|  |TAMS 0x00000000e0800000, 0x00000000e0700000| Untracked 
|   8|0x00000000e0800000, 0x00000000e0900000, 0x00000000e0900000|100%| O|  |TAMS 0x00000000e0900000, 0x00000000e0800000| Untracked 
|   9|0x00000000e0900000, 0x00000000e0a00000, 0x00000000e0a00000|100%| O|  |TAMS 0x00000000e0a00000, 0x00000000e0900000| Untracked 
|  10|0x00000000e0a00000, 0x00000000e0b00000, 0x00000000e0b00000|100%| O|  |TAMS 0x00000000e0b00000, 0x00000000e0a00000| Untracked 
|  11|0x00000000e0b00000, 0x00000000e0c00000, 0x00000000e0c00000|100%| O|  |TAMS 0x00000000e0c00000, 0x00000000e0b00000| Untracked 
|  12|0x00000000e0c00000, 0x00000000e0d00000, 0x00000000e0d00000|100%| O|  |TAMS 0x00000000e0d00000, 0x00000000e0c00000| Untracked 
|  13|0x00000000e0d00000, 0x00000000e0e00000, 0x00000000e0e00000|100%| O|  |TAMS 0x00000000e0e00000, 0x00000000e0d00000| Untracked 
|  14|0x00000000e0e00000, 0x00000000e0f00000, 0x00000000e0f00000|100%| O|  |TAMS 0x00000000e0f00000, 0x00000000e0e00000| Untracked 
|  15|0x00000000e0f00000, 0x00000000e1000000, 0x00000000e1000000|100%| O|  |TAMS 0x00000000e1000000, 0x00000000e0f00000| Untracked 
|  16|0x00000000e1000000, 0x00000000e1100000, 0x00000000e1100000|100%| O|  |TAMS 0x00000000e106ee00, 0x00000000e1000000| Untracked 
|  17|0x00000000e1100000, 0x00000000e1200000, 0x00000000e1200000|100%| O|  |TAMS 0x00000000e1100000, 0x00000000e1100000| Untracked 
|  18|0x00000000e1200000, 0x00000000e1300000, 0x00000000e1300000|100%| O|  |TAMS 0x00000000e1200000, 0x00000000e1200000| Untracked 
|  19|0x00000000e1300000, 0x00000000e1400000, 0x00000000e1400000|100%| O|  |TAMS 0x00000000e1300000, 0x00000000e1300000| Untracked 
|  20|0x00000000e1400000, 0x00000000e1500000, 0x00000000e1500000|100%| O|  |TAMS 0x00000000e1400000, 0x00000000e1400000| Untracked 
|  21|0x00000000e1500000, 0x00000000e155c800, 0x00000000e1600000| 36%| O|  |TAMS 0x00000000e1500000, 0x00000000e1500000| Untracked 
|  22|0x00000000e1600000, 0x00000000e1600000, 0x00000000e1700000|  0%| F|  |TAMS 0x00000000e1600000, 0x00000000e1600000| Untracked 
|  23|0x00000000e1700000, 0x00000000e1700000, 0x00000000e1800000|  0%| F|  |TAMS 0x00000000e1700000, 0x00000000e1700000| Untracked 
|  24|0x00000000e1800000, 0x00000000e1800000, 0x00000000e1900000|  0%| F|  |TAMS 0x00000000e1800000, 0x00000000e1800000| Untracked 
|  25|0x00000000e1900000, 0x00000000e1900000, 0x00000000e1a00000|  0%| F|  |TAMS 0x00000000e1900000, 0x00000000e1900000| Untracked 
|  26|0x00000000e1a00000, 0x00000000e1a00000, 0x00000000e1b00000|  0%| F|  |TAMS 0x00000000e1a00000, 0x00000000e1a00000| Untracked 
|  27|0x00000000e1b00000, 0x00000000e1b00000, 0x00000000e1c00000|  0%| F|  |TAMS 0x00000000e1b00000, 0x00000000e1b00000| Untracked 
|  28|0x00000000e1c00000, 0x00000000e1c00000, 0x00000000e1d00000|  0%| F|  |TAMS 0x00000000e1c00000, 0x00000000e1c00000| Untracked 
|  29|0x00000000e1d00000, 0x00000000e1d00000, 0x00000000e1e00000|  0%| F|  |TAMS 0x00000000e1d00000, 0x00000000e1d00000| Untracked 
|  30|0x00000000e1e00000, 0x00000000e1e00000, 0x00000000e1f00000|  0%| F|  |TAMS 0x00000000e1e00000, 0x00000000e1e00000| Untracked 
|  31|0x00000000e1f00000, 0x00000000e1f00000, 0x00000000e2000000|  0%| F|  |TAMS 0x00000000e1f00000, 0x00000000e1f00000| Untracked 
|  32|0x00000000e2000000, 0x00000000e2000000, 0x00000000e2100000|  0%| F|  |TAMS 0x00000000e2000000, 0x00000000e2000000| Untracked 
|  33|0x00000000e2100000, 0x00000000e2100000, 0x00000000e2200000|  0%| F|  |TAMS 0x00000000e2100000, 0x00000000e2100000| Untracked 
|  34|0x00000000e2200000, 0x00000000e2200000, 0x00000000e2300000|  0%| F|  |TAMS 0x00000000e2200000, 0x00000000e2200000| Untracked 
|  35|0x00000000e2300000, 0x00000000e2300000, 0x00000000e2400000|  0%| F|  |TAMS 0x00000000e2300000, 0x00000000e2300000| Untracked 
|  36|0x00000000e2400000, 0x00000000e2400000, 0x00000000e2500000|  0%| F|  |TAMS 0x00000000e2400000, 0x00000000e2400000| Untracked 
|  37|0x00000000e2500000, 0x00000000e2500000, 0x00000000e2600000|  0%| F|  |TAMS 0x00000000e2500000, 0x00000000e2500000| Untracked 
|  38|0x00000000e2600000, 0x00000000e2600000, 0x00000000e2700000|  0%| F|  |TAMS 0x00000000e2600000, 0x00000000e2600000| Untracked 
|  39|0x00000000e2700000, 0x00000000e2700000, 0x00000000e2800000|  0%| F|  |TAMS 0x00000000e2700000, 0x00000000e2700000| Untracked 
|  40|0x00000000e2800000, 0x00000000e2800000, 0x00000000e2900000|  0%| F|  |TAMS 0x00000000e2800000, 0x00000000e2800000| Untracked 
|  41|0x00000000e2900000, 0x00000000e2900000, 0x00000000e2a00000|  0%| F|  |TAMS 0x00000000e2900000, 0x00000000e2900000| Untracked 
|  42|0x00000000e2a00000, 0x00000000e2a00000, 0x00000000e2b00000|  0%| F|  |TAMS 0x00000000e2a00000, 0x00000000e2a00000| Untracked 
|  43|0x00000000e2b00000, 0x00000000e2b00000, 0x00000000e2c00000|  0%| F|  |TAMS 0x00000000e2b00000, 0x00000000e2b00000| Untracked 
|  44|0x00000000e2c00000, 0x00000000e2c00000, 0x00000000e2d00000|  0%| F|  |TAMS 0x00000000e2c00000, 0x00000000e2c00000| Untracked 
|  45|0x00000000e2d00000, 0x00000000e2d00000, 0x00000000e2e00000|  0%| F|  |TAMS 0x00000000e2d00000, 0x00000000e2d00000| Untracked 
|  46|0x00000000e2e00000, 0x00000000e2e00000, 0x00000000e2f00000|  0%| F|  |TAMS 0x00000000e2e00000, 0x00000000e2e00000| Untracked 
|  47|0x00000000e2f00000, 0x00000000e2f00000, 0x00000000e3000000|  0%| F|  |TAMS 0x00000000e2f00000, 0x00000000e2f00000| Untracked 
|  48|0x00000000e3000000, 0x00000000e3000000, 0x00000000e3100000|  0%| F|  |TAMS 0x00000000e3000000, 0x00000000e3000000| Untracked 
|  49|0x00000000e3100000, 0x00000000e3100000, 0x00000000e3200000|  0%| F|  |TAMS 0x00000000e3100000, 0x00000000e3100000| Untracked 
|  50|0x00000000e3200000, 0x00000000e3200000, 0x00000000e3300000|  0%| F|  |TAMS 0x00000000e3200000, 0x00000000e3200000| Untracked 
|  51|0x00000000e3300000, 0x00000000e3300000, 0x00000000e3400000|  0%| F|  |TAMS 0x00000000e3300000, 0x00000000e3300000| Untracked 
|  52|0x00000000e3400000, 0x00000000e3400000, 0x00000000e3500000|  0%| F|  |TAMS 0x00000000e3400000, 0x00000000e3400000| Untracked 
|  53|0x00000000e3500000, 0x00000000e3500000, 0x00000000e3600000|  0%| F|  |TAMS 0x00000000e3500000, 0x00000000e3500000| Untracked 
|  54|0x00000000e3600000, 0x00000000e3600000, 0x00000000e3700000|  0%| F|  |TAMS 0x00000000e3600000, 0x00000000e3600000| Untracked 
|  55|0x00000000e3700000, 0x00000000e3700000, 0x00000000e3800000|  0%| F|  |TAMS 0x00000000e3700000, 0x00000000e3700000| Untracked 
|  56|0x00000000e3800000, 0x00000000e3800000, 0x00000000e3900000|  0%| F|  |TAMS 0x00000000e3800000, 0x00000000e3800000| Untracked 
|  57|0x00000000e3900000, 0x00000000e3900000, 0x00000000e3a00000|  0%| F|  |TAMS 0x00000000e3900000, 0x00000000e3900000| Untracked 
|  58|0x00000000e3a00000, 0x00000000e3a00000, 0x00000000e3b00000|  0%| F|  |TAMS 0x00000000e3a00000, 0x00000000e3a00000| Untracked 
|  59|0x00000000e3b00000, 0x00000000e3b00000, 0x00000000e3c00000|  0%| F|  |TAMS 0x00000000e3b00000, 0x00000000e3b00000| Untracked 
|  60|0x00000000e3c00000, 0x00000000e3c00000, 0x00000000e3d00000|  0%| F|  |TAMS 0x00000000e3c00000, 0x00000000e3c00000| Untracked 
|  61|0x00000000e3d00000, 0x00000000e3d00000, 0x00000000e3e00000|  0%| F|  |TAMS 0x00000000e3d00000, 0x00000000e3d00000| Untracked 
|  62|0x00000000e3e00000, 0x00000000e3e00000, 0x00000000e3f00000|  0%| F|  |TAMS 0x00000000e3e00000, 0x00000000e3e00000| Untracked 
|  63|0x00000000e3f00000, 0x00000000e3f00000, 0x00000000e4000000|  0%| F|  |TAMS 0x00000000e3f00000, 0x00000000e3f00000| Untracked 
|  64|0x00000000e4000000, 0x00000000e4000000, 0x00000000e4100000|  0%| F|  |TAMS 0x00000000e4000000, 0x00000000e4000000| Untracked 
|  65|0x00000000e4100000, 0x00000000e4100000, 0x00000000e4200000|  0%| F|  |TAMS 0x00000000e4100000, 0x00000000e4100000| Untracked 
|  66|0x00000000e4200000, 0x00000000e4200000, 0x00000000e4300000|  0%| F|  |TAMS 0x00000000e4200000, 0x00000000e4200000| Untracked 
|  67|0x00000000e4300000, 0x00000000e4300000, 0x00000000e4400000|  0%| F|  |TAMS 0x00000000e4300000, 0x00000000e4300000| Untracked 
|  68|0x00000000e4400000, 0x00000000e4400000, 0x00000000e4500000|  0%| F|  |TAMS 0x00000000e4400000, 0x00000000e4400000| Untracked 
|  69|0x00000000e4500000, 0x00000000e4500000, 0x00000000e4600000|  0%| F|  |TAMS 0x00000000e4500000, 0x00000000e4500000| Untracked 
|  70|0x00000000e4600000, 0x00000000e4600000, 0x00000000e4700000|  0%| F|  |TAMS 0x00000000e4600000, 0x00000000e4600000| Untracked 
|  71|0x00000000e4700000, 0x00000000e4700000, 0x00000000e4800000|  0%| F|  |TAMS 0x00000000e4700000, 0x00000000e4700000| Untracked 
|  72|0x00000000e4800000, 0x00000000e4800000, 0x00000000e4900000|  0%| F|  |TAMS 0x00000000e4800000, 0x00000000e4800000| Untracked 
|  73|0x00000000e4900000, 0x00000000e4900000, 0x00000000e4a00000|  0%| F|  |TAMS 0x00000000e4900000, 0x00000000e4900000| Untracked 
|  74|0x00000000e4a00000, 0x00000000e4a00000, 0x00000000e4b00000|  0%| F|  |TAMS 0x00000000e4a00000, 0x00000000e4a00000| Untracked 
|  75|0x00000000e4b00000, 0x00000000e4b00000, 0x00000000e4c00000|  0%| F|  |TAMS 0x00000000e4b00000, 0x00000000e4b00000| Untracked 
|  76|0x00000000e4c00000, 0x00000000e4c00000, 0x00000000e4d00000|  0%| F|  |TAMS 0x00000000e4c00000, 0x00000000e4c00000| Untracked 
|  77|0x00000000e4d00000, 0x00000000e4d00000, 0x00000000e4e00000|  0%| F|  |TAMS 0x00000000e4d00000, 0x00000000e4d00000| Untracked 
|  78|0x00000000e4e00000, 0x00000000e4e00000, 0x00000000e4f00000|  0%| F|  |TAMS 0x00000000e4e00000, 0x00000000e4e00000| Untracked 
|  79|0x00000000e4f00000, 0x00000000e4f00000, 0x00000000e5000000|  0%| F|  |TAMS 0x00000000e4f00000, 0x00000000e4f00000| Untracked 
|  80|0x00000000e5000000, 0x00000000e5000000, 0x00000000e5100000|  0%| F|  |TAMS 0x00000000e5000000, 0x00000000e5000000| Untracked 
|  81|0x00000000e5100000, 0x00000000e5100000, 0x00000000e5200000|  0%| F|  |TAMS 0x00000000e5100000, 0x00000000e5100000| Untracked 
|  82|0x00000000e5200000, 0x00000000e5200000, 0x00000000e5300000|  0%| F|  |TAMS 0x00000000e5200000, 0x00000000e5200000| Untracked 
|  83|0x00000000e5300000, 0x00000000e53c4668, 0x00000000e5400000| 76%| S|CS|TAMS 0x00000000e5300000, 0x00000000e5300000| Complete 
|  84|0x00000000e5400000, 0x00000000e5500000, 0x00000000e5500000|100%| S|CS|TAMS 0x00000000e5400000, 0x00000000e5400000| Complete 
|  85|0x00000000e5500000, 0x00000000e5600000, 0x00000000e5600000|100%| S|CS|TAMS 0x00000000e5500000, 0x00000000e5500000| Complete 
|  86|0x00000000e5600000, 0x00000000e5700000, 0x00000000e5700000|100%| S|CS|TAMS 0x00000000e5600000, 0x00000000e5600000| Complete 
|  87|0x00000000e5700000, 0x00000000e5800000, 0x00000000e5800000|100%| S|CS|TAMS 0x00000000e5700000, 0x00000000e5700000| Complete 
|  88|0x00000000e5800000, 0x00000000e5900000, 0x00000000e5900000|100%| S|CS|TAMS 0x00000000e5800000, 0x00000000e5800000| Complete 
|  89|0x00000000e5900000, 0x00000000e5a00000, 0x00000000e5a00000|100%| S|CS|TAMS 0x00000000e5900000, 0x00000000e5900000| Complete 
|  90|0x00000000e5a00000, 0x00000000e5b00000, 0x00000000e5b00000|100%| S|CS|TAMS 0x00000000e5a00000, 0x00000000e5a00000| Complete 
|  91|0x00000000e5b00000, 0x00000000e5c00000, 0x00000000e5c00000|100%| S|CS|TAMS 0x00000000e5b00000, 0x00000000e5b00000| Complete 
|  92|0x00000000e5c00000, 0x00000000e5d00000, 0x00000000e5d00000|100%| S|CS|TAMS 0x00000000e5c00000, 0x00000000e5c00000| Complete 
|  93|0x00000000e5d00000, 0x00000000e5e00000, 0x00000000e5e00000|100%| S|CS|TAMS 0x00000000e5d00000, 0x00000000e5d00000| Complete 
|  94|0x00000000e5e00000, 0x00000000e5f00000, 0x00000000e5f00000|100%| S|CS|TAMS 0x00000000e5e00000, 0x00000000e5e00000| Complete 
|  95|0x00000000e5f00000, 0x00000000e6000000, 0x00000000e6000000|100%| S|CS|TAMS 0x00000000e5f00000, 0x00000000e5f00000| Complete 
|  96|0x00000000e6000000, 0x00000000e6100000, 0x00000000e6100000|100%| S|CS|TAMS 0x00000000e6000000, 0x00000000e6000000| Complete 
|  97|0x00000000e6100000, 0x00000000e6200000, 0x00000000e6200000|100%| S|CS|TAMS 0x00000000e6100000, 0x00000000e6100000| Complete 
|  98|0x00000000e6200000, 0x00000000e6300000, 0x00000000e6300000|100%| S|CS|TAMS 0x00000000e6200000, 0x00000000e6200000| Complete 
|  99|0x00000000e6300000, 0x00000000e6400000, 0x00000000e6400000|100%| S|CS|TAMS 0x00000000e6300000, 0x00000000e6300000| Complete 
| 100|0x00000000e6400000, 0x00000000e6500000, 0x00000000e6500000|100%| S|CS|TAMS 0x00000000e6400000, 0x00000000e6400000| Complete 
| 101|0x00000000e6500000, 0x00000000e6600000, 0x00000000e6600000|100%| S|CS|TAMS 0x00000000e6500000, 0x00000000e6500000| Complete 
| 102|0x00000000e6600000, 0x00000000e6700000, 0x00000000e6700000|100%| S|CS|TAMS 0x00000000e6600000, 0x00000000e6600000| Complete 
| 103|0x00000000e6700000, 0x00000000e6700000, 0x00000000e6800000|  0%| F|  |TAMS 0x00000000e6700000, 0x00000000e6700000| Untracked 
| 104|0x00000000e6800000, 0x00000000e6800000, 0x00000000e6900000|  0%| F|  |TAMS 0x00000000e6800000, 0x00000000e6800000| Untracked 
| 105|0x00000000e6900000, 0x00000000e6900000, 0x00000000e6a00000|  0%| F|  |TAMS 0x00000000e6900000, 0x00000000e6900000| Untracked 
| 106|0x00000000e6a00000, 0x00000000e6a00000, 0x00000000e6b00000|  0%| F|  |TAMS 0x00000000e6a00000, 0x00000000e6a00000| Untracked 
| 107|0x00000000e6b00000, 0x00000000e6b00000, 0x00000000e6c00000|  0%| F|  |TAMS 0x00000000e6b00000, 0x00000000e6b00000| Untracked 
| 108|0x00000000e6c00000, 0x00000000e6c00000, 0x00000000e6d00000|  0%| F|  |TAMS 0x00000000e6c00000, 0x00000000e6c00000| Untracked 
| 109|0x00000000e6d00000, 0x00000000e6d00000, 0x00000000e6e00000|  0%| F|  |TAMS 0x00000000e6d00000, 0x00000000e6d00000| Untracked 
| 110|0x00000000e6e00000, 0x00000000e6e00000, 0x00000000e6f00000|  0%| F|  |TAMS 0x00000000e6e00000, 0x00000000e6e00000| Untracked 
| 111|0x00000000e6f00000, 0x00000000e6f00000, 0x00000000e7000000|  0%| F|  |TAMS 0x00000000e6f00000, 0x00000000e6f00000| Untracked 
| 112|0x00000000e7000000, 0x00000000e7000000, 0x00000000e7100000|  0%| F|  |TAMS 0x00000000e7000000, 0x00000000e7000000| Untracked 
| 113|0x00000000e7100000, 0x00000000e7100000, 0x00000000e7200000|  0%| F|  |TAMS 0x00000000e7100000, 0x00000000e7100000| Untracked 
| 114|0x00000000e7200000, 0x00000000e7200000, 0x00000000e7300000|  0%| F|  |TAMS 0x00000000e7200000, 0x00000000e7200000| Untracked 
| 115|0x00000000e7300000, 0x00000000e7300000, 0x00000000e7400000|  0%| F|  |TAMS 0x00000000e7300000, 0x00000000e7300000| Untracked 
| 116|0x00000000e7400000, 0x00000000e7400000, 0x00000000e7500000|  0%| F|  |TAMS 0x00000000e7400000, 0x00000000e7400000| Untracked 
| 117|0x00000000e7500000, 0x00000000e7500000, 0x00000000e7600000|  0%| F|  |TAMS 0x00000000e7500000, 0x00000000e7500000| Untracked 
| 118|0x00000000e7600000, 0x00000000e7600000, 0x00000000e7700000|  0%| F|  |TAMS 0x00000000e7600000, 0x00000000e7600000| Untracked 
| 119|0x00000000e7700000, 0x00000000e7700000, 0x00000000e7800000|  0%| F|  |TAMS 0x00000000e7700000, 0x00000000e7700000| Untracked 
| 120|0x00000000e7800000, 0x00000000e7800000, 0x00000000e7900000|  0%| F|  |TAMS 0x00000000e7800000, 0x00000000e7800000| Untracked 
| 121|0x00000000e7900000, 0x00000000e7900000, 0x00000000e7a00000|  0%| F|  |TAMS 0x00000000e7900000, 0x00000000e7900000| Untracked 
| 122|0x00000000e7a00000, 0x00000000e7a00000, 0x00000000e7b00000|  0%| F|  |TAMS 0x00000000e7a00000, 0x00000000e7a00000| Untracked 
| 123|0x00000000e7b00000, 0x00000000e7b00000, 0x00000000e7c00000|  0%| F|  |TAMS 0x00000000e7b00000, 0x00000000e7b00000| Untracked 
| 124|0x00000000e7c00000, 0x00000000e7c00000, 0x00000000e7d00000|  0%| F|  |TAMS 0x00000000e7c00000, 0x00000000e7c00000| Untracked 
| 125|0x00000000e7d00000, 0x00000000e7d00000, 0x00000000e7e00000|  0%| F|  |TAMS 0x00000000e7d00000, 0x00000000e7d00000| Untracked 
| 126|0x00000000e7e00000, 0x00000000e7e00000, 0x00000000e7f00000|  0%| F|  |TAMS 0x00000000e7e00000, 0x00000000e7e00000| Untracked 
| 127|0x00000000e7f00000, 0x00000000e7f00000, 0x00000000e8000000|  0%| F|  |TAMS 0x00000000e7f00000, 0x00000000e7f00000| Untracked 
| 128|0x00000000e8000000, 0x00000000e8000000, 0x00000000e8100000|  0%| F|  |TAMS 0x00000000e8000000, 0x00000000e8000000| Untracked 
| 129|0x00000000e8100000, 0x00000000e8100000, 0x00000000e8200000|  0%| F|  |TAMS 0x00000000e8100000, 0x00000000e8100000| Untracked 
| 130|0x00000000e8200000, 0x00000000e8200000, 0x00000000e8300000|  0%| F|  |TAMS 0x00000000e8200000, 0x00000000e8200000| Untracked 
| 131|0x00000000e8300000, 0x00000000e8300000, 0x00000000e8400000|  0%| F|  |TAMS 0x00000000e8300000, 0x00000000e8300000| Untracked 
| 132|0x00000000e8400000, 0x00000000e8400000, 0x00000000e8500000|  0%| F|  |TAMS 0x00000000e8400000, 0x00000000e8400000| Untracked 
| 133|0x00000000e8500000, 0x00000000e8500000, 0x00000000e8600000|  0%| F|  |TAMS 0x00000000e8500000, 0x00000000e8500000| Untracked 
| 134|0x00000000e8600000, 0x00000000e8600000, 0x00000000e8700000|  0%| F|  |TAMS 0x00000000e8600000, 0x00000000e8600000| Untracked 
| 135|0x00000000e8700000, 0x00000000e8700000, 0x00000000e8800000|  0%| F|  |TAMS 0x00000000e8700000, 0x00000000e8700000| Untracked 
| 136|0x00000000e8800000, 0x00000000e8800000, 0x00000000e8900000|  0%| F|  |TAMS 0x00000000e8800000, 0x00000000e8800000| Untracked 
| 137|0x00000000e8900000, 0x00000000e8900000, 0x00000000e8a00000|  0%| F|  |TAMS 0x00000000e8900000, 0x00000000e8900000| Untracked 
| 138|0x00000000e8a00000, 0x00000000e8a00000, 0x00000000e8b00000|  0%| F|  |TAMS 0x00000000e8a00000, 0x00000000e8a00000| Untracked 
| 139|0x00000000e8b00000, 0x00000000e8b00000, 0x00000000e8c00000|  0%| F|  |TAMS 0x00000000e8b00000, 0x00000000e8b00000| Untracked 
| 140|0x00000000e8c00000, 0x00000000e8c00000, 0x00000000e8d00000|  0%| F|  |TAMS 0x00000000e8c00000, 0x00000000e8c00000| Untracked 
| 141|0x00000000e8d00000, 0x00000000e8d00000, 0x00000000e8e00000|  0%| F|  |TAMS 0x00000000e8d00000, 0x00000000e8d00000| Untracked 
| 142|0x00000000e8e00000, 0x00000000e8e00000, 0x00000000e8f00000|  0%| F|  |TAMS 0x00000000e8e00000, 0x00000000e8e00000| Untracked 
| 143|0x00000000e8f00000, 0x00000000e8f00000, 0x00000000e9000000|  0%| F|  |TAMS 0x00000000e8f00000, 0x00000000e8f00000| Untracked 
| 144|0x00000000e9000000, 0x00000000e9000000, 0x00000000e9100000|  0%| F|  |TAMS 0x00000000e9000000, 0x00000000e9000000| Untracked 
| 145|0x00000000e9100000, 0x00000000e9100000, 0x00000000e9200000|  0%| F|  |TAMS 0x00000000e9100000, 0x00000000e9100000| Untracked 
| 146|0x00000000e9200000, 0x00000000e9200000, 0x00000000e9300000|  0%| F|  |TAMS 0x00000000e9200000, 0x00000000e9200000| Untracked 
| 147|0x00000000e9300000, 0x00000000e9300000, 0x00000000e9400000|  0%| F|  |TAMS 0x00000000e9300000, 0x00000000e9300000| Untracked 
| 148|0x00000000e9400000, 0x00000000e9400000, 0x00000000e9500000|  0%| F|  |TAMS 0x00000000e9400000, 0x00000000e9400000| Untracked 
| 149|0x00000000e9500000, 0x00000000e9500000, 0x00000000e9600000|  0%| F|  |TAMS 0x00000000e9500000, 0x00000000e9500000| Untracked 
| 150|0x00000000e9600000, 0x00000000e9600000, 0x00000000e9700000|  0%| F|  |TAMS 0x00000000e9600000, 0x00000000e9600000| Untracked 
| 151|0x00000000e9700000, 0x00000000e9700000, 0x00000000e9800000|  0%| F|  |TAMS 0x00000000e9700000, 0x00000000e9700000| Untracked 
| 152|0x00000000e9800000, 0x00000000e9800000, 0x00000000e9900000|  0%| F|  |TAMS 0x00000000e9800000, 0x00000000e9800000| Untracked 
| 153|0x00000000e9900000, 0x00000000e9900000, 0x00000000e9a00000|  0%| F|  |TAMS 0x00000000e9900000, 0x00000000e9900000| Untracked 
| 154|0x00000000e9a00000, 0x00000000e9a00000, 0x00000000e9b00000|  0%| F|  |TAMS 0x00000000e9a00000, 0x00000000e9a00000| Untracked 
| 155|0x00000000e9b00000, 0x00000000e9b00000, 0x00000000e9c00000|  0%| F|  |TAMS 0x00000000e9b00000, 0x00000000e9b00000| Untracked 
| 156|0x00000000e9c00000, 0x00000000e9c00000, 0x00000000e9d00000|  0%| F|  |TAMS 0x00000000e9c00000, 0x00000000e9c00000| Untracked 
| 157|0x00000000e9d00000, 0x00000000e9d00000, 0x00000000e9e00000|  0%| F|  |TAMS 0x00000000e9d00000, 0x00000000e9d00000| Untracked 
| 158|0x00000000e9e00000, 0x00000000e9e00000, 0x00000000e9f00000|  0%| F|  |TAMS 0x00000000e9e00000, 0x00000000e9e00000| Untracked 
| 159|0x00000000e9f00000, 0x00000000e9f00000, 0x00000000ea000000|  0%| F|  |TAMS 0x00000000e9f00000, 0x00000000e9f00000| Untracked 
| 160|0x00000000ea000000, 0x00000000ea000000, 0x00000000ea100000|  0%| F|  |TAMS 0x00000000ea000000, 0x00000000ea000000| Untracked 
| 161|0x00000000ea100000, 0x00000000ea100000, 0x00000000ea200000|  0%| F|  |TAMS 0x00000000ea100000, 0x00000000ea100000| Untracked 
| 162|0x00000000ea200000, 0x00000000ea200000, 0x00000000ea300000|  0%| F|  |TAMS 0x00000000ea200000, 0x00000000ea200000| Untracked 
| 163|0x00000000ea300000, 0x00000000ea300000, 0x00000000ea400000|  0%| F|  |TAMS 0x00000000ea300000, 0x00000000ea300000| Untracked 
| 164|0x00000000ea400000, 0x00000000ea400000, 0x00000000ea500000|  0%| F|  |TAMS 0x00000000ea400000, 0x00000000ea400000| Untracked 
| 165|0x00000000ea500000, 0x00000000ea500000, 0x00000000ea600000|  0%| F|  |TAMS 0x00000000ea500000, 0x00000000ea500000| Untracked 
| 166|0x00000000ea600000, 0x00000000ea600000, 0x00000000ea700000|  0%| F|  |TAMS 0x00000000ea600000, 0x00000000ea600000| Untracked 
| 167|0x00000000ea700000, 0x00000000ea700000, 0x00000000ea800000|  0%| F|  |TAMS 0x00000000ea700000, 0x00000000ea700000| Untracked 
| 168|0x00000000ea800000, 0x00000000ea800000, 0x00000000ea900000|  0%| F|  |TAMS 0x00000000ea800000, 0x00000000ea800000| Untracked 
| 169|0x00000000ea900000, 0x00000000ea900000, 0x00000000eaa00000|  0%| F|  |TAMS 0x00000000ea900000, 0x00000000ea900000| Untracked 
| 170|0x00000000eaa00000, 0x00000000eaa00000, 0x00000000eab00000|  0%| F|  |TAMS 0x00000000eaa00000, 0x00000000eaa00000| Untracked 
| 171|0x00000000eab00000, 0x00000000eab00000, 0x00000000eac00000|  0%| F|  |TAMS 0x00000000eab00000, 0x00000000eab00000| Untracked 
| 172|0x00000000eac00000, 0x00000000eac00000, 0x00000000ead00000|  0%| F|  |TAMS 0x00000000eac00000, 0x00000000eac00000| Untracked 
| 173|0x00000000ead00000, 0x00000000ead00000, 0x00000000eae00000|  0%| F|  |TAMS 0x00000000ead00000, 0x00000000ead00000| Untracked 
| 174|0x00000000eae00000, 0x00000000eae00000, 0x00000000eaf00000|  0%| F|  |TAMS 0x00000000eae00000, 0x00000000eae00000| Untracked 
| 175|0x00000000eaf00000, 0x00000000eaf00000, 0x00000000eb000000|  0%| F|  |TAMS 0x00000000eaf00000, 0x00000000eaf00000| Untracked 
| 176|0x00000000eb000000, 0x00000000eb000000, 0x00000000eb100000|  0%| F|  |TAMS 0x00000000eb000000, 0x00000000eb000000| Untracked 
| 177|0x00000000eb100000, 0x00000000eb100000, 0x00000000eb200000|  0%| F|  |TAMS 0x00000000eb100000, 0x00000000eb100000| Untracked 
| 178|0x00000000eb200000, 0x00000000eb200000, 0x00000000eb300000|  0%| F|  |TAMS 0x00000000eb200000, 0x00000000eb200000| Untracked 
| 179|0x00000000eb300000, 0x00000000eb300000, 0x00000000eb400000|  0%| F|  |TAMS 0x00000000eb300000, 0x00000000eb300000| Untracked 
| 180|0x00000000eb400000, 0x00000000eb400000, 0x00000000eb500000|  0%| F|  |TAMS 0x00000000eb400000, 0x00000000eb400000| Untracked 
| 181|0x00000000eb500000, 0x00000000eb500000, 0x00000000eb600000|  0%| F|  |TAMS 0x00000000eb500000, 0x00000000eb500000| Untracked 
| 182|0x00000000eb600000, 0x00000000eb600000, 0x00000000eb700000|  0%| F|  |TAMS 0x00000000eb600000, 0x00000000eb600000| Untracked 
| 183|0x00000000eb700000, 0x00000000eb700000, 0x00000000eb800000|  0%| F|  |TAMS 0x00000000eb700000, 0x00000000eb700000| Untracked 
| 184|0x00000000eb800000, 0x00000000eb800000, 0x00000000eb900000|  0%| F|  |TAMS 0x00000000eb800000, 0x00000000eb800000| Untracked 
| 185|0x00000000eb900000, 0x00000000eb900000, 0x00000000eba00000|  0%| F|  |TAMS 0x00000000eb900000, 0x00000000eb900000| Untracked 
| 186|0x00000000eba00000, 0x00000000eba00000, 0x00000000ebb00000|  0%| F|  |TAMS 0x00000000eba00000, 0x00000000eba00000| Untracked 
| 187|0x00000000ebb00000, 0x00000000ebb00000, 0x00000000ebc00000|  0%| F|  |TAMS 0x00000000ebb00000, 0x00000000ebb00000| Untracked 
| 188|0x00000000ebc00000, 0x00000000ebc00000, 0x00000000ebd00000|  0%| F|  |TAMS 0x00000000ebc00000, 0x00000000ebc00000| Untracked 
| 189|0x00000000ebd00000, 0x00000000ebd00000, 0x00000000ebe00000|  0%| F|  |TAMS 0x00000000ebd00000, 0x00000000ebd00000| Untracked 
| 190|0x00000000ebe00000, 0x00000000ebe00000, 0x00000000ebf00000|  0%| F|  |TAMS 0x00000000ebe00000, 0x00000000ebe00000| Untracked 
| 191|0x00000000ebf00000, 0x00000000ebf00000, 0x00000000ec000000|  0%| F|  |TAMS 0x00000000ebf00000, 0x00000000ebf00000| Untracked 
| 192|0x00000000ec000000, 0x00000000ec000000, 0x00000000ec100000|  0%| F|  |TAMS 0x00000000ec000000, 0x00000000ec000000| Untracked 
| 193|0x00000000ec100000, 0x00000000ec100000, 0x00000000ec200000|  0%| F|  |TAMS 0x00000000ec100000, 0x00000000ec100000| Untracked 
| 194|0x00000000ec200000, 0x00000000ec200000, 0x00000000ec300000|  0%| F|  |TAMS 0x00000000ec200000, 0x00000000ec200000| Untracked 
| 195|0x00000000ec300000, 0x00000000ec300000, 0x00000000ec400000|  0%| F|  |TAMS 0x00000000ec300000, 0x00000000ec300000| Untracked 
| 196|0x00000000ec400000, 0x00000000ec400000, 0x00000000ec500000|  0%| F|  |TAMS 0x00000000ec400000, 0x00000000ec400000| Untracked 
| 197|0x00000000ec500000, 0x00000000ec500000, 0x00000000ec600000|  0%| F|  |TAMS 0x00000000ec500000, 0x00000000ec500000| Untracked 
| 198|0x00000000ec600000, 0x00000000ec600000, 0x00000000ec700000|  0%| F|  |TAMS 0x00000000ec600000, 0x00000000ec600000| Untracked 
| 199|0x00000000ec700000, 0x00000000ec700000, 0x00000000ec800000|  0%| F|  |TAMS 0x00000000ec700000, 0x00000000ec700000| Untracked 
| 200|0x00000000ec800000, 0x00000000ec800000, 0x00000000ec900000|  0%| F|  |TAMS 0x00000000ec800000, 0x00000000ec800000| Untracked 
| 201|0x00000000ec900000, 0x00000000ec900000, 0x00000000eca00000|  0%| F|  |TAMS 0x00000000ec900000, 0x00000000ec900000| Untracked 
| 202|0x00000000eca00000, 0x00000000eca00000, 0x00000000ecb00000|  0%| F|  |TAMS 0x00000000eca00000, 0x00000000eca00000| Untracked 
| 203|0x00000000ecb00000, 0x00000000ecb00000, 0x00000000ecc00000|  0%| F|  |TAMS 0x00000000ecb00000, 0x00000000ecb00000| Untracked 
| 204|0x00000000ecc00000, 0x00000000ecc00000, 0x00000000ecd00000|  0%| F|  |TAMS 0x00000000ecc00000, 0x00000000ecc00000| Untracked 
| 205|0x00000000ecd00000, 0x00000000ecd00000, 0x00000000ece00000|  0%| F|  |TAMS 0x00000000ecd00000, 0x00000000ecd00000| Untracked 
| 206|0x00000000ece00000, 0x00000000ece00000, 0x00000000ecf00000|  0%| F|  |TAMS 0x00000000ece00000, 0x00000000ece00000| Untracked 
| 207|0x00000000ecf00000, 0x00000000ecf00000, 0x00000000ed000000|  0%| F|  |TAMS 0x00000000ecf00000, 0x00000000ecf00000| Untracked 
| 208|0x00000000ed000000, 0x00000000ed000000, 0x00000000ed100000|  0%| F|  |TAMS 0x00000000ed000000, 0x00000000ed000000| Untracked 
| 209|0x00000000ed100000, 0x00000000ed100000, 0x00000000ed200000|  0%| F|  |TAMS 0x00000000ed100000, 0x00000000ed100000| Untracked 
| 210|0x00000000ed200000, 0x00000000ed200000, 0x00000000ed300000|  0%| F|  |TAMS 0x00000000ed200000, 0x00000000ed200000| Untracked 
| 211|0x00000000ed300000, 0x00000000ed300000, 0x00000000ed400000|  0%| F|  |TAMS 0x00000000ed300000, 0x00000000ed300000| Untracked 
| 212|0x00000000ed400000, 0x00000000ed400000, 0x00000000ed500000|  0%| F|  |TAMS 0x00000000ed400000, 0x00000000ed400000| Untracked 
| 213|0x00000000ed500000, 0x00000000ed500000, 0x00000000ed600000|  0%| F|  |TAMS 0x00000000ed500000, 0x00000000ed500000| Untracked 
| 214|0x00000000ed600000, 0x00000000ed600000, 0x00000000ed700000|  0%| F|  |TAMS 0x00000000ed600000, 0x00000000ed600000| Untracked 
| 215|0x00000000ed700000, 0x00000000ed700000, 0x00000000ed800000|  0%| F|  |TAMS 0x00000000ed700000, 0x00000000ed700000| Untracked 
| 216|0x00000000ed800000, 0x00000000ed800000, 0x00000000ed900000|  0%| F|  |TAMS 0x00000000ed800000, 0x00000000ed800000| Untracked 
| 217|0x00000000ed900000, 0x00000000ed900000, 0x00000000eda00000|  0%| F|  |TAMS 0x00000000ed900000, 0x00000000ed900000| Untracked 
| 218|0x00000000eda00000, 0x00000000eda00000, 0x00000000edb00000|  0%| F|  |TAMS 0x00000000eda00000, 0x00000000eda00000| Untracked 
| 219|0x00000000edb00000, 0x00000000edb00000, 0x00000000edc00000|  0%| F|  |TAMS 0x00000000edb00000, 0x00000000edb00000| Untracked 
| 220|0x00000000edc00000, 0x00000000edc00000, 0x00000000edd00000|  0%| F|  |TAMS 0x00000000edc00000, 0x00000000edc00000| Untracked 
| 221|0x00000000edd00000, 0x00000000edd00000, 0x00000000ede00000|  0%| F|  |TAMS 0x00000000edd00000, 0x00000000edd00000| Untracked 
| 222|0x00000000ede00000, 0x00000000ede00000, 0x00000000edf00000|  0%| F|  |TAMS 0x00000000ede00000, 0x00000000ede00000| Untracked 
| 223|0x00000000edf00000, 0x00000000edf00000, 0x00000000ee000000|  0%| F|  |TAMS 0x00000000edf00000, 0x00000000edf00000| Untracked 
| 224|0x00000000ee000000, 0x00000000ee000000, 0x00000000ee100000|  0%| F|  |TAMS 0x00000000ee000000, 0x00000000ee000000| Untracked 
| 225|0x00000000ee100000, 0x00000000ee100000, 0x00000000ee200000|  0%| F|  |TAMS 0x00000000ee100000, 0x00000000ee100000| Untracked 
| 226|0x00000000ee200000, 0x00000000ee200000, 0x00000000ee300000|  0%| F|  |TAMS 0x00000000ee200000, 0x00000000ee200000| Untracked 
| 227|0x00000000ee300000, 0x00000000ee300000, 0x00000000ee400000|  0%| F|  |TAMS 0x00000000ee300000, 0x00000000ee300000| Untracked 
| 228|0x00000000ee400000, 0x00000000ee400000, 0x00000000ee500000|  0%| F|  |TAMS 0x00000000ee400000, 0x00000000ee400000| Untracked 
| 229|0x00000000ee500000, 0x00000000ee500000, 0x00000000ee600000|  0%| F|  |TAMS 0x00000000ee500000, 0x00000000ee500000| Untracked 
| 230|0x00000000ee600000, 0x00000000ee600000, 0x00000000ee700000|  0%| F|  |TAMS 0x00000000ee600000, 0x00000000ee600000| Untracked 
| 231|0x00000000ee700000, 0x00000000ee700000, 0x00000000ee800000|  0%| F|  |TAMS 0x00000000ee700000, 0x00000000ee700000| Untracked 
| 232|0x00000000ee800000, 0x00000000ee800000, 0x00000000ee900000|  0%| F|  |TAMS 0x00000000ee800000, 0x00000000ee800000| Untracked 
| 233|0x00000000ee900000, 0x00000000ee900000, 0x00000000eea00000|  0%| F|  |TAMS 0x00000000ee900000, 0x00000000ee900000| Untracked 
| 234|0x00000000eea00000, 0x00000000eea00000, 0x00000000eeb00000|  0%| F|  |TAMS 0x00000000eea00000, 0x00000000eea00000| Untracked 
| 235|0x00000000eeb00000, 0x00000000eeb00000, 0x00000000eec00000|  0%| F|  |TAMS 0x00000000eeb00000, 0x00000000eeb00000| Untracked 
| 236|0x00000000eec00000, 0x00000000eec00000, 0x00000000eed00000|  0%| F|  |TAMS 0x00000000eec00000, 0x00000000eec00000| Untracked 
| 237|0x00000000eed00000, 0x00000000eed00000, 0x00000000eee00000|  0%| F|  |TAMS 0x00000000eed00000, 0x00000000eed00000| Untracked 
| 238|0x00000000eee00000, 0x00000000eee00000, 0x00000000eef00000|  0%| F|  |TAMS 0x00000000eee00000, 0x00000000eee00000| Untracked 
| 239|0x00000000eef00000, 0x00000000eef00000, 0x00000000ef000000|  0%| F|  |TAMS 0x00000000eef00000, 0x00000000eef00000| Untracked 
| 240|0x00000000ef000000, 0x00000000ef000000, 0x00000000ef100000|  0%| F|  |TAMS 0x00000000ef000000, 0x00000000ef000000| Untracked 
| 241|0x00000000ef100000, 0x00000000ef100000, 0x00000000ef200000|  0%| F|  |TAMS 0x00000000ef100000, 0x00000000ef100000| Untracked 
| 242|0x00000000ef200000, 0x00000000ef200000, 0x00000000ef300000|  0%| F|  |TAMS 0x00000000ef200000, 0x00000000ef200000| Untracked 
| 243|0x00000000ef300000, 0x00000000ef300000, 0x00000000ef400000|  0%| F|  |TAMS 0x00000000ef300000, 0x00000000ef300000| Untracked 
| 244|0x00000000ef400000, 0x00000000ef400000, 0x00000000ef500000|  0%| F|  |TAMS 0x00000000ef400000, 0x00000000ef400000| Untracked 
| 245|0x00000000ef500000, 0x00000000ef500000, 0x00000000ef600000|  0%| F|  |TAMS 0x00000000ef500000, 0x00000000ef500000| Untracked 
| 246|0x00000000ef600000, 0x00000000ef6d31d0, 0x00000000ef700000| 82%| E|  |TAMS 0x00000000ef600000, 0x00000000ef600000| Complete 
| 247|0x00000000ef700000, 0x00000000ef800000, 0x00000000ef800000|100%| E|CS|TAMS 0x00000000ef700000, 0x00000000ef700000| Complete 
| 248|0x00000000ef800000, 0x00000000ef900000, 0x00000000ef900000|100%| E|CS|TAMS 0x00000000ef800000, 0x00000000ef800000| Complete 
| 249|0x00000000ef900000, 0x00000000efa00000, 0x00000000efa00000|100%| E|CS|TAMS 0x00000000ef900000, 0x00000000ef900000| Complete 
| 250|0x00000000efa00000, 0x00000000efb00000, 0x00000000efb00000|100%| E|CS|TAMS 0x00000000efa00000, 0x00000000efa00000| Complete 
| 251|0x00000000efb00000, 0x00000000efc00000, 0x00000000efc00000|100%| E|CS|TAMS 0x00000000efb00000, 0x00000000efb00000| Complete 
| 252|0x00000000efc00000, 0x00000000efd00000, 0x00000000efd00000|100%| E|CS|TAMS 0x00000000efc00000, 0x00000000efc00000| Complete 
| 253|0x00000000efd00000, 0x00000000efe00000, 0x00000000efe00000|100%| E|CS|TAMS 0x00000000efd00000, 0x00000000efd00000| Complete 
| 254|0x00000000efe00000, 0x00000000eff00000, 0x00000000eff00000|100%| E|CS|TAMS 0x00000000efe00000, 0x00000000efe00000| Complete 
| 255|0x00000000eff00000, 0x00000000f0000000, 0x00000000f0000000|100%| E|CS|TAMS 0x00000000eff00000, 0x00000000eff00000| Complete 

Card table byte_map: [0x0000020360c60000,0x0000020360d60000] _byte_map_base: 0x0000020360560000

Marking Bits (Prev, Next): (CMBitMap*) 0x00000203494419f0, (CMBitMap*) 0x00000203494419b8
 Prev Bits: [0x0000020361660000, 0x0000020361e60000)
 Next Bits: [0x0000020360e60000, 0x0000020361660000)

Polling page: 0x0000020347390000

Metaspace:

Usage:
  Non-class:     54.26 MB capacity,    52.95 MB ( 98%) used,     1.10 MB (  2%) free+waste,   213.06 KB ( <1%) overhead. 
      Class:      8.91 MB capacity,     8.19 MB ( 92%) used,   635.30 KB (  7%) free+waste,   105.13 KB (  1%) overhead. 
       Both:     63.18 MB capacity,    61.15 MB ( 97%) used,     1.72 MB (  3%) free+waste,   318.19 KB ( <1%) overhead. 

Virtual space:
  Non-class space:       56.00 MB reserved,      54.50 MB ( 97%) committed 
      Class space:      248.00 MB reserved,       9.00 MB (  4%) committed 
             Both:      304.00 MB reserved,      63.50 MB ( 21%) committed 

Chunk freelists:
   Non-Class:  0 bytes
       Class:  0 bytes
        Both:  0 bytes

CodeHeap 'non-profiled nmethods': size=120000Kb used=2721Kb max_used=2721Kb free=117278Kb
 bounds [0x0000020359300000, 0x00000203595b0000, 0x0000020360830000]
CodeHeap 'profiled nmethods': size=120000Kb used=10483Kb max_used=10483Kb free=109517Kb
 bounds [0x0000020351dd0000, 0x0000020352820000, 0x0000020359300000]
CodeHeap 'non-nmethods': size=5760Kb used=2246Kb max_used=2286Kb free=3514Kb
 bounds [0x0000020351830000, 0x0000020351aa0000, 0x0000020351dd0000]
 total_blobs=5666 nmethods=4837 adapters=740
 compilation: enabled
              stopped_count=0, restarted_count=0
 full_count=0

Compilation events (10 events):
Event: 15.170 Thread 0x000002036524d000 nmethod 5471 0x0000020352813c90 code [0x0000020352813e40, 0x0000020352814150]
Event: 15.170 Thread 0x000002036524d000 5470       3       java.lang.ProcessEnvironment$CheckedEntry::getKey (5 bytes)
Event: 15.170 Thread 0x000002036524d000 nmethod 5470 0x0000020352814210 code [0x00000203528143e0, 0x0000020352814750]
Event: 15.170 Thread 0x000002036524d000 5469       3       java.lang.ProcessEnvironment$CheckedEntrySet$1::next (5 bytes)
Event: 15.170 Thread 0x000002036524d000 nmethod 5469 0x0000020352814890 code [0x0000020352814a60, 0x0000020352814f70]
Event: 15.190 Thread 0x000002036524d000 5477       3       java.lang.Thread::getContextClassLoader (32 bytes)
Event: 15.192 Thread 0x000002036524d000 nmethod 5477 0x0000020352815110 code [0x0000020352815340, 0x0000020352815c20]
Event: 15.218 Thread 0x0000020365244000 nmethod 5437 0x00000203595a5010 code [0x00000203595a52e0, 0x00000203595a6e10]
Event: 15.219 Thread 0x0000020365244000 5448       4       jdk.internal.reflect.ClassFileAssembler::cpi (22 bytes)
Event: 15.220 Thread 0x0000020365244000 nmethod 5448 0x00000203595a8010 code [0x00000203595a81a0, 0x00000203595a8218]

GC Heap History (10 events):
Event: 5.684 GC heap before
{Heap before GC invocations=1 (full 0):
 garbage-first heap   total 262144K, used 115646K [0x00000000e0000000, 0x0000000100000000)
  region size 1024K, 108 young (110592K), 3 survivors (3072K)
 Metaspace       used 20691K, capacity 21092K, committed 21248K, reserved 272384K
  class space    used 2542K, capacity 2716K, committed 2816K, reserved 253952K
}
Event: 5.698 GC heap after
{Heap after GC invocations=2 (full 0):
 garbage-first heap   total 262144K, used 16869K [0x00000000e0000000, 0x0000000100000000)
  region size 1024K, 11 young (11264K), 11 survivors (11264K)
 Metaspace       used 20691K, capacity 21092K, committed 21248K, reserved 272384K
  class space    used 2542K, capacity 2716K, committed 2816K, reserved 253952K
}
Event: 6.939 GC heap before
{Heap before GC invocations=3 (full 0):
 garbage-first heap   total 262144K, used 78309K [0x00000000e0000000, 0x0000000100000000)
  region size 1024K, 71 young (72704K), 11 survivors (11264K)
 Metaspace       used 27185K, capacity 27906K, committed 28160K, reserved 278528K
  class space    used 3575K, capacity 3831K, committed 3840K, reserved 253952K
}
Event: 6.954 GC heap after
{Heap after GC invocations=4 (full 0):
 garbage-first heap   total 262144K, used 19638K [0x00000000e0000000, 0x0000000100000000)
  region size 1024K, 3 young (3072K), 3 survivors (3072K)
 Metaspace       used 27185K, capacity 27906K, committed 28160K, reserved 278528K
  class space    used 3575K, capacity 3831K, committed 3840K, reserved 253952K
}
Event: 8.518 GC heap before
{Heap before GC invocations=4 (full 0):
 garbage-first heap   total 262144K, used 80054K [0x00000000e0000000, 0x0000000100000000)
  region size 1024K, 63 young (64512K), 3 survivors (3072K)
 Metaspace       used 34936K, capacity 35791K, committed 35840K, reserved 286720K
  class space    used 4612K, capacity 4952K, committed 4992K, reserved 253952K
}
Event: 8.529 GC heap after
{Heap after GC invocations=5 (full 0):
 garbage-first heap   total 262144K, used 22464K [0x00000000e0000000, 0x0000000100000000)
  region size 1024K, 6 young (6144K), 6 survivors (6144K)
 Metaspace       used 34936K, capacity 35791K, committed 35840K, reserved 286720K
  class space    used 4612K, capacity 4952K, committed 4992K, reserved 253952K
}
Event: 11.359 GC heap before
{Heap before GC invocations=6 (full 0):
 garbage-first heap   total 262144K, used 138176K [0x00000000e0000000, 0x0000000100000000)
  region size 1024K, 116 young (118784K), 6 survivors (6144K)
 Metaspace       used 46085K, capacity 47297K, committed 47488K, reserved 294912K
  class space    used 5988K, capacity 6411K, committed 6528K, reserved 253952K
}
Event: 11.384 GC heap after
{Heap after GC invocations=7 (full 0):
 garbage-first heap   total 262144K, used 31278K [0x00000000e0000000, 0x0000000100000000)
  region size 1024K, 15 young (15360K), 15 survivors (15360K)
 Metaspace       used 46085K, capacity 47297K, committed 47488K, reserved 294912K
  class space    used 5988K, capacity 6411K, committed 6528K, reserved 253952K
}
Event: 14.842 GC heap before
{Heap before GC invocations=8 (full 0):
 garbage-first heap   total 262144K, used 172590K [0x00000000e0000000, 0x0000000100000000)
  region size 1024K, 153 young (156672K), 15 survivors (15360K)
 Metaspace       used 61278K, capacity 63333K, committed 63488K, reserved 309248K
  class space    used 8209K, capacity 8957K, committed 8960K, reserved 253952K
}
Event: 14.885 GC heap after
{Heap after GC invocations=9 (full 0):
 garbage-first heap   total 262144K, used 42115K [0x00000000e0000000, 0x0000000100000000)
  region size 1024K, 20 young (20480K), 20 survivors (20480K)
 Metaspace       used 61278K, capacity 63333K, committed 63488K, reserved 309248K
  class space    used 8209K, capacity 8957K, committed 8960K, reserved 253952K
}

Deoptimization events (10 events):
Event: 14.886 Thread 0x0000020368fed800 Uncommon trap: reason=null_check action=make_not_entrant pc=0x0000020359404450 method=com.sun.tools.javac.util.UnsharedNameTable.fromUtf([BII)Lcom/sun/tools/javac/util/Name; @ 50 c2
Event: 14.991 Thread 0x0000020368fed800 Uncommon trap: reason=bimorphic_or_optimized_type_check action=maybe_recompile pc=0x000002035957bda4 method=java.util.ArrayList$ArrayListSpliterator.tryAdvance(Ljava/util/function/Consumer;)Z @ 48 c2
Event: 15.101 Thread 0x0000020368fed800 Uncommon trap: reason=class_check action=maybe_recompile pc=0x00000203593f11a8 method=java.util.Collections$SetFromMap.remove(Ljava/lang/Object;)Z @ 5 c2
Event: 15.102 Thread 0x0000020368fed800 Uncommon trap: reason=class_check action=maybe_recompile pc=0x0000020359579cd4 method=java.util.TreeMap.put(Ljava/lang/Object;Ljava/lang/Object;)Ljava/lang/Object; @ 127 c2
Event: 15.103 Thread 0x0000020368fed800 Uncommon trap: reason=class_check action=maybe_recompile pc=0x00000203593f11a8 method=java.util.Collections$SetFromMap.remove(Ljava/lang/Object;)Z @ 5 c2
Event: 15.103 Thread 0x0000020368ff0800 Uncommon trap: reason=class_check action=maybe_recompile pc=0x00000203593f11a8 method=java.util.Collections$SetFromMap.remove(Ljava/lang/Object;)Z @ 5 c2
Event: 15.103 Thread 0x0000020368fed800 Uncommon trap: reason=class_check action=maybe_recompile pc=0x00000203594f5e4c method=java.util.stream.StreamOpFlag.fromCharacteristics(Ljava/util/Spliterator;)I @ 14 c2
Event: 15.116 Thread 0x0000020368fed800 Uncommon trap: reason=class_check action=maybe_recompile pc=0x0000020359579cd4 method=java.util.TreeMap.put(Ljava/lang/Object;Ljava/lang/Object;)Ljava/lang/Object; @ 127 c2
Event: 15.117 Thread 0x0000020368fed800 Uncommon trap: reason=class_check action=maybe_recompile pc=0x00000203594f5e4c method=java.util.stream.StreamOpFlag.fromCharacteristics(Ljava/util/Spliterator;)I @ 14 c2
Event: 15.120 Thread 0x0000020368fed800 Uncommon trap: reason=class_check action=maybe_recompile pc=0x00000203594f5e4c method=java.util.stream.StreamOpFlag.fromCharacteristics(Ljava/util/Spliterator;)I @ 14 c2

Classes redefined (0 events):
No events

Internal exceptions (10 events):
Event: 15.110 Thread 0x000002036796b000 Exception <a 'java/lang/NoSuchMethodError'{0x00000000ef8a2140}: static Lorg/gradle/internal/build/event/types/AbstractTaskResult;.<clinit>()V> (0x00000000ef8a2140) thrown at [./open/src/hotspot/share/prims/jni.cpp, line 1362]
Event: 15.111 Thread 0x000002036796b000 Exception <a 'java/lang/NoSuchMethodError'{0x00000000ef8a3960}: static Lorg/gradle/internal/build/event/types/AbstractResult;.<clinit>()V> (0x00000000ef8a3960) thrown at [./open/src/hotspot/share/prims/jni.cpp, line 1362]
Event: 15.117 Thread 0x000002036796b000 Exception <a 'java/lang/NoSuchMethodError'{0x00000000ef8cd0b0}: static [Ljava/lang/Object;.<clinit>()V> (0x00000000ef8cd0b0) thrown at [./open/src/hotspot/share/prims/jni.cpp, line 1362]
Event: 15.121 Thread 0x000002036796b000 Exception <a 'java/lang/NoSuchMethodError'{0x00000000ef8d6f10}: static Lorg/gradle/internal/build/event/types/DefaultTaskSkippedResult;.<clinit>()V> (0x00000000ef8d6f10) thrown at [./open/src/hotspot/share/prims/jni.cpp, line 1362]
Event: 15.130 Thread 0x0000020368fed800 Exception <a 'java/lang/NoSuchMethodError'{0x00000000ef9d41f8}: java.lang.invoke.DirectMethodHandle$Holder.invokeInterface(Ljava/lang/Object;Ljava/lang/Object;Ljava/lang/Object;Ljava/lang/Object;)V> (0x00000000ef9d41f8) thrown at [./open/src/hotspot/share
Event: 15.180 Thread 0x00000203683f1800 Exception <a 'java/lang/NoSuchMethodError'{0x00000000ef60a180}: java.lang.invoke.DirectMethodHandle$Holder.invokeStatic(Ljava/lang/Object;J)V> (0x00000000ef60a180) thrown at [./open/src/hotspot/share/interpreter/linkResolver.cpp, line 772]
Event: 15.181 Thread 0x00000203683f1800 Exception <a 'java/lang/NoSuchMethodError'{0x00000000ef60f0e8}: java.lang.invoke.DirectMethodHandle$Holder.invokeStatic(Ljava/lang/Object;J)Ljava/lang/Object;> (0x00000000ef60f0e8) thrown at [./open/src/hotspot/share/interpreter/linkResolver.cpp, line 772
Event: 15.181 Thread 0x00000203683f1800 Exception <a 'java/lang/NoSuchMethodError'{0x00000000ef612410}: java.lang.invoke.DirectMethodHandle$Holder.invokeSpecial(Ljava/lang/Object;Ljava/lang/Object;J)Ljava/lang/Object;> (0x00000000ef612410) thrown at [./open/src/hotspot/share/interpreter/linkRes
Event: 15.181 Thread 0x00000203683f1800 Exception <a 'java/lang/NoSuchMethodError'{0x00000000ef615178}: java.lang.invoke.Invokers$Holder.linkToTargetMethod(JLjava/lang/Object;)Ljava/lang/Object;> (0x00000000ef615178) thrown at [./open/src/hotspot/share/interpreter/linkResolver.cpp, line 772]
Event: 15.184 Thread 0x00000203683f1800 Exception <a 'java/lang/NoSuchMethodError'{0x00000000ef61d360}: java.lang.invoke.DirectMethodHandle$Holder.invokeStaticInit(Ljava/lang/Object;Ljava/lang/Object;JLjava/lang/Object;)Ljava/lang/Object;> (0x00000000ef61d360) thrown at [./open/src/hotspot/shar

Events (10 events):
Event: 15.186 loading class org/gradle/util/internal/DisconnectableInputStream$ThreadExecuter
Event: 15.186 loading class org/gradle/util/internal/DisconnectableInputStream$ThreadExecuter done
Event: 15.187 loading class org/gradle/util/internal/DisconnectableInputStream$1
Event: 15.187 loading class org/gradle/util/internal/DisconnectableInputStream$1 done
Event: 15.188 Thread 0x00000203683f2800 Thread added: 0x00000203683f2800
Event: 15.188 loading class org/gradle/process/internal/streams/ExecOutputHandleRunner
Event: 15.188 loading class org/gradle/process/internal/streams/ExecOutputHandleRunner done
Event: 15.191 Thread 0x00000203683f3800 Thread added: 0x00000203683f3800
Event: 15.192 Thread 0x00000203683ef800 Thread added: 0x00000203683ef800
Event: 15.192 Thread 0x00000203683fa000 Thread added: 0x00000203683fa000


Dynamic libraries:
0x00007ff711010000 - 0x00007ff71101f000 	C:\Program Files\Java\jdk-11.0.8\bin\java.exe
0x00007fff19cd0000 - 0x00007fff19ec8000 	C:\Windows\SYSTEM32\ntdll.dll
0x00007fff19950000 - 0x00007fff19a0d000 	C:\Windows\System32\KERNEL32.DLL
0x00007fff177d0000 - 0x00007fff17a9e000 	C:\Windows\System32\KERNELBASE.dll
0x00007fff17aa0000 - 0x00007fff17ba0000 	C:\Windows\System32\ucrtbase.dll
0x00007ffef3d70000 - 0x00007ffef3d85000 	C:\Program Files\Java\jdk-11.0.8\bin\VCRUNTIME140.dll
0x00007ffef3d50000 - 0x00007ffef3d68000 	C:\Program Files\Java\jdk-11.0.8\bin\jli.dll
0x00007fff19b30000 - 0x00007fff19bde000 	C:\Windows\System32\ADVAPI32.dll
0x00007fff17de0000 - 0x00007fff17e7e000 	C:\Windows\System32\msvcrt.dll
0x00007fff19130000 - 0x00007fff191cc000 	C:\Windows\System32\sechost.dll
0x00007fff19000000 - 0x00007fff19125000 	C:\Windows\System32\RPCRT4.dll
0x00007fff18200000 - 0x00007fff183a0000 	C:\Windows\System32\USER32.dll
0x00007fff052c0000 - 0x00007fff0555a000 	C:\Windows\WinSxS\amd64_microsoft.windows.common-controls_6595b64144ccf1df_6.0.19041.1110_none_60b5254171f9507e\COMCTL32.dll
0x00007fff17ba0000 - 0x00007fff17bc2000 	C:\Windows\System32\win32u.dll
0x00007fff191d0000 - 0x00007fff191fa000 	C:\Windows\System32\GDI32.dll
0x00007fff176c0000 - 0x00007fff177cb000 	C:\Windows\System32\gdi32full.dll
0x00007fff17620000 - 0x00007fff176bd000 	C:\Windows\System32\msvcp_win.dll
0x00007fff10940000 - 0x00007fff1094a000 	C:\Windows\SYSTEM32\VERSION.dll
0x00007fff18b60000 - 0x00007fff18b90000 	C:\Windows\System32\IMM32.DLL
0x00007ffeea970000 - 0x00007ffeeaa0b000 	C:\Program Files\Java\jdk-11.0.8\bin\msvcp140.dll
0x00007ffeafe30000 - 0x00007ffeb0916000 	C:\Program Files\Java\jdk-11.0.8\bin\server\jvm.dll
0x00007fff17fe0000 - 0x00007fff17fe8000 	C:\Windows\System32\PSAPI.DLL
0x00007fff0d990000 - 0x00007fff0d9b7000 	C:\Windows\SYSTEM32\WINMM.dll
0x00007fff0f4a0000 - 0x00007fff0f4a9000 	C:\Windows\SYSTEM32\WSOCK32.dll
0x00007fff17f70000 - 0x00007fff17fdb000 	C:\Windows\System32\WS2_32.dll
0x00007fff152e0000 - 0x00007fff152f2000 	C:\Windows\SYSTEM32\kernel.appcore.dll
0x00007fff0f4f0000 - 0x00007fff0f500000 	C:\Program Files\Java\jdk-11.0.8\bin\verify.dll
0x00007fff14920000 - 0x00007fff14b04000 	C:\Windows\SYSTEM32\DBGHELP.DLL
0x00007fff01660000 - 0x00007fff0168c000 	C:\Windows\SYSTEM32\dbgcore.DLL
0x00007fff17590000 - 0x00007fff17612000 	C:\Windows\System32\bcryptPrimitives.dll
0x00007ffeebe80000 - 0x00007ffeebea8000 	C:\Program Files\Java\jdk-11.0.8\bin\java.dll
0x00007ffeff9e0000 - 0x00007ffeff9ea000 	C:\Program Files\Java\jdk-11.0.8\bin\jimage.dll
0x00007ffef3bf0000 - 0x00007ffef3c06000 	C:\Program Files\Java\jdk-11.0.8\bin\zip.dll
0x00007fff19200000 - 0x00007fff19943000 	C:\Windows\System32\SHELL32.dll
0x00007fff154e0000 - 0x00007fff15c75000 	C:\Windows\SYSTEM32\windows.storage.dll
0x00007fff18580000 - 0x00007fff188d4000 	C:\Windows\System32\combase.dll
0x00007fff16e50000 - 0x00007fff16e80000 	C:\Windows\SYSTEM32\Wldp.dll
0x00007fff19be0000 - 0x00007fff19c8d000 	C:\Windows\System32\SHCORE.dll
0x00007fff18510000 - 0x00007fff18565000 	C:\Windows\System32\shlwapi.dll
0x00007fff17330000 - 0x00007fff1734f000 	C:\Windows\SYSTEM32\profapi.dll
0x00007ffef34b0000 - 0x00007ffef34c9000 	C:\Program Files\Java\jdk-11.0.8\bin\net.dll
0x00007fff0cb60000 - 0x00007fff0cc6a000 	C:\Windows\SYSTEM32\WINHTTP.dll
0x00007fff16bb0000 - 0x00007fff16c1a000 	C:\Windows\system32\mswsock.dll
0x00007ffeebe20000 - 0x00007ffeebe32000 	C:\Program Files\Java\jdk-11.0.8\bin\nio.dll
0x00007ffef3eb0000 - 0x00007ffef3ed7000 	C:\Users\Sebastian\.gradle\native\e1d6ef7f7dcc3fd88c89a11ec53ec762bb8ba0a96d01ffa2cd45eb1d1d8dd5c5\windows-amd64\native-platform.dll
0x00007ffed4450000 - 0x00007ffed4594000 	C:\Users\Sebastian\.gradle\native\0d407fdbe67a94daf76414ababcb853783967236a71b16ec16e742cd7a986fd3\windows-amd64\native-platform-file-events.dll
0x00007fff0f1a0000 - 0x00007fff0f1a9000 	C:\Program Files\Java\jdk-11.0.8\bin\management.dll
0x00007fff0f190000 - 0x00007fff0f19b000 	C:\Program Files\Java\jdk-11.0.8\bin\management_ext.dll
0x00007fff16da0000 - 0x00007fff16db8000 	C:\Windows\SYSTEM32\CRYPTSP.dll
0x00007fff164c0000 - 0x00007fff164f4000 	C:\Windows\system32\rsaenh.dll
0x00007fff17560000 - 0x00007fff17587000 	C:\Windows\System32\bcrypt.dll
0x00007fff172b0000 - 0x00007fff172de000 	C:\Windows\SYSTEM32\USERENV.dll
0x00007fff16dc0000 - 0x00007fff16dcc000 	C:\Windows\SYSTEM32\CRYPTBASE.dll
0x00007fff16850000 - 0x00007fff1688b000 	C:\Windows\SYSTEM32\IPHLPAPI.DLL
0x00007fff18570000 - 0x00007fff18578000 	C:\Windows\System32\NSI.dll
0x00007fff10150000 - 0x00007fff10167000 	C:\Windows\SYSTEM32\dhcpcsvc6.DLL
0x00007fff0ff30000 - 0x00007fff0ff4d000 	C:\Windows\SYSTEM32\dhcpcsvc.DLL
0x00007fff16890000 - 0x00007fff1695a000 	C:\Windows\SYSTEM32\DNSAPI.dll

dbghelp: loaded successfully - version: 4.0.5 - missing functions: none
symbol engine: initialized successfully - sym options: 0x614 - pdb path: .;C:\Program Files\Java\jdk-11.0.8\bin;C:\Windows\SYSTEM32;C:\Windows\WinSxS\amd64_microsoft.windows.common-controls_6595b64144ccf1df_6.0.19041.1110_none_60b5254171f9507e;C:\Program Files\Java\jdk-11.0.8\bin\server;C:\Users\Sebastian\.gradle\native\e1d6ef7f7dcc3fd88c89a11ec53ec762bb8ba0a96d01ffa2cd45eb1d1d8dd5c5\windows-amd64;C:\Users\Sebastian\.gradle\native\0d407fdbe67a94daf76414ababcb853783967236a71b16ec16e742cd7a986fd3\windows-amd64

VM Arguments:
jvm_args: --add-opens=java.base/java.util=ALL-UNNAMED --add-opens=java.base/java.lang=ALL-UNNAMED --add-opens=java.base/java.lang.invoke=ALL-UNNAMED --add-opens=java.base/java.util=ALL-UNNAMED --add-opens=java.prefs/java.util.prefs=ALL-UNNAMED --add-opens=java.prefs/java.util.prefs=ALL-UNNAMED --add-opens=java.base/java.nio.charset=ALL-UNNAMED --add-opens=java.base/java.net=ALL-UNNAMED --add-opens=java.base/java.util.concurrent.atomic=ALL-UNNAMED -XX:MaxMetaspaceSize=256m -XX:+HeapDumpOnOutOfMemoryError -Xms256m -Xmx512m -Dfile.encoding=windows-1252 -Duser.country=ES -Duser.language=es -Duser.variant 
java_command: org.gradle.launcher.daemon.bootstrap.GradleDaemon 7.5.1
java_class_path (initial): C:\Users\Sebastian\.gradle\wrapper\dists\gradle-7.5.1-bin\7jzzequgds1hbszbhq3npc5ng\gradle-7.5.1\lib\gradle-launcher-7.5.1.jar
Launcher Type: SUN_STANDARD

[Global flags]
     intx CICompilerCount                          = 4                                         {product} {ergonomic}
   size_t CompressedClassSpaceSize                 = 260046848                                 {product} {ergonomic}
     uint ConcGCThreads                            = 2                                         {product} {ergonomic}
     uint G1ConcRefinementThreads                  = 8                                         {product} {ergonomic}
   size_t G1HeapRegionSize                         = 1048576                                   {product} {ergonomic}
    uintx GCDrainStackTargetSize                   = 64                                        {product} {ergonomic}
     bool HeapDumpOnOutOfMemoryError               = true                                   {manageable} {command line}
   size_t InitialHeapSize                          = 268435456                                 {product} {command line}
   size_t MarkStackSize                            = 4194304                                   {product} {ergonomic}
   size_t MaxHeapSize                              = 536870912                                 {product} {command line}
   size_t MaxMetaspaceSize                         = 268435456                                 {product} {command line}
   size_t MaxNewSize                               = 321912832                                 {product} {ergonomic}
   size_t MinHeapDeltaBytes                        = 1048576                                   {product} {ergonomic}
    uintx NonNMethodCodeHeapSize                   = 5836300                                {pd product} {ergonomic}
    uintx NonProfiledCodeHeapSize                  = 122910970                              {pd product} {ergonomic}
    uintx ProfiledCodeHeapSize                     = 122910970                              {pd product} {ergonomic}
    uintx ReservedCodeCacheSize                    = 251658240                              {pd product} {ergonomic}
     bool SegmentedCodeCache                       = true                                      {product} {ergonomic}
     bool UseCompressedClassPointers               = true                                 {lp64_product} {ergonomic}
     bool UseCompressedOops                        = true                                 {lp64_product} {ergonomic}
     bool UseG1GC                                  = true                                      {product} {ergonomic}
     bool UseLargePagesIndividualAllocation        = false                                  {pd product} {ergonomic}

Logging:
Log output configuration:
 #0: stdout all=warning uptime,level,tags
 #1: stderr all=off uptime,level,tags

Environment Variables:
JAVA_HOME=C:\Program Files\Java\jdk1.8.0_111
PATH=C:\Program Files\Java\jdk-11.0.8\bin;C:\Windows\system32;C:\Windows;C:\Windows\System32\Wbem;C:\Windows\System32\WindowsPowerShell\v1.0\;C:\Windows\System32\OpenSSH\;;C:\Program Files\nodejs;C:\Program Files\Git\cmd;C:\Program Files (x86)\dotnet\;E:\Documents\Semestre 11\Pruebas de la gestion y configuracion-David Mejia\Pruebas\;C:\Program Files\Maven\apache-maven-3.9.2\bin;C:\Program Files\Gradle\gradle-7.6.1\bin;D:\Archivos de Porgrama (x86)\Python\Python311\Scripts\;D:\Archivos de Porgrama (x86)\Python\Python311\;C:\Users\Sebastian\AppData\Local\Programs\Python\Python311\Scripts\;C:\Users\Sebastian\AppData\Local\Programs\Python\Python311\;D:\Archivos de Porgrama (x86)\Ruby27-x64\bin;D:\Archivos de Porgrama (x86)\Python\Python38\Scripts\;D:\Archivos de Porgrama (x86)\Python\Python38\;C:\Users\Sebastian\AppData\Local\Microsoft\WindowsApps;C:\Users\Sebastian\AppData\Local\Programs\Microsoft VS Code\bin;C:\Users\Sebastian\AppData\Roaming\nvm;C:\Program Files\nodejs;C:\Program Files\JetBrains\IntelliJ IDEA Community Edition 2022.3.2\bin;
USERNAME=Sebastian
OS=Windows_NT
PROCESSOR_IDENTIFIER=Intel64 Family 6 Model 142 Stepping 10, GenuineIntel



---------------  S Y S T E M  ---------------

OS: Windows 10 , 64 bit Build 19041 (10.0.19041.1889)

CPU:total 8 (initial active 8) (4 cores per cpu, 2 threads per core) family 6 model 142 stepping 10, cmov, cx8, fxsr, mmx, sse, sse2, sse3, ssse3, sse4.1, sse4.2, popcnt, avx, avx2, aes, clmul, erms, 3dnowpref, lzcnt, ht, tsc, tscinvbit, bmi1, bmi2, adx, fma

Memory: 4k page, system-wide physical 12166M (2359M free)
TotalPageFile size 14214M (AvailPageFile size 4M)
current process WorkingSet (physical memory assigned to process): 406M, peak: 409M
current process commit charge ("private bytes"): 507M, peak: 509M

vm_info: Java HotSpot(TM) 64-Bit Server VM (11.0.8+10-LTS) for windows-amd64 JRE (11.0.8+10-LTS), built on Jun 16 2020 05:53:08 by "mach5one" with unknown MS VC++:1916

END.
